

================================================================
== Vivado HLS Report for 'dct_1d_1'
================================================================
* Date:           Wed Apr 26 22:35:36 2017

* Version:        2016.3 (Build 1682563 on Mon Oct 10 19:41:59 MDT 2016)
* Project:        dct.prj
* Solution:       solution6
* Product family: zynq
* Target device:  xc7z020clg484-1


================================================================
== Performance Estimates
================================================================
+ Timing (ns): 
    * Summary: 
    +--------+-------+----------+------------+
    |  Clock | Target| Estimated| Uncertainty|
    +--------+-------+----------+------------+
    |ap_clk  |  10.00|      9.40|        1.25|
    +--------+-------+----------+------------+

+ Latency (clock cycles): 
    * Summary: 
    +-----+-----+-----+-----+---------+
    |  Latency  |  Interval | Pipeline|
    | min | max | min | max |   Type  |
    +-----+-----+-----+-----+---------+
    |   36|   36|   36|   36|   none  |
    +-----+-----+-----+-----+---------+

    + Detail: 
        * Instance: 
        N/A

        * Loop: 
        +------------------+-----+-----+----------+-----------+-----------+------+----------+
        |                  |  Latency  | Iteration|  Initiation Interval  | Trip |          |
        |     Loop Name    | min | max |  Latency |  achieved |   target  | Count| Pipelined|
        +------------------+-----+-----+----------+-----------+-----------+------+----------+
        |- DCT_Outer_Loop  |   34|   34|         7|          4|          1|     8|    yes   |
        +------------------+-----+-----+----------+-----------+-----------+------+----------+

============================================================
+ Verbose Summary: Synthesis Manager
============================================================
InlineROM: 1
ExposeGlobal: 0
============================================================
+ Verbose Summary: CDFG Model
============================================================
IsTopModel: 0
ResetActiveHigh: 1
IsCombinational: 0
IsDatapathOnly: 0
HasWiredReturn: 1
HasMFsm: 0
HasVarLatency: 1
IsPipeline: 0
IsRtlPipelined: 0
IsInstanceOverlapped: 0
IsDontTouch: 0
HasImplIP: 0
IsGatedGlobalClock: 0

+ Individual pipeline summary: 
  * Pipeline-0: initiation interval (II) = 4, depth = 7


============================================================
+ Verbose Summary: Schedule
============================================================
* Number of FSM states: 9
* Pipeline: 1
  Pipeline-0: II = 4, D = 7, States = { 2 3 4 5 6 7 8 }
* Dataflow Pipeline: 0

* FSM state transitions: 
1 --> 
	2  / true
2 --> 
	9  / (tmp)
	3  / (!tmp)
3 --> 
	4  / true
4 --> 
	5  / true
5 --> 
	6  / true
6 --> 
	7  / true
7 --> 
	8  / true
8 --> 
	2  / true
9 --> 
* FSM state operations: 

 <State 1>: 1.57ns
ST_1: i_2_i1_read (20)  [1/1] 0.00ns
:0  %i_2_i1_read = call i4 @_ssdm_op_Read.ap_auto.i4(i4 %i_2_i1)

ST_1: i_2_i_read (21)  [1/1] 0.00ns
:1  %i_2_i_read = call i4 @_ssdm_op_Read.ap_auto.i4(i4 %i_2_i)

ST_1: tmp_12 (22)  [1/1] 0.00ns
:2  %tmp_12 = call i7 @_ssdm_op_BitConcatenate.i7.i4.i3(i4 %i_2_i1_read, i3 0)

ST_1: tmp_14_cast (23)  [1/1] 0.00ns  loc: resource/lab3/dct.c:4
:3  %tmp_14_cast = zext i7 %tmp_12 to i8

ST_1: tmp_13 (24)  [1/1] 0.00ns
:4  %tmp_13 = trunc i4 %i_2_i_read to i3

ST_1: src_0_addr (25)  [1/1] 0.00ns
:5  %src_0_addr = getelementptr [8 x i16]* %src_0, i32 0, i32 0

ST_1: src_1_addr (26)  [1/1] 0.00ns
:6  %src_1_addr = getelementptr [8 x i16]* %src_1, i32 0, i32 0

ST_1: src_2_addr (27)  [1/1] 0.00ns
:7  %src_2_addr = getelementptr [8 x i16]* %src_2, i32 0, i32 0

ST_1: src_3_addr (28)  [1/1] 0.00ns
:8  %src_3_addr = getelementptr [8 x i16]* %src_3, i32 0, i32 0

ST_1: src_4_addr (29)  [1/1] 0.00ns
:9  %src_4_addr = getelementptr [8 x i16]* %src_4, i32 0, i32 0

ST_1: src_5_addr (30)  [1/1] 0.00ns
:10  %src_5_addr = getelementptr [8 x i16]* %src_5, i32 0, i32 0

ST_1: src_6_addr (31)  [1/1] 0.00ns
:11  %src_6_addr = getelementptr [8 x i16]* %src_6, i32 0, i32 0

ST_1: src_7_addr (32)  [1/1] 0.00ns
:12  %src_7_addr = getelementptr [8 x i16]* %src_7, i32 0, i32 0

ST_1: src_0_addr_1 (33)  [1/1] 0.00ns
:13  %src_0_addr_1 = getelementptr [8 x i16]* %src_0, i32 0, i32 1

ST_1: src_1_addr_1 (34)  [1/1] 0.00ns
:14  %src_1_addr_1 = getelementptr [8 x i16]* %src_1, i32 0, i32 1

ST_1: src_2_addr_1 (35)  [1/1] 0.00ns
:15  %src_2_addr_1 = getelementptr [8 x i16]* %src_2, i32 0, i32 1

ST_1: src_3_addr_1 (36)  [1/1] 0.00ns
:16  %src_3_addr_1 = getelementptr [8 x i16]* %src_3, i32 0, i32 1

ST_1: src_4_addr_1 (37)  [1/1] 0.00ns
:17  %src_4_addr_1 = getelementptr [8 x i16]* %src_4, i32 0, i32 1

ST_1: src_5_addr_1 (38)  [1/1] 0.00ns
:18  %src_5_addr_1 = getelementptr [8 x i16]* %src_5, i32 0, i32 1

ST_1: src_6_addr_1 (39)  [1/1] 0.00ns
:19  %src_6_addr_1 = getelementptr [8 x i16]* %src_6, i32 0, i32 1

ST_1: src_7_addr_1 (40)  [1/1] 0.00ns
:20  %src_7_addr_1 = getelementptr [8 x i16]* %src_7, i32 0, i32 1

ST_1: src_0_addr_2 (41)  [1/1] 0.00ns
:21  %src_0_addr_2 = getelementptr [8 x i16]* %src_0, i32 0, i32 2

ST_1: src_1_addr_2 (42)  [1/1] 0.00ns
:22  %src_1_addr_2 = getelementptr [8 x i16]* %src_1, i32 0, i32 2

ST_1: src_2_addr_2 (43)  [1/1] 0.00ns
:23  %src_2_addr_2 = getelementptr [8 x i16]* %src_2, i32 0, i32 2

ST_1: src_3_addr_2 (44)  [1/1] 0.00ns
:24  %src_3_addr_2 = getelementptr [8 x i16]* %src_3, i32 0, i32 2

ST_1: src_4_addr_2 (45)  [1/1] 0.00ns
:25  %src_4_addr_2 = getelementptr [8 x i16]* %src_4, i32 0, i32 2

ST_1: src_5_addr_2 (46)  [1/1] 0.00ns
:26  %src_5_addr_2 = getelementptr [8 x i16]* %src_5, i32 0, i32 2

ST_1: src_6_addr_2 (47)  [1/1] 0.00ns
:27  %src_6_addr_2 = getelementptr [8 x i16]* %src_6, i32 0, i32 2

ST_1: src_7_addr_2 (48)  [1/1] 0.00ns
:28  %src_7_addr_2 = getelementptr [8 x i16]* %src_7, i32 0, i32 2

ST_1: src_0_addr_3 (49)  [1/1] 0.00ns
:29  %src_0_addr_3 = getelementptr [8 x i16]* %src_0, i32 0, i32 3

ST_1: src_1_addr_3 (50)  [1/1] 0.00ns
:30  %src_1_addr_3 = getelementptr [8 x i16]* %src_1, i32 0, i32 3

ST_1: src_2_addr_3 (51)  [1/1] 0.00ns
:31  %src_2_addr_3 = getelementptr [8 x i16]* %src_2, i32 0, i32 3

ST_1: src_3_addr_3 (52)  [1/1] 0.00ns
:32  %src_3_addr_3 = getelementptr [8 x i16]* %src_3, i32 0, i32 3

ST_1: src_4_addr_3 (53)  [1/1] 0.00ns
:33  %src_4_addr_3 = getelementptr [8 x i16]* %src_4, i32 0, i32 3

ST_1: src_5_addr_3 (54)  [1/1] 0.00ns
:34  %src_5_addr_3 = getelementptr [8 x i16]* %src_5, i32 0, i32 3

ST_1: src_6_addr_3 (55)  [1/1] 0.00ns
:35  %src_6_addr_3 = getelementptr [8 x i16]* %src_6, i32 0, i32 3

ST_1: src_7_addr_3 (56)  [1/1] 0.00ns
:36  %src_7_addr_3 = getelementptr [8 x i16]* %src_7, i32 0, i32 3

ST_1: src_0_addr_4 (57)  [1/1] 0.00ns
:37  %src_0_addr_4 = getelementptr [8 x i16]* %src_0, i32 0, i32 4

ST_1: src_1_addr_4 (58)  [1/1] 0.00ns
:38  %src_1_addr_4 = getelementptr [8 x i16]* %src_1, i32 0, i32 4

ST_1: src_2_addr_4 (59)  [1/1] 0.00ns
:39  %src_2_addr_4 = getelementptr [8 x i16]* %src_2, i32 0, i32 4

ST_1: src_3_addr_4 (60)  [1/1] 0.00ns
:40  %src_3_addr_4 = getelementptr [8 x i16]* %src_3, i32 0, i32 4

ST_1: src_4_addr_4 (61)  [1/1] 0.00ns
:41  %src_4_addr_4 = getelementptr [8 x i16]* %src_4, i32 0, i32 4

ST_1: src_5_addr_4 (62)  [1/1] 0.00ns
:42  %src_5_addr_4 = getelementptr [8 x i16]* %src_5, i32 0, i32 4

ST_1: src_6_addr_4 (63)  [1/1] 0.00ns
:43  %src_6_addr_4 = getelementptr [8 x i16]* %src_6, i32 0, i32 4

ST_1: src_7_addr_4 (64)  [1/1] 0.00ns
:44  %src_7_addr_4 = getelementptr [8 x i16]* %src_7, i32 0, i32 4

ST_1: src_0_addr_5 (65)  [1/1] 0.00ns
:45  %src_0_addr_5 = getelementptr [8 x i16]* %src_0, i32 0, i32 5

ST_1: src_1_addr_5 (66)  [1/1] 0.00ns
:46  %src_1_addr_5 = getelementptr [8 x i16]* %src_1, i32 0, i32 5

ST_1: src_2_addr_5 (67)  [1/1] 0.00ns
:47  %src_2_addr_5 = getelementptr [8 x i16]* %src_2, i32 0, i32 5

ST_1: src_3_addr_5 (68)  [1/1] 0.00ns
:48  %src_3_addr_5 = getelementptr [8 x i16]* %src_3, i32 0, i32 5

ST_1: src_4_addr_5 (69)  [1/1] 0.00ns
:49  %src_4_addr_5 = getelementptr [8 x i16]* %src_4, i32 0, i32 5

ST_1: src_5_addr_5 (70)  [1/1] 0.00ns
:50  %src_5_addr_5 = getelementptr [8 x i16]* %src_5, i32 0, i32 5

ST_1: src_6_addr_5 (71)  [1/1] 0.00ns
:51  %src_6_addr_5 = getelementptr [8 x i16]* %src_6, i32 0, i32 5

ST_1: src_7_addr_5 (72)  [1/1] 0.00ns
:52  %src_7_addr_5 = getelementptr [8 x i16]* %src_7, i32 0, i32 5

ST_1: src_0_addr_6 (73)  [1/1] 0.00ns
:53  %src_0_addr_6 = getelementptr [8 x i16]* %src_0, i32 0, i32 6

ST_1: src_1_addr_6 (74)  [1/1] 0.00ns
:54  %src_1_addr_6 = getelementptr [8 x i16]* %src_1, i32 0, i32 6

ST_1: src_2_addr_6 (75)  [1/1] 0.00ns
:55  %src_2_addr_6 = getelementptr [8 x i16]* %src_2, i32 0, i32 6

ST_1: src_3_addr_6 (76)  [1/1] 0.00ns
:56  %src_3_addr_6 = getelementptr [8 x i16]* %src_3, i32 0, i32 6

ST_1: src_4_addr_6 (77)  [1/1] 0.00ns
:57  %src_4_addr_6 = getelementptr [8 x i16]* %src_4, i32 0, i32 6

ST_1: src_5_addr_6 (78)  [1/1] 0.00ns
:58  %src_5_addr_6 = getelementptr [8 x i16]* %src_5, i32 0, i32 6

ST_1: src_6_addr_6 (79)  [1/1] 0.00ns
:59  %src_6_addr_6 = getelementptr [8 x i16]* %src_6, i32 0, i32 6

ST_1: src_7_addr_6 (80)  [1/1] 0.00ns
:60  %src_7_addr_6 = getelementptr [8 x i16]* %src_7, i32 0, i32 6

ST_1: src_0_addr_7 (81)  [1/1] 0.00ns
:61  %src_0_addr_7 = getelementptr [8 x i16]* %src_0, i32 0, i32 7

ST_1: src_1_addr_7 (82)  [1/1] 0.00ns
:62  %src_1_addr_7 = getelementptr [8 x i16]* %src_1, i32 0, i32 7

ST_1: src_2_addr_7 (83)  [1/1] 0.00ns
:63  %src_2_addr_7 = getelementptr [8 x i16]* %src_2, i32 0, i32 7

ST_1: src_3_addr_7 (84)  [1/1] 0.00ns
:64  %src_3_addr_7 = getelementptr [8 x i16]* %src_3, i32 0, i32 7

ST_1: src_4_addr_7 (85)  [1/1] 0.00ns
:65  %src_4_addr_7 = getelementptr [8 x i16]* %src_4, i32 0, i32 7

ST_1: src_5_addr_7 (86)  [1/1] 0.00ns
:66  %src_5_addr_7 = getelementptr [8 x i16]* %src_5, i32 0, i32 7

ST_1: src_6_addr_7 (87)  [1/1] 0.00ns
:67  %src_6_addr_7 = getelementptr [8 x i16]* %src_6, i32 0, i32 7

ST_1: src_7_addr_7 (88)  [1/1] 0.00ns
:68  %src_7_addr_7 = getelementptr [8 x i16]* %src_7, i32 0, i32 7

ST_1: StgValue_79 (89)  [1/1] 1.57ns  loc: resource/lab3/dct.c:13
:69  br label %1


 <State 2>: 2.39ns
ST_2: k (91)  [1/1] 0.00ns
:0  %k = phi i4 [ 0, %0 ], [ %k_1, %2 ]

ST_2: tmp (92)  [1/1] 1.88ns  loc: resource/lab3/dct.c:13
:1  %tmp = icmp eq i4 %k, -8

ST_2: k_1 (93)  [1/1] 0.80ns  loc: resource/lab3/dct.c:13
:2  %k_1 = add i4 %k, 1

ST_2: StgValue_83 (94)  [1/1] 0.00ns  loc: resource/lab3/dct.c:13
:3  br i1 %tmp, label %3, label %2

ST_2: k_cast1 (96)  [1/1] 0.00ns  loc: resource/lab3/dct.c:13
:0  %k_cast1 = zext i4 %k to i32

ST_2: k_cast1_cast (97)  [1/1] 0.00ns  loc: resource/lab3/dct.c:19
:1  %k_cast1_cast = zext i4 %k to i8

ST_2: tmp_14 (98)  [1/1] 1.72ns  loc: resource/lab3/dct.c:19
:2  %tmp_14 = add i8 %tmp_14_cast, %k_cast1_cast

ST_2: dct_coeff_table_13_a (119)  [1/1] 0.00ns  loc: resource/lab3/dct.c:16
:23  %dct_coeff_table_13_a = getelementptr [8 x i15]* @dct_coeff_table_13, i32 0, i32 %k_cast1

ST_2: dct_coeff_table_13_l (120)  [2/2] 2.39ns  loc: resource/lab3/dct.c:16
:24  %dct_coeff_table_13_l = load i15* %dct_coeff_table_13_a, align 2

ST_2: src_0_load_1 (122)  [2/2] 2.39ns
:26  %src_0_load_1 = load i16* %src_0_addr_1, align 2

ST_2: src_1_load_1 (123)  [2/2] 2.39ns
:27  %src_1_load_1 = load i16* %src_1_addr_1, align 2

ST_2: src_2_load_1 (124)  [2/2] 2.39ns
:28  %src_2_load_1 = load i16* %src_2_addr_1, align 2

ST_2: src_3_load_1 (125)  [2/2] 2.39ns
:29  %src_3_load_1 = load i16* %src_3_addr_1, align 2

ST_2: src_4_load_1 (126)  [2/2] 2.39ns
:30  %src_4_load_1 = load i16* %src_4_addr_1, align 2

ST_2: src_5_load_1 (127)  [2/2] 2.39ns
:31  %src_5_load_1 = load i16* %src_5_addr_1, align 2

ST_2: src_6_load_1 (128)  [2/2] 2.39ns
:32  %src_6_load_1 = load i16* %src_6_addr_1, align 2

ST_2: src_7_load_1 (129)  [2/2] 2.39ns
:33  %src_7_load_1 = load i16* %src_7_addr_1, align 2

ST_2: dct_coeff_table_11_a (147)  [1/1] 0.00ns  loc: resource/lab3/dct.c:16
:51  %dct_coeff_table_11_a = getelementptr [8 x i15]* @dct_coeff_table_11, i32 0, i32 %k_cast1

ST_2: dct_coeff_table_11_l (148)  [2/2] 2.39ns  loc: resource/lab3/dct.c:16
:52  %dct_coeff_table_11_l = load i15* %dct_coeff_table_11_a, align 2

ST_2: src_0_load_3 (150)  [2/2] 2.39ns
:54  %src_0_load_3 = load i16* %src_0_addr_3, align 2

ST_2: src_1_load_3 (151)  [2/2] 2.39ns
:55  %src_1_load_3 = load i16* %src_1_addr_3, align 2

ST_2: src_2_load_3 (152)  [2/2] 2.39ns
:56  %src_2_load_3 = load i16* %src_2_addr_3, align 2

ST_2: src_3_load_3 (153)  [2/2] 2.39ns
:57  %src_3_load_3 = load i16* %src_3_addr_3, align 2

ST_2: src_4_load_3 (154)  [2/2] 2.39ns
:58  %src_4_load_3 = load i16* %src_4_addr_3, align 2

ST_2: src_5_load_3 (155)  [2/2] 2.39ns
:59  %src_5_load_3 = load i16* %src_5_addr_3, align 2

ST_2: src_6_load_3 (156)  [2/2] 2.39ns
:60  %src_6_load_3 = load i16* %src_6_addr_3, align 2

ST_2: src_7_load_3 (157)  [2/2] 2.39ns
:61  %src_7_load_3 = load i16* %src_7_addr_3, align 2


 <State 3>: 4.33ns
ST_3: dct_coeff_table_14_a (105)  [1/1] 0.00ns  loc: resource/lab3/dct.c:16
:9  %dct_coeff_table_14_a = getelementptr [8 x i14]* @dct_coeff_table_14, i32 0, i32 %k_cast1

ST_3: dct_coeff_table_14_l (106)  [2/2] 2.39ns  loc: resource/lab3/dct.c:16
:10  %dct_coeff_table_14_l = load i14* %dct_coeff_table_14_a, align 2

ST_3: src_0_load (108)  [2/2] 2.39ns
:12  %src_0_load = load i16* %src_0_addr, align 2

ST_3: src_1_load (109)  [2/2] 2.39ns
:13  %src_1_load = load i16* %src_1_addr, align 2

ST_3: src_2_load (110)  [2/2] 2.39ns
:14  %src_2_load = load i16* %src_2_addr, align 2

ST_3: src_3_load (111)  [2/2] 2.39ns
:15  %src_3_load = load i16* %src_3_addr, align 2

ST_3: src_4_load (112)  [2/2] 2.39ns
:16  %src_4_load = load i16* %src_4_addr, align 2

ST_3: src_5_load (113)  [2/2] 2.39ns
:17  %src_5_load = load i16* %src_5_addr, align 2

ST_3: src_6_load (114)  [2/2] 2.39ns
:18  %src_6_load = load i16* %src_6_addr, align 2

ST_3: src_7_load (115)  [2/2] 2.39ns
:19  %src_7_load = load i16* %src_7_addr, align 2

ST_3: dct_coeff_table_13_l (120)  [1/2] 2.39ns  loc: resource/lab3/dct.c:16
:24  %dct_coeff_table_13_l = load i15* %dct_coeff_table_13_a, align 2

ST_3: src_0_load_1 (122)  [1/2] 2.39ns
:26  %src_0_load_1 = load i16* %src_0_addr_1, align 2

ST_3: src_1_load_1 (123)  [1/2] 2.39ns
:27  %src_1_load_1 = load i16* %src_1_addr_1, align 2

ST_3: src_2_load_1 (124)  [1/2] 2.39ns
:28  %src_2_load_1 = load i16* %src_2_addr_1, align 2

ST_3: src_3_load_1 (125)  [1/2] 2.39ns
:29  %src_3_load_1 = load i16* %src_3_addr_1, align 2

ST_3: src_4_load_1 (126)  [1/2] 2.39ns
:30  %src_4_load_1 = load i16* %src_4_addr_1, align 2

ST_3: src_5_load_1 (127)  [1/2] 2.39ns
:31  %src_5_load_1 = load i16* %src_5_addr_1, align 2

ST_3: src_6_load_1 (128)  [1/2] 2.39ns
:32  %src_6_load_1 = load i16* %src_6_addr_1, align 2

ST_3: src_7_load_1 (129)  [1/2] 2.39ns
:33  %src_7_load_1 = load i16* %src_7_addr_1, align 2

ST_3: tmp_4 (130)  [1/1] 1.94ns
:34  %tmp_4 = call i16 @_ssdm_op_Mux.ap_auto.8i16.i3(i16 %src_0_load_1, i16 %src_1_load_1, i16 %src_2_load_1, i16 %src_3_load_1, i16 %src_4_load_1, i16 %src_5_load_1, i16 %src_6_load_1, i16 %src_7_load_1, i3 %tmp_13)

ST_3: dct_coeff_table_11_l (148)  [1/2] 2.39ns  loc: resource/lab3/dct.c:16
:52  %dct_coeff_table_11_l = load i15* %dct_coeff_table_11_a, align 2

ST_3: src_0_load_3 (150)  [1/2] 2.39ns
:54  %src_0_load_3 = load i16* %src_0_addr_3, align 2

ST_3: src_1_load_3 (151)  [1/2] 2.39ns
:55  %src_1_load_3 = load i16* %src_1_addr_3, align 2

ST_3: src_2_load_3 (152)  [1/2] 2.39ns
:56  %src_2_load_3 = load i16* %src_2_addr_3, align 2

ST_3: src_3_load_3 (153)  [1/2] 2.39ns
:57  %src_3_load_3 = load i16* %src_3_addr_3, align 2

ST_3: src_4_load_3 (154)  [1/2] 2.39ns
:58  %src_4_load_3 = load i16* %src_4_addr_3, align 2

ST_3: src_5_load_3 (155)  [1/2] 2.39ns
:59  %src_5_load_3 = load i16* %src_5_addr_3, align 2

ST_3: src_6_load_3 (156)  [1/2] 2.39ns
:60  %src_6_load_3 = load i16* %src_6_addr_3, align 2

ST_3: src_7_load_3 (157)  [1/2] 2.39ns
:61  %src_7_load_3 = load i16* %src_7_addr_3, align 2

ST_3: tmp_7 (158)  [1/1] 1.94ns
:62  %tmp_7 = call i16 @_ssdm_op_Mux.ap_auto.8i16.i3(i16 %src_0_load_3, i16 %src_1_load_3, i16 %src_2_load_3, i16 %src_3_load_3, i16 %src_4_load_3, i16 %src_5_load_3, i16 %src_6_load_3, i16 %src_7_load_3, i3 %tmp_13)

ST_3: dct_coeff_table_9_ad (175)  [1/1] 0.00ns  loc: resource/lab3/dct.c:16
:79  %dct_coeff_table_9_ad = getelementptr [8 x i15]* @dct_coeff_table_9, i32 0, i32 %k_cast1

ST_3: dct_coeff_table_9_lo (176)  [2/2] 2.39ns  loc: resource/lab3/dct.c:16
:80  %dct_coeff_table_9_lo = load i15* %dct_coeff_table_9_ad, align 2

ST_3: src_0_load_5 (178)  [2/2] 2.39ns
:82  %src_0_load_5 = load i16* %src_0_addr_5, align 2

ST_3: src_1_load_5 (179)  [2/2] 2.39ns
:83  %src_1_load_5 = load i16* %src_1_addr_5, align 2

ST_3: src_2_load_5 (180)  [2/2] 2.39ns
:84  %src_2_load_5 = load i16* %src_2_addr_5, align 2

ST_3: src_3_load_5 (181)  [2/2] 2.39ns
:85  %src_3_load_5 = load i16* %src_3_addr_5, align 2

ST_3: src_4_load_5 (182)  [2/2] 2.39ns
:86  %src_4_load_5 = load i16* %src_4_addr_5, align 2

ST_3: src_5_load_5 (183)  [2/2] 2.39ns
:87  %src_5_load_5 = load i16* %src_5_addr_5, align 2

ST_3: src_6_load_5 (184)  [2/2] 2.39ns
:88  %src_6_load_5 = load i16* %src_6_addr_5, align 2

ST_3: src_7_load_5 (185)  [2/2] 2.39ns
:89  %src_7_load_5 = load i16* %src_7_addr_5, align 2


 <State 4>: 6.38ns
ST_4: dct_coeff_table_14_l (106)  [1/2] 2.39ns  loc: resource/lab3/dct.c:16
:10  %dct_coeff_table_14_l = load i14* %dct_coeff_table_14_a, align 2

ST_4: src_0_load (108)  [1/2] 2.39ns
:12  %src_0_load = load i16* %src_0_addr, align 2

ST_4: src_1_load (109)  [1/2] 2.39ns
:13  %src_1_load = load i16* %src_1_addr, align 2

ST_4: src_2_load (110)  [1/2] 2.39ns
:14  %src_2_load = load i16* %src_2_addr, align 2

ST_4: src_3_load (111)  [1/2] 2.39ns
:15  %src_3_load = load i16* %src_3_addr, align 2

ST_4: src_4_load (112)  [1/2] 2.39ns
:16  %src_4_load = load i16* %src_4_addr, align 2

ST_4: src_5_load (113)  [1/2] 2.39ns
:17  %src_5_load = load i16* %src_5_addr, align 2

ST_4: src_6_load (114)  [1/2] 2.39ns
:18  %src_6_load = load i16* %src_6_addr, align 2

ST_4: src_7_load (115)  [1/2] 2.39ns
:19  %src_7_load = load i16* %src_7_addr, align 2

ST_4: tmp_2 (116)  [1/1] 1.94ns
:20  %tmp_2 = call i16 @_ssdm_op_Mux.ap_auto.8i16.i3(i16 %src_0_load, i16 %src_1_load, i16 %src_2_load, i16 %src_3_load, i16 %src_4_load, i16 %src_5_load, i16 %src_6_load, i16 %src_7_load, i3 %tmp_13)

ST_4: coeff_1_cast (121)  [1/1] 0.00ns  loc: resource/lab3/dct.c:16
:25  %coeff_1_cast = sext i15 %dct_coeff_table_13_l to i29

ST_4: tmp_2_1_cast (131)  [1/1] 0.00ns  loc: resource/lab3/dct.c:17
:35  %tmp_2_1_cast = sext i16 %tmp_4 to i29

ST_4: tmp_3_1 (132)  [1/1] 6.38ns  loc: resource/lab3/dct.c:17
:36  %tmp_3_1 = mul i29 %coeff_1_cast, %tmp_2_1_cast

ST_4: dct_coeff_table_12_a (133)  [1/1] 0.00ns  loc: resource/lab3/dct.c:16
:37  %dct_coeff_table_12_a = getelementptr [8 x i15]* @dct_coeff_table_12, i32 0, i32 %k_cast1

ST_4: dct_coeff_table_12_l (134)  [2/2] 2.39ns  loc: resource/lab3/dct.c:16
:38  %dct_coeff_table_12_l = load i15* %dct_coeff_table_12_a, align 2

ST_4: src_0_load_2 (136)  [2/2] 2.39ns
:40  %src_0_load_2 = load i16* %src_0_addr_2, align 2

ST_4: src_1_load_2 (137)  [2/2] 2.39ns
:41  %src_1_load_2 = load i16* %src_1_addr_2, align 2

ST_4: src_2_load_2 (138)  [2/2] 2.39ns
:42  %src_2_load_2 = load i16* %src_2_addr_2, align 2

ST_4: src_3_load_2 (139)  [2/2] 2.39ns
:43  %src_3_load_2 = load i16* %src_3_addr_2, align 2

ST_4: src_4_load_2 (140)  [2/2] 2.39ns
:44  %src_4_load_2 = load i16* %src_4_addr_2, align 2

ST_4: src_5_load_2 (141)  [2/2] 2.39ns
:45  %src_5_load_2 = load i16* %src_5_addr_2, align 2

ST_4: src_6_load_2 (142)  [2/2] 2.39ns
:46  %src_6_load_2 = load i16* %src_6_addr_2, align 2

ST_4: src_7_load_2 (143)  [2/2] 2.39ns
:47  %src_7_load_2 = load i16* %src_7_addr_2, align 2

ST_4: coeff_3_cast (149)  [1/1] 0.00ns  loc: resource/lab3/dct.c:16
:53  %coeff_3_cast = sext i15 %dct_coeff_table_11_l to i29

ST_4: tmp_2_3_cast (159)  [1/1] 0.00ns  loc: resource/lab3/dct.c:17
:63  %tmp_2_3_cast = sext i16 %tmp_7 to i29

ST_4: tmp_3_3 (160)  [1/1] 6.38ns  loc: resource/lab3/dct.c:17
:64  %tmp_3_3 = mul i29 %coeff_3_cast, %tmp_2_3_cast

ST_4: dct_coeff_table_10_a (161)  [1/1] 0.00ns  loc: resource/lab3/dct.c:16
:65  %dct_coeff_table_10_a = getelementptr [8 x i15]* @dct_coeff_table_10, i32 0, i32 %k_cast1

ST_4: dct_coeff_table_10_l (162)  [2/2] 2.39ns  loc: resource/lab3/dct.c:16
:66  %dct_coeff_table_10_l = load i15* %dct_coeff_table_10_a, align 2

ST_4: src_0_load_4 (164)  [2/2] 2.39ns
:68  %src_0_load_4 = load i16* %src_0_addr_4, align 2

ST_4: src_1_load_4 (165)  [2/2] 2.39ns
:69  %src_1_load_4 = load i16* %src_1_addr_4, align 2

ST_4: src_2_load_4 (166)  [2/2] 2.39ns
:70  %src_2_load_4 = load i16* %src_2_addr_4, align 2

ST_4: src_3_load_4 (167)  [2/2] 2.39ns
:71  %src_3_load_4 = load i16* %src_3_addr_4, align 2

ST_4: src_4_load_4 (168)  [2/2] 2.39ns
:72  %src_4_load_4 = load i16* %src_4_addr_4, align 2

ST_4: src_5_load_4 (169)  [2/2] 2.39ns
:73  %src_5_load_4 = load i16* %src_5_addr_4, align 2

ST_4: src_6_load_4 (170)  [2/2] 2.39ns
:74  %src_6_load_4 = load i16* %src_6_addr_4, align 2

ST_4: src_7_load_4 (171)  [2/2] 2.39ns
:75  %src_7_load_4 = load i16* %src_7_addr_4, align 2

ST_4: dct_coeff_table_9_lo (176)  [1/2] 2.39ns  loc: resource/lab3/dct.c:16
:80  %dct_coeff_table_9_lo = load i15* %dct_coeff_table_9_ad, align 2

ST_4: src_0_load_5 (178)  [1/2] 2.39ns
:82  %src_0_load_5 = load i16* %src_0_addr_5, align 2

ST_4: src_1_load_5 (179)  [1/2] 2.39ns
:83  %src_1_load_5 = load i16* %src_1_addr_5, align 2

ST_4: src_2_load_5 (180)  [1/2] 2.39ns
:84  %src_2_load_5 = load i16* %src_2_addr_5, align 2

ST_4: src_3_load_5 (181)  [1/2] 2.39ns
:85  %src_3_load_5 = load i16* %src_3_addr_5, align 2

ST_4: src_4_load_5 (182)  [1/2] 2.39ns
:86  %src_4_load_5 = load i16* %src_4_addr_5, align 2

ST_4: src_5_load_5 (183)  [1/2] 2.39ns
:87  %src_5_load_5 = load i16* %src_5_addr_5, align 2

ST_4: src_6_load_5 (184)  [1/2] 2.39ns
:88  %src_6_load_5 = load i16* %src_6_addr_5, align 2

ST_4: src_7_load_5 (185)  [1/2] 2.39ns
:89  %src_7_load_5 = load i16* %src_7_addr_5, align 2

ST_4: tmp_s (186)  [1/1] 1.94ns
:90  %tmp_s = call i16 @_ssdm_op_Mux.ap_auto.8i16.i3(i16 %src_0_load_5, i16 %src_1_load_5, i16 %src_2_load_5, i16 %src_3_load_5, i16 %src_4_load_5, i16 %src_5_load_5, i16 %src_6_load_5, i16 %src_7_load_5, i3 %tmp_13)

ST_4: dct_coeff_table_8_ad (189)  [1/1] 0.00ns  loc: resource/lab3/dct.c:16
:93  %dct_coeff_table_8_ad = getelementptr [8 x i15]* @dct_coeff_table_8, i32 0, i32 %k_cast1

ST_4: dct_coeff_table_8_lo (190)  [2/2] 2.39ns  loc: resource/lab3/dct.c:16
:94  %dct_coeff_table_8_lo = load i15* %dct_coeff_table_8_ad, align 2

ST_4: dct_coeff_table_addr (203)  [1/1] 0.00ns  loc: resource/lab3/dct.c:16
:107  %dct_coeff_table_addr = getelementptr [8 x i15]* @dct_coeff_table, i32 0, i32 %k_cast1

ST_4: dct_coeff_table_load (204)  [2/2] 2.39ns  loc: resource/lab3/dct.c:16
:108  %dct_coeff_table_load = load i15* %dct_coeff_table_addr, align 2


 <State 5>: 6.38ns
ST_5: coeff_cast (107)  [1/1] 0.00ns  loc: resource/lab3/dct.c:16
:11  %coeff_cast = zext i14 %dct_coeff_table_14_l to i29

ST_5: tmp_2_cast (117)  [1/1] 0.00ns  loc: resource/lab3/dct.c:17
:21  %tmp_2_cast = sext i16 %tmp_2 to i29

ST_5: tmp_3 (118)  [1/1] 3.36ns  loc: resource/lab3/dct.c:17
:22  %tmp_3 = mul i29 %coeff_cast, %tmp_2_cast

ST_5: dct_coeff_table_12_l (134)  [1/2] 2.39ns  loc: resource/lab3/dct.c:16
:38  %dct_coeff_table_12_l = load i15* %dct_coeff_table_12_a, align 2

ST_5: src_0_load_2 (136)  [1/2] 2.39ns
:40  %src_0_load_2 = load i16* %src_0_addr_2, align 2

ST_5: src_1_load_2 (137)  [1/2] 2.39ns
:41  %src_1_load_2 = load i16* %src_1_addr_2, align 2

ST_5: src_2_load_2 (138)  [1/2] 2.39ns
:42  %src_2_load_2 = load i16* %src_2_addr_2, align 2

ST_5: src_3_load_2 (139)  [1/2] 2.39ns
:43  %src_3_load_2 = load i16* %src_3_addr_2, align 2

ST_5: src_4_load_2 (140)  [1/2] 2.39ns
:44  %src_4_load_2 = load i16* %src_4_addr_2, align 2

ST_5: src_5_load_2 (141)  [1/2] 2.39ns
:45  %src_5_load_2 = load i16* %src_5_addr_2, align 2

ST_5: src_6_load_2 (142)  [1/2] 2.39ns
:46  %src_6_load_2 = load i16* %src_6_addr_2, align 2

ST_5: src_7_load_2 (143)  [1/2] 2.39ns
:47  %src_7_load_2 = load i16* %src_7_addr_2, align 2

ST_5: tmp_6 (144)  [1/1] 1.94ns
:48  %tmp_6 = call i16 @_ssdm_op_Mux.ap_auto.8i16.i3(i16 %src_0_load_2, i16 %src_1_load_2, i16 %src_2_load_2, i16 %src_3_load_2, i16 %src_4_load_2, i16 %src_5_load_2, i16 %src_6_load_2, i16 %src_7_load_2, i3 %tmp_13)

ST_5: dct_coeff_table_10_l (162)  [1/2] 2.39ns  loc: resource/lab3/dct.c:16
:66  %dct_coeff_table_10_l = load i15* %dct_coeff_table_10_a, align 2

ST_5: src_0_load_4 (164)  [1/2] 2.39ns
:68  %src_0_load_4 = load i16* %src_0_addr_4, align 2

ST_5: src_1_load_4 (165)  [1/2] 2.39ns
:69  %src_1_load_4 = load i16* %src_1_addr_4, align 2

ST_5: src_2_load_4 (166)  [1/2] 2.39ns
:70  %src_2_load_4 = load i16* %src_2_addr_4, align 2

ST_5: src_3_load_4 (167)  [1/2] 2.39ns
:71  %src_3_load_4 = load i16* %src_3_addr_4, align 2

ST_5: src_4_load_4 (168)  [1/2] 2.39ns
:72  %src_4_load_4 = load i16* %src_4_addr_4, align 2

ST_5: src_5_load_4 (169)  [1/2] 2.39ns
:73  %src_5_load_4 = load i16* %src_5_addr_4, align 2

ST_5: src_6_load_4 (170)  [1/2] 2.39ns
:74  %src_6_load_4 = load i16* %src_6_addr_4, align 2

ST_5: src_7_load_4 (171)  [1/2] 2.39ns
:75  %src_7_load_4 = load i16* %src_7_addr_4, align 2

ST_5: tmp_8 (172)  [1/1] 1.94ns
:76  %tmp_8 = call i16 @_ssdm_op_Mux.ap_auto.8i16.i3(i16 %src_0_load_4, i16 %src_1_load_4, i16 %src_2_load_4, i16 %src_3_load_4, i16 %src_4_load_4, i16 %src_5_load_4, i16 %src_6_load_4, i16 %src_7_load_4, i3 %tmp_13)

ST_5: coeff_5_cast (177)  [1/1] 0.00ns  loc: resource/lab3/dct.c:16
:81  %coeff_5_cast = sext i15 %dct_coeff_table_9_lo to i29

ST_5: tmp_2_5_cast (187)  [1/1] 0.00ns  loc: resource/lab3/dct.c:17
:91  %tmp_2_5_cast = sext i16 %tmp_s to i29

ST_5: tmp_3_5 (188)  [1/1] 6.38ns  loc: resource/lab3/dct.c:17
:92  %tmp_3_5 = mul i29 %coeff_5_cast, %tmp_2_5_cast

ST_5: dct_coeff_table_8_lo (190)  [1/2] 2.39ns  loc: resource/lab3/dct.c:16
:94  %dct_coeff_table_8_lo = load i15* %dct_coeff_table_8_ad, align 2

ST_5: src_0_load_6 (192)  [2/2] 2.39ns
:96  %src_0_load_6 = load i16* %src_0_addr_6, align 2

ST_5: src_1_load_6 (193)  [2/2] 2.39ns
:97  %src_1_load_6 = load i16* %src_1_addr_6, align 2

ST_5: src_2_load_6 (194)  [2/2] 2.39ns
:98  %src_2_load_6 = load i16* %src_2_addr_6, align 2

ST_5: src_3_load_6 (195)  [2/2] 2.39ns
:99  %src_3_load_6 = load i16* %src_3_addr_6, align 2

ST_5: src_4_load_6 (196)  [2/2] 2.39ns
:100  %src_4_load_6 = load i16* %src_4_addr_6, align 2

ST_5: src_5_load_6 (197)  [2/2] 2.39ns
:101  %src_5_load_6 = load i16* %src_5_addr_6, align 2

ST_5: src_6_load_6 (198)  [2/2] 2.39ns
:102  %src_6_load_6 = load i16* %src_6_addr_6, align 2

ST_5: src_7_load_6 (199)  [2/2] 2.39ns
:103  %src_7_load_6 = load i16* %src_7_addr_6, align 2

ST_5: dct_coeff_table_load (204)  [1/2] 2.39ns  loc: resource/lab3/dct.c:16
:108  %dct_coeff_table_load = load i15* %dct_coeff_table_addr, align 2

ST_5: src_0_load_7 (206)  [2/2] 2.39ns
:110  %src_0_load_7 = load i16* %src_0_addr_7, align 2

ST_5: src_1_load_7 (207)  [2/2] 2.39ns
:111  %src_1_load_7 = load i16* %src_1_addr_7, align 2

ST_5: src_2_load_7 (208)  [2/2] 2.39ns
:112  %src_2_load_7 = load i16* %src_2_addr_7, align 2

ST_5: src_3_load_7 (209)  [2/2] 2.39ns
:113  %src_3_load_7 = load i16* %src_3_addr_7, align 2

ST_5: src_4_load_7 (210)  [2/2] 2.39ns
:114  %src_4_load_7 = load i16* %src_4_addr_7, align 2

ST_5: src_5_load_7 (211)  [2/2] 2.39ns
:115  %src_5_load_7 = load i16* %src_5_addr_7, align 2

ST_5: src_6_load_7 (212)  [2/2] 2.39ns
:116  %src_6_load_7 = load i16* %src_6_addr_7, align 2

ST_5: src_7_load_7 (213)  [2/2] 2.39ns
:117  %src_7_load_7 = load i16* %src_7_addr_7, align 2

ST_5: tmp2 (217)  [1/1] 3.02ns  loc: resource/lab3/dct.c:19
:121  %tmp2 = add i29 %tmp_3_1, %tmp_3


 <State 6>: 8.82ns
ST_6: coeff_2_cast (135)  [1/1] 0.00ns  loc: resource/lab3/dct.c:16
:39  %coeff_2_cast = sext i15 %dct_coeff_table_12_l to i29

ST_6: tmp_2_2_cast (145)  [1/1] 0.00ns  loc: resource/lab3/dct.c:17
:49  %tmp_2_2_cast = sext i16 %tmp_6 to i29

ST_6: tmp_3_2 (146)  [1/1] 3.36ns  loc: resource/lab3/dct.c:17
:50  %tmp_3_2 = mul i29 %coeff_2_cast, %tmp_2_2_cast

ST_6: coeff_4_cast (163)  [1/1] 0.00ns  loc: resource/lab3/dct.c:16
:67  %coeff_4_cast = sext i15 %dct_coeff_table_10_l to i29

ST_6: tmp_2_4_cast (173)  [1/1] 0.00ns  loc: resource/lab3/dct.c:17
:77  %tmp_2_4_cast = sext i16 %tmp_8 to i29

ST_6: tmp_3_4 (174)  [1/1] 3.36ns  loc: resource/lab3/dct.c:17
:78  %tmp_3_4 = mul i29 %coeff_4_cast, %tmp_2_4_cast

ST_6: src_0_load_6 (192)  [1/2] 2.39ns
:96  %src_0_load_6 = load i16* %src_0_addr_6, align 2

ST_6: src_1_load_6 (193)  [1/2] 2.39ns
:97  %src_1_load_6 = load i16* %src_1_addr_6, align 2

ST_6: src_2_load_6 (194)  [1/2] 2.39ns
:98  %src_2_load_6 = load i16* %src_2_addr_6, align 2

ST_6: src_3_load_6 (195)  [1/2] 2.39ns
:99  %src_3_load_6 = load i16* %src_3_addr_6, align 2

ST_6: src_4_load_6 (196)  [1/2] 2.39ns
:100  %src_4_load_6 = load i16* %src_4_addr_6, align 2

ST_6: src_5_load_6 (197)  [1/2] 2.39ns
:101  %src_5_load_6 = load i16* %src_5_addr_6, align 2

ST_6: src_6_load_6 (198)  [1/2] 2.39ns
:102  %src_6_load_6 = load i16* %src_6_addr_6, align 2

ST_6: src_7_load_6 (199)  [1/2] 2.39ns
:103  %src_7_load_6 = load i16* %src_7_addr_6, align 2

ST_6: tmp_10 (200)  [1/1] 1.94ns
:104  %tmp_10 = call i16 @_ssdm_op_Mux.ap_auto.8i16.i3(i16 %src_0_load_6, i16 %src_1_load_6, i16 %src_2_load_6, i16 %src_3_load_6, i16 %src_4_load_6, i16 %src_5_load_6, i16 %src_6_load_6, i16 %src_7_load_6, i3 %tmp_13)

ST_6: src_0_load_7 (206)  [1/2] 2.39ns
:110  %src_0_load_7 = load i16* %src_0_addr_7, align 2

ST_6: src_1_load_7 (207)  [1/2] 2.39ns
:111  %src_1_load_7 = load i16* %src_1_addr_7, align 2

ST_6: src_2_load_7 (208)  [1/2] 2.39ns
:112  %src_2_load_7 = load i16* %src_2_addr_7, align 2

ST_6: src_3_load_7 (209)  [1/2] 2.39ns
:113  %src_3_load_7 = load i16* %src_3_addr_7, align 2

ST_6: src_4_load_7 (210)  [1/2] 2.39ns
:114  %src_4_load_7 = load i16* %src_4_addr_7, align 2

ST_6: src_5_load_7 (211)  [1/2] 2.39ns
:115  %src_5_load_7 = load i16* %src_5_addr_7, align 2

ST_6: src_6_load_7 (212)  [1/2] 2.39ns
:116  %src_6_load_7 = load i16* %src_6_addr_7, align 2

ST_6: src_7_load_7 (213)  [1/2] 2.39ns
:117  %src_7_load_7 = load i16* %src_7_addr_7, align 2

ST_6: tmp_11 (214)  [1/1] 1.94ns
:118  %tmp_11 = call i16 @_ssdm_op_Mux.ap_auto.8i16.i3(i16 %src_0_load_7, i16 %src_1_load_7, i16 %src_2_load_7, i16 %src_3_load_7, i16 %src_4_load_7, i16 %src_5_load_7, i16 %src_6_load_7, i16 %src_7_load_7, i3 %tmp_13)

ST_6: tmp3 (218)  [1/1] 3.02ns  loc: resource/lab3/dct.c:19
:122  %tmp3 = add i29 %tmp_3_3, %tmp_3_2

ST_6: tmp1 (219)  [1/1] 2.44ns  loc: resource/lab3/dct.c:19
:123  %tmp1 = add i29 %tmp2, %tmp3

ST_6: tmp5 (220)  [1/1] 3.02ns  loc: resource/lab3/dct.c:19
:124  %tmp5 = add i29 %tmp_3_5, %tmp_3_4


 <State 7>: 9.40ns
ST_7: coeff_6_cast (191)  [1/1] 0.00ns  loc: resource/lab3/dct.c:16
:95  %coeff_6_cast = sext i15 %dct_coeff_table_8_lo to i29

ST_7: tmp_2_6_cast (201)  [1/1] 0.00ns  loc: resource/lab3/dct.c:17
:105  %tmp_2_6_cast = sext i16 %tmp_10 to i29

ST_7: tmp_3_6 (202)  [1/1] 3.36ns  loc: resource/lab3/dct.c:17
:106  %tmp_3_6 = mul i29 %coeff_6_cast, %tmp_2_6_cast

ST_7: coeff_7_cast (205)  [1/1] 0.00ns  loc: resource/lab3/dct.c:16
:109  %coeff_7_cast = sext i15 %dct_coeff_table_load to i29

ST_7: tmp_2_7_cast (215)  [1/1] 0.00ns  loc: resource/lab3/dct.c:17
:119  %tmp_2_7_cast = sext i16 %tmp_11 to i29

ST_7: tmp_3_7 (216)  [1/1] 3.36ns  loc: resource/lab3/dct.c:17
:120  %tmp_3_7 = mul i29 %coeff_7_cast, %tmp_2_7_cast

ST_7: tmp7 (221)  [1/1] 3.02ns  loc: resource/lab3/dct.c:19
:125  %tmp7 = add i29 %tmp_3_7, 4096

ST_7: tmp6 (222)  [1/1] 3.02ns  loc: resource/lab3/dct.c:19
:126  %tmp6 = add i29 %tmp_3_6, %tmp7


 <State 8>: 6.65ns
ST_8: tmp_15_cast (99)  [1/1] 0.00ns  loc: resource/lab3/dct.c:19
:3  %tmp_15_cast = zext i8 %tmp_14 to i32

ST_8: dst_addr (100)  [1/1] 0.00ns  loc: resource/lab3/dct.c:19
:4  %dst_addr = getelementptr [64 x i16]* %dst, i32 0, i32 %tmp_15_cast

ST_8: empty (101)  [1/1] 0.00ns
:5  %empty = call i32 (...)* @_ssdm_op_SpecLoopTripCount(i64 8, i64 8, i64 8)

ST_8: StgValue_280 (102)  [1/1] 0.00ns  loc: resource/lab3/dct.c:13
:6  call void (...)* @_ssdm_op_SpecLoopName([15 x i8]* @p_str) nounwind

ST_8: tmp_5 (103)  [1/1] 0.00ns  loc: resource/lab3/dct.c:13
:7  %tmp_5 = call i32 (...)* @_ssdm_op_SpecRegionBegin([15 x i8]* @p_str) nounwind

ST_8: StgValue_282 (104)  [1/1] 0.00ns  loc: resource/lab3/dct.c:14
:8  call void (...)* @_ssdm_op_SpecPipeline(i32 -1, i32 1, i32 1, i32 0, [1 x i8]* @p_str1) nounwind

ST_8: tmp4 (223)  [1/1] 1.97ns  loc: resource/lab3/dct.c:19
:127  %tmp4 = add i29 %tmp5, %tmp6

ST_8: tmp_9 (224)  [1/1] 1.97ns  loc: resource/lab3/dct.c:19
:128  %tmp_9 = add i29 %tmp1, %tmp4

ST_8: tmp_1 (225)  [1/1] 0.00ns  loc: resource/lab3/dct.c:19
:129  %tmp_1 = call i16 @_ssdm_op_PartSelect.i16.i29.i32.i32(i29 %tmp_9, i32 13, i32 28)

ST_8: StgValue_286 (226)  [1/1] 2.71ns  loc: resource/lab3/dct.c:19
:130  store i16 %tmp_1, i16* %dst_addr, align 2

ST_8: empty_7 (227)  [1/1] 0.00ns  loc: resource/lab3/dct.c:20
:131  %empty_7 = call i32 (...)* @_ssdm_op_SpecRegionEnd([15 x i8]* @p_str, i32 %tmp_5) nounwind

ST_8: StgValue_288 (228)  [1/1] 0.00ns  loc: resource/lab3/dct.c:13
:132  br label %1


 <State 9>: 0.00ns
ST_9: StgValue_289 (230)  [1/1] 0.00ns  loc: resource/lab3/dct.c:21
:0  ret void



============================================================
+ Verbose Summary: Timing violations
============================================================
Target clock period: 10ns, clock uncertainty: 1.25ns.

 <State 1>: 1.57ns
The critical path consists of the following:
	multiplexor before 'phi' operation ('k') with incoming values : ('k', resource/lab3/dct.c:13) [91]  (1.57 ns)

 <State 2>: 2.39ns
The critical path consists of the following:
	'phi' operation ('k') with incoming values : ('k', resource/lab3/dct.c:13) [91]  (0 ns)
	'getelementptr' operation ('dct_coeff_table_13_a', resource/lab3/dct.c:16) [119]  (0 ns)
	'load' operation ('dct_coeff_table_13_l', resource/lab3/dct.c:16) on array 'dct_coeff_table_13' [120]  (2.39 ns)

 <State 3>: 4.33ns
The critical path consists of the following:
	'load' operation ('src_0_load_1') on array 'src_0' [122]  (2.39 ns)
	'mux' operation ('tmp_4') [130]  (1.94 ns)

 <State 4>: 6.38ns
The critical path consists of the following:
	'mul' operation ('tmp_3_1', resource/lab3/dct.c:17) [132]  (6.38 ns)

 <State 5>: 6.38ns
The critical path consists of the following:
	'mul' operation ('tmp_3_5', resource/lab3/dct.c:17) [188]  (6.38 ns)

 <State 6>: 8.82ns
The critical path consists of the following:
	'mul' operation ('tmp_3_2', resource/lab3/dct.c:17) [146]  (3.36 ns)
	'add' operation ('tmp3', resource/lab3/dct.c:19) [218]  (3.02 ns)
	'add' operation ('tmp1', resource/lab3/dct.c:19) [219]  (2.44 ns)

 <State 7>: 9.4ns
The critical path consists of the following:
	'mul' operation ('tmp_3_7', resource/lab3/dct.c:17) [216]  (3.36 ns)
	'add' operation ('tmp7', resource/lab3/dct.c:19) [221]  (3.02 ns)
	'add' operation ('tmp6', resource/lab3/dct.c:19) [222]  (3.02 ns)

 <State 8>: 6.65ns
The critical path consists of the following:
	'add' operation ('tmp4', resource/lab3/dct.c:19) [223]  (1.97 ns)
	'add' operation ('tmp_9', resource/lab3/dct.c:19) [224]  (1.97 ns)
	'store' operation (resource/lab3/dct.c:19) of variable 'tmp_1', resource/lab3/dct.c:19 on array 'dst' [226]  (2.71 ns)

 <State 9>: 0ns
The critical path consists of the following:


============================================================
+ Verbose Summary: Binding
============================================================
N/A
* FSMD analyzer results:
  - Output states:
 - Input state : 
  - Chain level:
	State 1
	State 2
	State 3
	State 4
	State 5
	State 6
	State 7
	State 8
	State 9


============================================================
+ Verbose Summary: Datapath Resource usage 
============================================================
N/A
