

================================================================
== Vivado HLS Report for 'write_data'
================================================================
* Date:           Wed Apr 26 22:35:36 2017

* Version:        2016.3 (Build 1682563 on Mon Oct 10 19:41:59 MDT 2016)
* Project:        dct.prj
* Solution:       solution6
* Product family: zynq
* Target device:  xc7z020clg484-1


================================================================
== Performance Estimates
================================================================
+ Timing (ns): 
    * Summary: 
    +--------+-------+----------+------------+
    |  Clock | Target| Estimated| Uncertainty|
    +--------+-------+----------+------------+
    |ap_clk  |  10.00|      7.68|        1.25|
    +--------+-------+----------+------------+

+ Latency (clock cycles): 
    * Summary: 
    +-----+-----+-----+-----+---------+
    |  Latency  |  Interval | Pipeline|
    | min | max | min | max |   Type  |
    +-----+-----+-----+-----+---------+
    |   66|   66|   66|   66|   none  |
    +-----+-----+-----+-----+---------+

    + Detail: 
        * Instance: 
        N/A

        * Loop: 
        +---------------------------+-----+-----+----------+-----------+-----------+------+----------+
        |                           |  Latency  | Iteration|  Initiation Interval  | Trip |          |
        |         Loop Name         | min | max |  Latency |  achieved |   target  | Count| Pipelined|
        +---------------------------+-----+-----+----------+-----------+-----------+------+----------+
        |- WR_Loop_Row_WR_Loop_Col  |   64|   64|         2|          1|          1|    64|    yes   |
        +---------------------------+-----+-----+----------+-----------+-----------+------+----------+

============================================================
+ Verbose Summary: Synthesis Manager
============================================================
InlineROM: 1
ExposeGlobal: 0
============================================================
+ Verbose Summary: CDFG Model
============================================================
IsTopModel: 0
ResetActiveHigh: 1
IsCombinational: 2
IsDatapathOnly: 0
HasWiredReturn: 1
HasMFsm: 0
HasVarLatency: 1
IsPipeline: 0
IsRtlPipelined: 0
IsInstanceOverlapped: 0
IsDontTouch: 0
HasImplIP: 0
IsGatedGlobalClock: 0

+ Individual pipeline summary: 
  * Pipeline-0: initiation interval (II) = 1, depth = 2


============================================================
+ Verbose Summary: Schedule
============================================================
* Number of FSM states: 4
* Pipeline: 1
  Pipeline-0: II = 1, D = 2, States = { 2 3 }
* Dataflow Pipeline: 0

* FSM state transitions: 
1 --> 
	2  / true
2 --> 
	4  / (exitcond_flatten)
	3  / (!exitcond_flatten)
3 --> 
	2  / true
4 --> 
* FSM state operations: 

 <State 1>: 1.57ns
ST_1: StgValue_5 (3)  [1/1] 1.57ns  loc: resource/lab3/dct.c:71
:0  br label %1


 <State 2>: 7.68ns
ST_2: indvar_flatten (5)  [1/1] 0.00ns
:0  %indvar_flatten = phi i7 [ 0, %0 ], [ %indvar_flatten_next, %.reset ]

ST_2: r (6)  [1/1] 0.00ns  loc: resource/lab3/dct.c:71
:1  %r = phi i4 [ 0, %0 ], [ %r_cast8_mid2_v, %.reset ]

ST_2: c (7)  [1/1] 0.00ns
:2  %c = phi i4 [ 0, %0 ], [ %c_1, %.reset ]

ST_2: exitcond_flatten (8)  [1/1] 1.97ns
:3  %exitcond_flatten = icmp eq i7 %indvar_flatten, -64

ST_2: indvar_flatten_next (9)  [1/1] 1.72ns
:4  %indvar_flatten_next = add i7 %indvar_flatten, 1

ST_2: StgValue_11 (10)  [1/1] 0.00ns
:5  br i1 %exitcond_flatten, label %2, label %.reset

ST_2: r_1 (12)  [1/1] 0.80ns  loc: resource/lab3/dct.c:71
.reset:0  %r_1 = add i4 1, %r

ST_2: exitcond2 (15)  [1/1] 1.88ns  loc: resource/lab3/dct.c:73
.reset:3  %exitcond2 = icmp eq i4 %c, -8

ST_2: c_mid2 (16)  [1/1] 1.37ns  loc: resource/lab3/dct.c:73
.reset:4  %c_mid2 = select i1 %exitcond2, i4 0, i4 %c

ST_2: r_cast8_mid2_v (17)  [1/1] 1.37ns  loc: resource/lab3/dct.c:71
.reset:5  %r_cast8_mid2_v = select i1 %exitcond2, i4 %r_1, i4 %r

ST_2: tmp (18)  [1/1] 0.00ns  loc: resource/lab3/dct.c:71
.reset:6  %tmp = call i7 @_ssdm_op_BitConcatenate.i7.i4.i3(i4 %r_cast8_mid2_v, i3 0)

ST_2: tmp_1_cast (19)  [1/1] 0.00ns  loc: resource/lab3/dct.c:71
.reset:7  %tmp_1_cast = zext i7 %tmp to i8

ST_2: tmp_1 (20)  [1/1] 0.00ns  loc: resource/lab3/dct.c:71
.reset:8  %tmp_1 = trunc i4 %r_cast8_mid2_v to i3

ST_2: tmp_mid2 (21)  [1/1] 0.00ns  loc: resource/lab3/dct.c:74
.reset:9  %tmp_mid2 = call i6 @_ssdm_op_BitConcatenate.i6.i3.i3(i3 %tmp_1, i3 0)

ST_2: c_cast6 (22)  [1/1] 0.00ns  loc: resource/lab3/dct.c:73
.reset:10  %c_cast6 = zext i4 %c_mid2 to i6

ST_2: c_cast5_cast (23)  [1/1] 0.00ns  loc: resource/lab3/dct.c:74
.reset:11  %c_cast5_cast = zext i4 %c_mid2 to i8

ST_2: tmp_4 (24)  [1/1] 1.72ns  loc: resource/lab3/dct.c:74
.reset:12  %tmp_4 = add i8 %tmp_1_cast, %c_cast5_cast

ST_2: tmp_4_cast (25)  [1/1] 0.00ns  loc: resource/lab3/dct.c:74
.reset:13  %tmp_4_cast = zext i8 %tmp_4 to i32

ST_2: buf_addr (26)  [1/1] 0.00ns  loc: resource/lab3/dct.c:74
.reset:14  %buf_addr = getelementptr [64 x i16]* %buf_r, i32 0, i32 %tmp_4_cast

ST_2: buf_load (30)  [2/2] 2.71ns  loc: resource/lab3/dct.c:74
.reset:18  %buf_load = load i16* %buf_addr, align 2

ST_2: sum3 (31)  [1/1] 1.72ns  loc: resource/lab3/dct.c:73
.reset:19  %sum3 = add i6 %c_cast6, %tmp_mid2

ST_2: c_1 (36)  [1/1] 0.80ns  loc: resource/lab3/dct.c:73
.reset:24  %c_1 = add i4 1, %c_mid2


 <State 3>: 5.42ns
ST_3: StgValue_28 (13)  [1/1] 0.00ns
.reset:1  call void (...)* @_ssdm_op_SpecLoopName([24 x i8]* @WR_Loop_Row_WR_Loop_s)

ST_3: empty (14)  [1/1] 0.00ns
.reset:2  %empty = call i32 (...)* @_ssdm_op_SpecLoopTripCount(i64 64, i64 64, i64 64)

ST_3: StgValue_30 (27)  [1/1] 0.00ns  loc: resource/lab3/dct.c:74
.reset:15  call void (...)* @_ssdm_op_SpecLoopName([12 x i8]* @p_str12) nounwind

ST_3: tmp_2 (28)  [1/1] 0.00ns  loc: resource/lab3/dct.c:74
.reset:16  %tmp_2 = call i32 (...)* @_ssdm_op_SpecRegionBegin([12 x i8]* @p_str12)

ST_3: StgValue_32 (29)  [1/1] 0.00ns  loc: resource/lab3/dct.c:75
.reset:17  call void (...)* @_ssdm_op_SpecPipeline(i32 -1, i32 1, i32 1, i32 0, [1 x i8]* @p_str1) nounwind

ST_3: buf_load (30)  [1/2] 2.71ns  loc: resource/lab3/dct.c:74
.reset:18  %buf_load = load i16* %buf_addr, align 2

ST_3: sum3_cast (32)  [1/1] 0.00ns  loc: resource/lab3/dct.c:73
.reset:20  %sum3_cast = zext i6 %sum3 to i32

ST_3: output_addr (33)  [1/1] 0.00ns  loc: resource/lab3/dct.c:74
.reset:21  %output_addr = getelementptr [64 x i16]* %output_r, i32 0, i32 %sum3_cast

ST_3: StgValue_36 (34)  [1/1] 2.71ns  loc: resource/lab3/dct.c:74
.reset:22  store i16 %buf_load, i16* %output_addr, align 2

ST_3: empty_5 (35)  [1/1] 0.00ns  loc: resource/lab3/dct.c:74
.reset:23  %empty_5 = call i32 (...)* @_ssdm_op_SpecRegionEnd([12 x i8]* @p_str12, i32 %tmp_2)

ST_3: StgValue_38 (37)  [1/1] 0.00ns
.reset:25  br label %1


 <State 4>: 0.00ns
ST_4: StgValue_39 (39)  [1/1] 0.00ns  loc: resource/lab3/dct.c:76
:0  ret void



============================================================
+ Verbose Summary: Timing violations
============================================================
Target clock period: 10ns, clock uncertainty: 1.25ns.

 <State 1>: 1.57ns
The critical path consists of the following:
	multiplexor before 'phi' operation ('indvar_flatten') with incoming values : ('indvar_flatten_next') [5]  (1.57 ns)

 <State 2>: 7.68ns
The critical path consists of the following:
	'phi' operation ('c') with incoming values : ('c', resource/lab3/dct.c:73) [7]  (0 ns)
	'icmp' operation ('exitcond2', resource/lab3/dct.c:73) [15]  (1.88 ns)
	'select' operation ('r_cast8_mid2_v', resource/lab3/dct.c:71) [17]  (1.37 ns)
	'add' operation ('tmp_4', resource/lab3/dct.c:74) [24]  (1.72 ns)
	'getelementptr' operation ('buf_addr', resource/lab3/dct.c:74) [26]  (0 ns)
	'load' operation ('buf_load', resource/lab3/dct.c:74) on array 'buf_r' [30]  (2.71 ns)

 <State 3>: 5.42ns
The critical path consists of the following:
	'load' operation ('buf_load', resource/lab3/dct.c:74) on array 'buf_r' [30]  (2.71 ns)
	'store' operation (resource/lab3/dct.c:74) of variable 'buf_load', resource/lab3/dct.c:74 on array 'output_r' [34]  (2.71 ns)

 <State 4>: 0ns
The critical path consists of the following:


============================================================
+ Verbose Summary: Binding
============================================================
N/A
* FSMD analyzer results:
  - Output states:
 - Input state : 
  - Chain level:
	State 1
	State 2
	State 3
	State 4


============================================================
+ Verbose Summary: Datapath Resource usage 
============================================================
N/A
