

================================================================
== Vivado HLS Report for 'Loop_Xpose_Col_Outer'
================================================================
* Date:           Wed Apr 26 22:39:31 2017

* Version:        2016.3 (Build 1682563 on Mon Oct 10 19:41:59 MDT 2016)
* Project:        dct.prj
* Solution:       solution7
* Product family: zynq
* Target device:  xc7z020clg484-1


================================================================
== Performance Estimates
================================================================
+ Timing (ns): 
    * Summary: 
    +--------+-------+----------+------------+
    |  Clock | Target| Estimated| Uncertainty|
    +--------+-------+----------+------------+
    |ap_clk  |  10.00|      7.68|        1.25|
    +--------+-------+----------+------------+

+ Latency (clock cycles): 
    * Summary: 
    +-----+-----+-----+-----+---------+
    |  Latency  |  Interval | Pipeline|
    | min | max | min | max |   Type  |
    +-----+-----+-----+-----+---------+
    |   66|   66|   66|   66|   none  |
    +-----+-----+-----+-----+---------+

    + Detail: 
        * Instance: 
        N/A

        * Loop: 
        +---------------------------------------------+-----+-----+----------+-----------+-----------+------+----------+
        |                                             |  Latency  | Iteration|  Initiation Interval  | Trip |          |
        |                  Loop Name                  | min | max |  Latency |  achieved |   target  | Count| Pipelined|
        +---------------------------------------------+-----+-----+----------+-----------+-----------+------+----------+
        |- Xpose_Col_Outer_Loop_Xpose_Col_Inner_Loop  |   64|   64|         2|          1|          1|    64|    yes   |
        +---------------------------------------------+-----+-----+----------+-----------+-----------+------+----------+

============================================================
+ Verbose Summary: Synthesis Manager
============================================================
InlineROM: 1
ExposeGlobal: 0
============================================================
+ Verbose Summary: CDFG Model
============================================================
IsTopModel: 0
ResetActiveHigh: 1
IsCombinational: 2
IsDatapathOnly: 0
HasWiredReturn: 1
HasMFsm: 0
HasVarLatency: 1
IsPipeline: 0
IsRtlPipelined: 0
IsInstanceOverlapped: 0
IsDontTouch: 0
HasImplIP: 0
IsGatedGlobalClock: 0

+ Individual pipeline summary: 
  * Pipeline-0: initiation interval (II) = 1, depth = 2


============================================================
+ Verbose Summary: Schedule
============================================================
* Number of FSM states: 4
* Pipeline: 1
  Pipeline-0: II = 1, D = 2, States = { 2 3 }
* Dataflow Pipeline: 0

* FSM state transitions: 
1 --> 
	2  / true
2 --> 
	4  / (exitcond_flatten)
	3  / (!exitcond_flatten)
3 --> 
	2  / true
4 --> 
* FSM state operations: 

 <State 1>: 1.57ns
ST_1: StgValue_5 (3)  [1/1] 1.57ns
newFuncRoot:0  br label %0


 <State 2>: 7.68ns
ST_2: indvar_flatten (5)  [1/1] 0.00ns
:0  %indvar_flatten = phi i7 [ 0, %newFuncRoot ], [ %indvar_flatten_next, %.preheader.i ]

ST_2: j_1_i (6)  [1/1] 0.00ns  loc: resource/lab3/dct.c:48->resource/lab3/dct.c:87
:1  %j_1_i = phi i4 [ 0, %newFuncRoot ], [ %j_1_i_cast5_mid2_v, %.preheader.i ]

ST_2: i_3_i (7)  [1/1] 0.00ns
:2  %i_3_i = phi i4 [ 0, %newFuncRoot ], [ %i, %.preheader.i ]

ST_2: exitcond_flatten (8)  [1/1] 1.97ns
:3  %exitcond_flatten = icmp eq i7 %indvar_flatten, -64

ST_2: indvar_flatten_next (9)  [1/1] 1.72ns
:4  %indvar_flatten_next = add i7 %indvar_flatten, 1

ST_2: StgValue_11 (10)  [1/1] 0.00ns
:5  br i1 %exitcond_flatten, label %dct_2d.exit.exitStub, label %.preheader.i

ST_2: j (12)  [1/1] 0.80ns  loc: resource/lab3/dct.c:48->resource/lab3/dct.c:87
.preheader.i:0  %j = add i4 %j_1_i, 1

ST_2: tmp_s (15)  [1/1] 1.88ns  loc: resource/lab3/dct.c:50->resource/lab3/dct.c:87
.preheader.i:3  %tmp_s = icmp eq i4 %i_3_i, -8

ST_2: i_3_i_mid2 (16)  [1/1] 1.37ns  loc: resource/lab3/dct.c:50->resource/lab3/dct.c:87
.preheader.i:4  %i_3_i_mid2 = select i1 %tmp_s, i4 0, i4 %i_3_i

ST_2: j_1_i_cast5_mid2_v (17)  [1/1] 1.37ns  loc: resource/lab3/dct.c:48->resource/lab3/dct.c:87
.preheader.i:5  %j_1_i_cast5_mid2_v = select i1 %tmp_s, i4 %j, i4 %j_1_i

ST_2: j_1_i_cast5_mid2_cas (18)  [1/1] 0.00ns  loc: resource/lab3/dct.c:48->resource/lab3/dct.c:87
.preheader.i:6  %j_1_i_cast5_mid2_cas = zext i4 %j_1_i_cast5_mid2_v to i8

ST_2: tmp_1 (22)  [1/1] 0.00ns  loc: resource/lab3/dct.c:50->resource/lab3/dct.c:87
.preheader.i:10  %tmp_1 = call i7 @_ssdm_op_BitConcatenate.i7.i4.i3(i4 %i_3_i_mid2, i3 0)

ST_2: tmp_12_cast (23)  [1/1] 0.00ns  loc: resource/lab3/dct.c:51->resource/lab3/dct.c:87
.preheader.i:11  %tmp_12_cast = zext i7 %tmp_1 to i8

ST_2: tmp_2 (24)  [1/1] 1.72ns  loc: resource/lab3/dct.c:51->resource/lab3/dct.c:87
.preheader.i:12  %tmp_2 = add i8 %j_1_i_cast5_mid2_cas, %tmp_12_cast

ST_2: tmp_13_cast (25)  [1/1] 0.00ns  loc: resource/lab3/dct.c:51->resource/lab3/dct.c:87
.preheader.i:13  %tmp_13_cast = zext i8 %tmp_2 to i32

ST_2: col_outbuf_i_addr (26)  [1/1] 0.00ns  loc: resource/lab3/dct.c:51->resource/lab3/dct.c:87
.preheader.i:14  %col_outbuf_i_addr = getelementptr [64 x i16]* %col_outbuf_i, i32 0, i32 %tmp_13_cast

ST_2: col_outbuf_i_load (33)  [2/2] 2.71ns  loc: resource/lab3/dct.c:51->resource/lab3/dct.c:87
.preheader.i:21  %col_outbuf_i_load = load i16* %col_outbuf_i_addr, align 2

ST_2: i (36)  [1/1] 0.80ns  loc: resource/lab3/dct.c:50->resource/lab3/dct.c:87
.preheader.i:24  %i = add i4 %i_3_i_mid2, 1


 <State 3>: 5.42ns
ST_3: StgValue_24 (13)  [1/1] 0.00ns
.preheader.i:1  call void (...)* @_ssdm_op_SpecLoopName([42 x i8]* @Xpose_Col_Outer_Loop)

ST_3: empty (14)  [1/1] 0.00ns
.preheader.i:2  %empty = call i32 (...)* @_ssdm_op_SpecLoopTripCount(i64 64, i64 64, i64 64) nounwind

ST_3: tmp (19)  [1/1] 0.00ns  loc: resource/lab3/dct.c:48->resource/lab3/dct.c:87
.preheader.i:7  %tmp = call i7 @_ssdm_op_BitConcatenate.i7.i4.i3(i4 %j_1_i_cast5_mid2_v, i3 0)

ST_3: tmp_10_cast (20)  [1/1] 0.00ns  loc: resource/lab3/dct.c:50->resource/lab3/dct.c:87
.preheader.i:8  %tmp_10_cast = zext i7 %tmp to i8

ST_3: i_3_i_cast4_cast (21)  [1/1] 0.00ns  loc: resource/lab3/dct.c:50->resource/lab3/dct.c:87
.preheader.i:9  %i_3_i_cast4_cast = zext i4 %i_3_i_mid2 to i8

ST_3: tmp_3 (27)  [1/1] 1.72ns  loc: resource/lab3/dct.c:51->resource/lab3/dct.c:87
.preheader.i:15  %tmp_3 = add i8 %i_3_i_cast4_cast, %tmp_10_cast

ST_3: tmp_14_cast (28)  [1/1] 0.00ns  loc: resource/lab3/dct.c:51->resource/lab3/dct.c:87
.preheader.i:16  %tmp_14_cast = zext i8 %tmp_3 to i32

ST_3: buf_2d_out_addr (29)  [1/1] 0.00ns  loc: resource/lab3/dct.c:51->resource/lab3/dct.c:87
.preheader.i:17  %buf_2d_out_addr = getelementptr [64 x i16]* %buf_2d_out, i32 0, i32 %tmp_14_cast

ST_3: StgValue_32 (30)  [1/1] 0.00ns  loc: resource/lab3/dct.c:51->resource/lab3/dct.c:87
.preheader.i:18  call void (...)* @_ssdm_op_SpecLoopName([21 x i8]* @p_str9) nounwind

ST_3: tmp_6 (31)  [1/1] 0.00ns  loc: resource/lab3/dct.c:51->resource/lab3/dct.c:87
.preheader.i:19  %tmp_6 = call i32 (...)* @_ssdm_op_SpecRegionBegin([21 x i8]* @p_str9) nounwind

ST_3: StgValue_34 (32)  [1/1] 0.00ns  loc: resource/lab3/dct.c:52->resource/lab3/dct.c:87
.preheader.i:20  call void (...)* @_ssdm_op_SpecPipeline(i32 -1, i32 1, i32 1, i32 0, [1 x i8]* @p_str1) nounwind

ST_3: col_outbuf_i_load (33)  [1/2] 2.71ns  loc: resource/lab3/dct.c:51->resource/lab3/dct.c:87
.preheader.i:21  %col_outbuf_i_load = load i16* %col_outbuf_i_addr, align 2

ST_3: StgValue_36 (34)  [1/1] 2.71ns  loc: resource/lab3/dct.c:51->resource/lab3/dct.c:87
.preheader.i:22  store i16 %col_outbuf_i_load, i16* %buf_2d_out_addr, align 2

ST_3: empty_27 (35)  [1/1] 0.00ns  loc: resource/lab3/dct.c:51->resource/lab3/dct.c:87
.preheader.i:23  %empty_27 = call i32 (...)* @_ssdm_op_SpecRegionEnd([21 x i8]* @p_str9, i32 %tmp_6) nounwind

ST_3: StgValue_38 (37)  [1/1] 0.00ns
.preheader.i:25  br label %0


 <State 4>: 0.00ns
ST_4: StgValue_39 (39)  [1/1] 0.00ns
dct_2d.exit.exitStub:0  ret void



============================================================
+ Verbose Summary: Timing violations
============================================================
Target clock period: 10ns, clock uncertainty: 1.25ns.

 <State 1>: 1.57ns
The critical path consists of the following:
	multiplexor before 'phi' operation ('indvar_flatten') with incoming values : ('indvar_flatten_next') [5]  (1.57 ns)

 <State 2>: 7.68ns
The critical path consists of the following:
	'phi' operation ('i') with incoming values : ('i', resource/lab3/dct.c:50->resource/lab3/dct.c:87) [7]  (0 ns)
	'icmp' operation ('tmp_s', resource/lab3/dct.c:50->resource/lab3/dct.c:87) [15]  (1.88 ns)
	'select' operation ('j_1_i_cast5_mid2_v', resource/lab3/dct.c:48->resource/lab3/dct.c:87) [17]  (1.37 ns)
	'add' operation ('tmp_2', resource/lab3/dct.c:51->resource/lab3/dct.c:87) [24]  (1.72 ns)
	'getelementptr' operation ('col_outbuf_i_addr', resource/lab3/dct.c:51->resource/lab3/dct.c:87) [26]  (0 ns)
	'load' operation ('col_outbuf_i_load', resource/lab3/dct.c:51->resource/lab3/dct.c:87) on array 'col_outbuf_i' [33]  (2.71 ns)

 <State 3>: 5.42ns
The critical path consists of the following:
	'load' operation ('col_outbuf_i_load', resource/lab3/dct.c:51->resource/lab3/dct.c:87) on array 'col_outbuf_i' [33]  (2.71 ns)
	'store' operation (resource/lab3/dct.c:51->resource/lab3/dct.c:87) of variable 'col_outbuf_i_load', resource/lab3/dct.c:51->resource/lab3/dct.c:87 on array 'buf_2d_out' [34]  (2.71 ns)

 <State 4>: 0ns
The critical path consists of the following:


============================================================
+ Verbose Summary: Binding
============================================================
N/A
* FSMD analyzer results:
  - Output states:
 - Input state : 
  - Chain level:
	State 1
	State 2
	State 3
	State 4


============================================================
+ Verbose Summary: Datapath Resource usage 
============================================================
N/A
