
*** Running vivado
    with args -log system_xbar_0.vds -m64 -product Vivado -mode batch -messageDb vivado.pb -notrace -source system_xbar_0.tcl


****** Vivado v2016.3 (64-bit)
  **** SW Build 1682563 on Mon Oct 10 19:07:27 MDT 2016
  **** IP Build 1681267 on Mon Oct 10 21:28:31 MDT 2016
    ** Copyright 1986-2016 Xilinx, Inc. All Rights Reserved.

source system_xbar_0.tcl -notrace
Starting RTL Elaboration : Time (s): cpu = 00:00:07 ; elapsed = 00:00:22 . Memory (MB): peak = 352.637 ; gain = 143.398
INFO: [Synth 8-638] synthesizing module 'system_xbar_0' [c:/Users/Andrew/Documents/Vivado_projects/HLS_Xilinx_university_program/projects/lab4/vivado/audio/audio.srcs/sources_1/bd/system/ip/system_xbar_0/synth/system_xbar_0.v:59]
INFO: [Synth 8-638] synthesizing module 'axi_crossbar_v2_1_11_axi_crossbar' [c:/Users/Andrew/Documents/Vivado_projects/HLS_Xilinx_university_program/projects/lab4/vivado/audio/audio.srcs/sources_1/bd/system/ipshared/d552/hdl/axi_crossbar_v2_1_vl_rfs.v:4882]
INFO: [Synth 8-638] synthesizing module 'axi_crossbar_v2_1_11_crossbar_sasd' [c:/Users/Andrew/Documents/Vivado_projects/HLS_Xilinx_university_program/projects/lab4/vivado/audio/audio.srcs/sources_1/bd/system/ipshared/d552/hdl/axi_crossbar_v2_1_vl_rfs.v:1240]
INFO: [Synth 8-638] synthesizing module 'axi_crossbar_v2_1_11_addr_decoder' [c:/Users/Andrew/Documents/Vivado_projects/HLS_Xilinx_university_program/projects/lab4/vivado/audio/audio.srcs/sources_1/bd/system/ipshared/d552/hdl/axi_crossbar_v2_1_vl_rfs.v:794]
INFO: [Synth 8-638] synthesizing module 'generic_baseblocks_v2_1_0_comparator_static' [c:/Users/Andrew/Documents/Vivado_projects/HLS_Xilinx_university_program/projects/lab4/vivado/audio/audio.srcs/sources_1/bd/system/ipshared/7ee0/hdl/generic_baseblocks_v2_1_vl_rfs.v:2133]
INFO: [Synth 8-638] synthesizing module 'generic_baseblocks_v2_1_0_carry_and' [c:/Users/Andrew/Documents/Vivado_projects/HLS_Xilinx_university_program/projects/lab4/vivado/audio/audio.srcs/sources_1/bd/system/ipshared/7ee0/hdl/generic_baseblocks_v2_1_vl_rfs.v:62]
INFO: [Synth 8-256] done synthesizing module 'generic_baseblocks_v2_1_0_carry_and' (1#1) [c:/Users/Andrew/Documents/Vivado_projects/HLS_Xilinx_university_program/projects/lab4/vivado/audio/audio.srcs/sources_1/bd/system/ipshared/7ee0/hdl/generic_baseblocks_v2_1_vl_rfs.v:62]
INFO: [Synth 8-256] done synthesizing module 'generic_baseblocks_v2_1_0_comparator_static' (2#1) [c:/Users/Andrew/Documents/Vivado_projects/HLS_Xilinx_university_program/projects/lab4/vivado/audio/audio.srcs/sources_1/bd/system/ipshared/7ee0/hdl/generic_baseblocks_v2_1_vl_rfs.v:2133]
INFO: [Synth 8-638] synthesizing module 'generic_baseblocks_v2_1_0_comparator_static__parameterized0' [c:/Users/Andrew/Documents/Vivado_projects/HLS_Xilinx_university_program/projects/lab4/vivado/audio/audio.srcs/sources_1/bd/system/ipshared/7ee0/hdl/generic_baseblocks_v2_1_vl_rfs.v:2133]
INFO: [Synth 8-256] done synthesizing module 'generic_baseblocks_v2_1_0_comparator_static__parameterized0' (2#1) [c:/Users/Andrew/Documents/Vivado_projects/HLS_Xilinx_university_program/projects/lab4/vivado/audio/audio.srcs/sources_1/bd/system/ipshared/7ee0/hdl/generic_baseblocks_v2_1_vl_rfs.v:2133]
INFO: [Synth 8-638] synthesizing module 'generic_baseblocks_v2_1_0_comparator_static__parameterized1' [c:/Users/Andrew/Documents/Vivado_projects/HLS_Xilinx_university_program/projects/lab4/vivado/audio/audio.srcs/sources_1/bd/system/ipshared/7ee0/hdl/generic_baseblocks_v2_1_vl_rfs.v:2133]
INFO: [Synth 8-256] done synthesizing module 'generic_baseblocks_v2_1_0_comparator_static__parameterized1' (2#1) [c:/Users/Andrew/Documents/Vivado_projects/HLS_Xilinx_university_program/projects/lab4/vivado/audio/audio.srcs/sources_1/bd/system/ipshared/7ee0/hdl/generic_baseblocks_v2_1_vl_rfs.v:2133]
INFO: [Synth 8-638] synthesizing module 'generic_baseblocks_v2_1_0_comparator_static__parameterized2' [c:/Users/Andrew/Documents/Vivado_projects/HLS_Xilinx_university_program/projects/lab4/vivado/audio/audio.srcs/sources_1/bd/system/ipshared/7ee0/hdl/generic_baseblocks_v2_1_vl_rfs.v:2133]
INFO: [Synth 8-256] done synthesizing module 'generic_baseblocks_v2_1_0_comparator_static__parameterized2' (2#1) [c:/Users/Andrew/Documents/Vivado_projects/HLS_Xilinx_university_program/projects/lab4/vivado/audio/audio.srcs/sources_1/bd/system/ipshared/7ee0/hdl/generic_baseblocks_v2_1_vl_rfs.v:2133]
INFO: [Synth 8-256] done synthesizing module 'axi_crossbar_v2_1_11_addr_decoder' (3#1) [c:/Users/Andrew/Documents/Vivado_projects/HLS_Xilinx_university_program/projects/lab4/vivado/audio/audio.srcs/sources_1/bd/system/ipshared/d552/hdl/axi_crossbar_v2_1_vl_rfs.v:794]
INFO: [Synth 8-638] synthesizing module 'axi_crossbar_v2_1_11_decerr_slave' [c:/Users/Andrew/Documents/Vivado_projects/HLS_Xilinx_university_program/projects/lab4/vivado/audio/audio.srcs/sources_1/bd/system/ipshared/d552/hdl/axi_crossbar_v2_1_vl_rfs.v:3500]
INFO: [Synth 8-256] done synthesizing module 'axi_crossbar_v2_1_11_decerr_slave' (4#1) [c:/Users/Andrew/Documents/Vivado_projects/HLS_Xilinx_university_program/projects/lab4/vivado/audio/audio.srcs/sources_1/bd/system/ipshared/d552/hdl/axi_crossbar_v2_1_vl_rfs.v:3500]
INFO: [Synth 8-638] synthesizing module 'axi_crossbar_v2_1_11_addr_arbiter_sasd' [c:/Users/Andrew/Documents/Vivado_projects/HLS_Xilinx_university_program/projects/lab4/vivado/audio/audio.srcs/sources_1/bd/system/ipshared/d552/hdl/axi_crossbar_v2_1_vl_rfs.v:65]
INFO: [Synth 8-256] done synthesizing module 'axi_crossbar_v2_1_11_addr_arbiter_sasd' (5#1) [c:/Users/Andrew/Documents/Vivado_projects/HLS_Xilinx_university_program/projects/lab4/vivado/audio/audio.srcs/sources_1/bd/system/ipshared/d552/hdl/axi_crossbar_v2_1_vl_rfs.v:65]
INFO: [Synth 8-638] synthesizing module 'axi_crossbar_v2_1_11_splitter' [c:/Users/Andrew/Documents/Vivado_projects/HLS_Xilinx_university_program/projects/lab4/vivado/audio/audio.srcs/sources_1/bd/system/ipshared/d552/hdl/axi_crossbar_v2_1_vl_rfs.v:4459]
INFO: [Synth 8-256] done synthesizing module 'axi_crossbar_v2_1_11_splitter' (6#1) [c:/Users/Andrew/Documents/Vivado_projects/HLS_Xilinx_university_program/projects/lab4/vivado/audio/audio.srcs/sources_1/bd/system/ipshared/d552/hdl/axi_crossbar_v2_1_vl_rfs.v:4459]
INFO: [Synth 8-638] synthesizing module 'axi_crossbar_v2_1_11_splitter__parameterized0' [c:/Users/Andrew/Documents/Vivado_projects/HLS_Xilinx_university_program/projects/lab4/vivado/audio/audio.srcs/sources_1/bd/system/ipshared/d552/hdl/axi_crossbar_v2_1_vl_rfs.v:4459]
INFO: [Synth 8-256] done synthesizing module 'axi_crossbar_v2_1_11_splitter__parameterized0' (6#1) [c:/Users/Andrew/Documents/Vivado_projects/HLS_Xilinx_university_program/projects/lab4/vivado/audio/audio.srcs/sources_1/bd/system/ipshared/d552/hdl/axi_crossbar_v2_1_vl_rfs.v:4459]
INFO: [Synth 8-638] synthesizing module 'generic_baseblocks_v2_1_0_mux_enc' [c:/Users/Andrew/Documents/Vivado_projects/HLS_Xilinx_university_program/projects/lab4/vivado/audio/audio.srcs/sources_1/bd/system/ipshared/7ee0/hdl/generic_baseblocks_v2_1_vl_rfs.v:2452]
INFO: [Synth 8-256] done synthesizing module 'generic_baseblocks_v2_1_0_mux_enc' (7#1) [c:/Users/Andrew/Documents/Vivado_projects/HLS_Xilinx_university_program/projects/lab4/vivado/audio/audio.srcs/sources_1/bd/system/ipshared/7ee0/hdl/generic_baseblocks_v2_1_vl_rfs.v:2452]
INFO: [Synth 8-638] synthesizing module 'generic_baseblocks_v2_1_0_mux_enc__parameterized0' [c:/Users/Andrew/Documents/Vivado_projects/HLS_Xilinx_university_program/projects/lab4/vivado/audio/audio.srcs/sources_1/bd/system/ipshared/7ee0/hdl/generic_baseblocks_v2_1_vl_rfs.v:2452]
INFO: [Synth 8-256] done synthesizing module 'generic_baseblocks_v2_1_0_mux_enc__parameterized0' (7#1) [c:/Users/Andrew/Documents/Vivado_projects/HLS_Xilinx_university_program/projects/lab4/vivado/audio/audio.srcs/sources_1/bd/system/ipshared/7ee0/hdl/generic_baseblocks_v2_1_vl_rfs.v:2452]
INFO: [Synth 8-638] synthesizing module 'generic_baseblocks_v2_1_0_mux_enc__parameterized1' [c:/Users/Andrew/Documents/Vivado_projects/HLS_Xilinx_university_program/projects/lab4/vivado/audio/audio.srcs/sources_1/bd/system/ipshared/7ee0/hdl/generic_baseblocks_v2_1_vl_rfs.v:2452]
INFO: [Synth 8-256] done synthesizing module 'generic_baseblocks_v2_1_0_mux_enc__parameterized1' (7#1) [c:/Users/Andrew/Documents/Vivado_projects/HLS_Xilinx_university_program/projects/lab4/vivado/audio/audio.srcs/sources_1/bd/system/ipshared/7ee0/hdl/generic_baseblocks_v2_1_vl_rfs.v:2452]
INFO: [Synth 8-638] synthesizing module 'generic_baseblocks_v2_1_0_mux_enc__parameterized2' [c:/Users/Andrew/Documents/Vivado_projects/HLS_Xilinx_university_program/projects/lab4/vivado/audio/audio.srcs/sources_1/bd/system/ipshared/7ee0/hdl/generic_baseblocks_v2_1_vl_rfs.v:2452]
INFO: [Synth 8-256] done synthesizing module 'generic_baseblocks_v2_1_0_mux_enc__parameterized2' (7#1) [c:/Users/Andrew/Documents/Vivado_projects/HLS_Xilinx_university_program/projects/lab4/vivado/audio/audio.srcs/sources_1/bd/system/ipshared/7ee0/hdl/generic_baseblocks_v2_1_vl_rfs.v:2452]
INFO: [Synth 8-638] synthesizing module 'axi_register_slice_v2_1_10_axic_register_slice' [c:/Users/Andrew/Documents/Vivado_projects/HLS_Xilinx_university_program/projects/lab4/vivado/audio/audio.srcs/sources_1/bd/system/ipshared/7efe/hdl/axi_register_slice_v2_1_vl_rfs.v:85]
INFO: [Synth 8-256] done synthesizing module 'axi_register_slice_v2_1_10_axic_register_slice' (8#1) [c:/Users/Andrew/Documents/Vivado_projects/HLS_Xilinx_university_program/projects/lab4/vivado/audio/audio.srcs/sources_1/bd/system/ipshared/7efe/hdl/axi_register_slice_v2_1_vl_rfs.v:85]
INFO: [Synth 8-638] synthesizing module 'generic_baseblocks_v2_1_0_mux_enc__parameterized3' [c:/Users/Andrew/Documents/Vivado_projects/HLS_Xilinx_university_program/projects/lab4/vivado/audio/audio.srcs/sources_1/bd/system/ipshared/7ee0/hdl/generic_baseblocks_v2_1_vl_rfs.v:2452]
INFO: [Synth 8-256] done synthesizing module 'generic_baseblocks_v2_1_0_mux_enc__parameterized3' (8#1) [c:/Users/Andrew/Documents/Vivado_projects/HLS_Xilinx_university_program/projects/lab4/vivado/audio/audio.srcs/sources_1/bd/system/ipshared/7ee0/hdl/generic_baseblocks_v2_1_vl_rfs.v:2452]
INFO: [Synth 8-256] done synthesizing module 'axi_crossbar_v2_1_11_crossbar_sasd' (9#1) [c:/Users/Andrew/Documents/Vivado_projects/HLS_Xilinx_university_program/projects/lab4/vivado/audio/audio.srcs/sources_1/bd/system/ipshared/d552/hdl/axi_crossbar_v2_1_vl_rfs.v:1240]
INFO: [Synth 8-256] done synthesizing module 'axi_crossbar_v2_1_11_axi_crossbar' (10#1) [c:/Users/Andrew/Documents/Vivado_projects/HLS_Xilinx_university_program/projects/lab4/vivado/audio/audio.srcs/sources_1/bd/system/ipshared/d552/hdl/axi_crossbar_v2_1_vl_rfs.v:4882]
INFO: [Synth 8-256] done synthesizing module 'system_xbar_0' (11#1) [c:/Users/Andrew/Documents/Vivado_projects/HLS_Xilinx_university_program/projects/lab4/vivado/audio/audio.srcs/sources_1/bd/system/ip/system_xbar_0/synth/system_xbar_0.v:59]
Finished RTL Elaboration : Time (s): cpu = 00:00:11 ; elapsed = 00:00:28 . Memory (MB): peak = 468.980 ; gain = 259.742
Finished RTL Optimization Phase 1 : Time (s): cpu = 00:00:11 ; elapsed = 00:00:28 . Memory (MB): peak = 468.980 ; gain = 259.742
INFO: [Device 21-403] Loading part xc7z020clg484-1
Constraint Validation Runtime : Time (s): cpu = 00:00:00 ; elapsed = 00:00:00.036 . Memory (MB): peak = 712.012 ; gain = 0.000
Finished Constraint Validation : Time (s): cpu = 00:00:18 ; elapsed = 00:00:36 . Memory (MB): peak = 712.012 ; gain = 502.773
Finished Loading Part and Timing Information : Time (s): cpu = 00:00:18 ; elapsed = 00:00:36 . Memory (MB): peak = 712.012 ; gain = 502.773
Finished applying 'set_property' XDC Constraints : Time (s): cpu = 00:00:18 ; elapsed = 00:00:36 . Memory (MB): peak = 712.012 ; gain = 502.773
Finished RTL Optimization Phase 2 : Time (s): cpu = 00:00:18 ; elapsed = 00:00:37 . Memory (MB): peak = 712.012 ; gain = 502.773
Finished Cross Boundary and Area Optimization : Time (s): cpu = 00:00:19 ; elapsed = 00:00:37 . Memory (MB): peak = 712.012 ; gain = 502.773
Finished Applying XDC Timing Constraints : Time (s): cpu = 00:00:26 ; elapsed = 00:00:44 . Memory (MB): peak = 712.012 ; gain = 502.773
Finished Timing Optimization : Time (s): cpu = 00:00:26 ; elapsed = 00:00:45 . Memory (MB): peak = 712.012 ; gain = 502.773
Finished Technology Mapping : Time (s): cpu = 00:00:26 ; elapsed = 00:00:45 . Memory (MB): peak = 712.012 ; gain = 502.773
Finished IO Insertion : Time (s): cpu = 00:00:26 ; elapsed = 00:00:45 . Memory (MB): peak = 712.012 ; gain = 502.773
Finished Renaming Generated Instances : Time (s): cpu = 00:00:26 ; elapsed = 00:00:45 . Memory (MB): peak = 712.012 ; gain = 502.773
Finished Rebuilding User Hierarchy : Time (s): cpu = 00:00:27 ; elapsed = 00:00:45 . Memory (MB): peak = 712.012 ; gain = 502.773
Finished Renaming Generated Ports : Time (s): cpu = 00:00:27 ; elapsed = 00:00:45 . Memory (MB): peak = 712.012 ; gain = 502.773
Finished Handling Custom Attributes : Time (s): cpu = 00:00:27 ; elapsed = 00:00:45 . Memory (MB): peak = 712.012 ; gain = 502.773
Finished Renaming Generated Nets : Time (s): cpu = 00:00:27 ; elapsed = 00:00:45 . Memory (MB): peak = 712.012 ; gain = 502.773

Report Cell Usage: 
+------+-----+------+
|      |Cell |Count |
+------+-----+------+
|1     |LUT1 |     2|
|2     |LUT2 |    20|
|3     |LUT3 |    42|
|4     |LUT4 |    50|
|5     |LUT5 |    60|
|6     |LUT6 |    64|
|7     |FDRE |   133|
+------+-----+------+
Finished Writing Synthesis Report : Time (s): cpu = 00:00:27 ; elapsed = 00:00:45 . Memory (MB): peak = 712.012 ; gain = 502.773
synth_design: Time (s): cpu = 00:00:24 ; elapsed = 00:00:35 . Memory (MB): peak = 712.012 ; gain = 442.090
