

================================================================
== Vivado HLS Report for 'dct'
================================================================
* Date:           Wed Apr 26 22:11:37 2017

* Version:        2016.3 (Build 1682563 on Mon Oct 10 19:41:59 MDT 2016)
* Project:        dct.prj
* Solution:       solution2
* Product family: zynq
* Target device:  xc7z020clg484-1


================================================================
== Performance Estimates
================================================================
+ Timing (ns): 
    * Summary: 
    +--------+-------+----------+------------+
    |  Clock | Target| Estimated| Uncertainty|
    +--------+-------+----------+------------+
    |ap_clk  |  10.00|      7.68|        1.25|
    +--------+-------+----------+------------+

+ Latency (clock cycles): 
    * Summary: 
    +------+------+------+------+---------+
    |   Latency   |   Interval  | Pipeline|
    |  min |  max |  min |  max |   Type  |
    +------+------+------+------+---------+
    |  1851|  1851|  1852|  1852|   none  |
    +------+------+------+------+---------+

    + Detail: 
        * Instance: 
        N/A

        * Loop: 
        +---------------------------+-----+-----+----------+-----------+-----------+------+----------+
        |                           |  Latency  | Iteration|  Initiation Interval  | Trip |          |
        |         Loop Name         | min | max |  Latency |  achieved |   target  | Count| Pipelined|
        +---------------------------+-----+-----+----------+-----------+-----------+------+----------+
        |- RD_Loop_Row_RD_Loop_Col  |   64|   64|         2|          1|          1|    64|    yes   |
        |- WR_Loop_Row_WR_Loop_Col  |   64|   64|         2|          1|          1|    64|    yes   |
        +---------------------------+-----+-----+----------+-----------+-----------+------+----------+

============================================================
+ Verbose Summary: Synthesis Manager
============================================================
InlineROM: 1
ExposeGlobal: 0
============================================================
+ Verbose Summary: CDFG Model
============================================================
IsTopModel: 1
ResetActiveHigh: 1
IsCombinational: 0
IsDatapathOnly: 0
HasWiredReturn: 1
HasMFsm: 0
HasVarLatency: 1
IsPipeline: 0
IsRtlPipelined: 0
IsInstanceOverlapped: 0
IsDontTouch: 0
HasImplIP: 0
IsGatedGlobalClock: 0

+ Individual pipeline summary: 
  * Pipeline-0: initiation interval (II) = 1, depth = 2
  * Pipeline-1: initiation interval (II) = 1, depth = 2


============================================================
+ Verbose Summary: Schedule
============================================================
* Number of FSM states: 8
* Pipeline: 2
  Pipeline-0: II = 1, D = 2, States = { 2 3 }
  Pipeline-1: II = 1, D = 2, States = { 6 7 }
* Dataflow Pipeline: 0

* FSM state transitions: 
1 --> 
	2  / true
2 --> 
	4  / (exitcond_flatten)
	3  / (!exitcond_flatten)
3 --> 
	2  / true
4 --> 
	5  / true
5 --> 
	6  / true
6 --> 
	8  / (exitcond_flatten2)
	7  / (!exitcond_flatten2)
7 --> 
	6  / true
8 --> 
* FSM state operations: 

 <State 1>: 1.57ns
ST_1: StgValue_9 (4)  [1/1] 0.00ns
:0  call void (...)* @_ssdm_op_SpecBitsMap([64 x i16]* %input_r) nounwind, !map !19

ST_1: StgValue_10 (5)  [1/1] 0.00ns
:1  call void (...)* @_ssdm_op_SpecBitsMap([64 x i16]* %output_r) nounwind, !map !25

ST_1: StgValue_11 (6)  [1/1] 0.00ns
:2  call void (...)* @_ssdm_op_SpecTopModule([4 x i8]* @dct_str) nounwind

ST_1: buf_2d_in (7)  [1/1] 0.00ns  loc: resource/lab3/dct.c:81
:3  %buf_2d_in = alloca [64 x i16], align 2

ST_1: buf_2d_out (8)  [1/1] 0.00ns
:4  %buf_2d_out = alloca [64 x i16], align 2

ST_1: StgValue_14 (9)  [1/1] 1.57ns  loc: resource/lab3/dct.c:59->resource/lab3/dct.c:85
:5  br label %1


 <State 2>: 7.68ns
ST_2: indvar_flatten (11)  [1/1] 0.00ns
:0  %indvar_flatten = phi i7 [ 0, %0 ], [ %indvar_flatten_next, %.reset ]

ST_2: r_i (12)  [1/1] 0.00ns  loc: resource/lab3/dct.c:59->resource/lab3/dct.c:85
:1  %r_i = phi i4 [ 0, %0 ], [ %r_i_cast8_mid2_v, %.reset ]

ST_2: c_i (13)  [1/1] 0.00ns
:2  %c_i = phi i4 [ 0, %0 ], [ %c, %.reset ]

ST_2: exitcond_flatten (14)  [1/1] 1.97ns
:3  %exitcond_flatten = icmp eq i7 %indvar_flatten, -64

ST_2: indvar_flatten_next (15)  [1/1] 1.72ns
:4  %indvar_flatten_next = add i7 %indvar_flatten, 1

ST_2: StgValue_20 (16)  [1/1] 0.00ns
:5  br i1 %exitcond_flatten, label %read_data.exit, label %.reset

ST_2: r (18)  [1/1] 0.80ns  loc: resource/lab3/dct.c:59->resource/lab3/dct.c:85
.reset:0  %r = add i4 1, %r_i

ST_2: exitcond_i (21)  [1/1] 1.88ns  loc: resource/lab3/dct.c:61->resource/lab3/dct.c:85
.reset:3  %exitcond_i = icmp eq i4 %c_i, -8

ST_2: c_i_mid2 (22)  [1/1] 1.37ns  loc: resource/lab3/dct.c:61->resource/lab3/dct.c:85
.reset:4  %c_i_mid2 = select i1 %exitcond_i, i4 0, i4 %c_i

ST_2: r_i_cast8_mid2_v (23)  [1/1] 1.37ns  loc: resource/lab3/dct.c:59->resource/lab3/dct.c:85
.reset:5  %r_i_cast8_mid2_v = select i1 %exitcond_i, i4 %r, i4 %r_i

ST_2: tmp_3 (26)  [1/1] 0.00ns  loc: resource/lab3/dct.c:59->resource/lab3/dct.c:85
.reset:8  %tmp_3 = trunc i4 %r_i_cast8_mid2_v to i3

ST_2: tmp_i_mid2 (27)  [1/1] 0.00ns  loc: resource/lab3/dct.c:62->resource/lab3/dct.c:85
.reset:9  %tmp_i_mid2 = call i6 @_ssdm_op_BitConcatenate.i6.i3.i3(i3 %tmp_3, i3 0)

ST_2: c_i_cast6 (28)  [1/1] 0.00ns  loc: resource/lab3/dct.c:61->resource/lab3/dct.c:85
.reset:10  %c_i_cast6 = zext i4 %c_i_mid2 to i6

ST_2: sum_i (36)  [1/1] 1.72ns  loc: resource/lab3/dct.c:62->resource/lab3/dct.c:85
.reset:18  %sum_i = add i6 %tmp_i_mid2, %c_i_cast6

ST_2: sum_i_cast (37)  [1/1] 0.00ns  loc: resource/lab3/dct.c:62->resource/lab3/dct.c:85
.reset:19  %sum_i_cast = zext i6 %sum_i to i32

ST_2: input_addr (38)  [1/1] 0.00ns  loc: resource/lab3/dct.c:62->resource/lab3/dct.c:85
.reset:20  %input_addr = getelementptr [64 x i16]* %input_r, i32 0, i32 %sum_i_cast

ST_2: input_load (39)  [2/2] 2.71ns  loc: resource/lab3/dct.c:62->resource/lab3/dct.c:85
.reset:21  %input_load = load i16* %input_addr, align 2

ST_2: c (42)  [1/1] 0.80ns  loc: resource/lab3/dct.c:61->resource/lab3/dct.c:85
.reset:24  %c = add i4 1, %c_i_mid2


 <State 3>: 5.42ns
ST_3: StgValue_33 (19)  [1/1] 0.00ns
.reset:1  call void (...)* @_ssdm_op_SpecLoopName([24 x i8]* @RD_Loop_Row_RD_Loop_s)

ST_3: empty (20)  [1/1] 0.00ns
.reset:2  %empty = call i32 (...)* @_ssdm_op_SpecLoopTripCount(i64 64, i64 64, i64 64) nounwind

ST_3: tmp (24)  [1/1] 0.00ns  loc: resource/lab3/dct.c:59->resource/lab3/dct.c:85
.reset:6  %tmp = call i7 @_ssdm_op_BitConcatenate.i7.i4.i3(i4 %r_i_cast8_mid2_v, i3 0)

ST_3: tmp_26_cast (25)  [1/1] 0.00ns  loc: resource/lab3/dct.c:59->resource/lab3/dct.c:85
.reset:7  %tmp_26_cast = zext i7 %tmp to i8

ST_3: c_i_cast5_cast (29)  [1/1] 0.00ns  loc: resource/lab3/dct.c:62->resource/lab3/dct.c:85
.reset:11  %c_i_cast5_cast = zext i4 %c_i_mid2 to i8

ST_3: tmp_s (30)  [1/1] 1.72ns  loc: resource/lab3/dct.c:62->resource/lab3/dct.c:85
.reset:12  %tmp_s = add i8 %tmp_26_cast, %c_i_cast5_cast

ST_3: tmp_28_cast (31)  [1/1] 0.00ns  loc: resource/lab3/dct.c:62->resource/lab3/dct.c:85
.reset:13  %tmp_28_cast = zext i8 %tmp_s to i32

ST_3: buf_2d_in_addr (32)  [1/1] 0.00ns  loc: resource/lab3/dct.c:62->resource/lab3/dct.c:85
.reset:14  %buf_2d_in_addr = getelementptr [64 x i16]* %buf_2d_in, i32 0, i32 %tmp_28_cast

ST_3: StgValue_41 (33)  [1/1] 0.00ns  loc: resource/lab3/dct.c:62->resource/lab3/dct.c:85
.reset:15  call void (...)* @_ssdm_op_SpecLoopName([12 x i8]* @p_str10) nounwind

ST_3: tmp_4_i (34)  [1/1] 0.00ns  loc: resource/lab3/dct.c:62->resource/lab3/dct.c:85
.reset:16  %tmp_4_i = call i32 (...)* @_ssdm_op_SpecRegionBegin([12 x i8]* @p_str10) nounwind

ST_3: StgValue_43 (35)  [1/1] 0.00ns  loc: resource/lab3/dct.c:63->resource/lab3/dct.c:85
.reset:17  call void (...)* @_ssdm_op_SpecPipeline(i32 -1, i32 1, i32 1, i32 0, [1 x i8]* @p_str2) nounwind

ST_3: input_load (39)  [1/2] 2.71ns  loc: resource/lab3/dct.c:62->resource/lab3/dct.c:85
.reset:21  %input_load = load i16* %input_addr, align 2

ST_3: StgValue_45 (40)  [1/1] 2.71ns  loc: resource/lab3/dct.c:62->resource/lab3/dct.c:85
.reset:22  store i16 %input_load, i16* %buf_2d_in_addr, align 2

ST_3: empty_13 (41)  [1/1] 0.00ns  loc: resource/lab3/dct.c:62->resource/lab3/dct.c:85
.reset:23  %empty_13 = call i32 (...)* @_ssdm_op_SpecRegionEnd([12 x i8]* @p_str10, i32 %tmp_4_i) nounwind

ST_3: StgValue_47 (43)  [1/1] 0.00ns
.reset:25  br label %1


 <State 4>: 0.00ns
ST_4: StgValue_48 (45)  [2/2] 0.00ns  loc: resource/lab3/dct.c:87
read_data.exit:0  call fastcc void @dct_2d([64 x i16]* %buf_2d_in, [64 x i16]* %buf_2d_out) nounwind


 <State 5>: 1.57ns
ST_5: StgValue_49 (45)  [1/2] 0.00ns  loc: resource/lab3/dct.c:87
read_data.exit:0  call fastcc void @dct_2d([64 x i16]* %buf_2d_in, [64 x i16]* %buf_2d_out) nounwind

ST_5: StgValue_50 (46)  [1/1] 1.57ns  loc: resource/lab3/dct.c:71->resource/lab3/dct.c:90
read_data.exit:1  br label %2


 <State 6>: 7.68ns
ST_6: indvar_flatten2 (48)  [1/1] 0.00ns
:0  %indvar_flatten2 = phi i7 [ 0, %read_data.exit ], [ %indvar_flatten_next2, %.reset10 ]

ST_6: r_i2 (49)  [1/1] 0.00ns  loc: resource/lab3/dct.c:71->resource/lab3/dct.c:90
:1  %r_i2 = phi i4 [ 0, %read_data.exit ], [ %r_i2_cast4_mid2_v, %.reset10 ]

ST_6: c_i5 (50)  [1/1] 0.00ns
:2  %c_i5 = phi i4 [ 0, %read_data.exit ], [ %c_1, %.reset10 ]

ST_6: exitcond_flatten2 (51)  [1/1] 1.97ns
:3  %exitcond_flatten2 = icmp eq i7 %indvar_flatten2, -64

ST_6: indvar_flatten_next2 (52)  [1/1] 1.72ns
:4  %indvar_flatten_next2 = add i7 %indvar_flatten2, 1

ST_6: StgValue_56 (53)  [1/1] 0.00ns
:5  br i1 %exitcond_flatten2, label %write_data.exit, label %.reset10

ST_6: r_1 (55)  [1/1] 0.80ns  loc: resource/lab3/dct.c:71->resource/lab3/dct.c:90
.reset10:0  %r_1 = add i4 1, %r_i2

ST_6: exitcond_i1 (58)  [1/1] 1.88ns  loc: resource/lab3/dct.c:73->resource/lab3/dct.c:90
.reset10:3  %exitcond_i1 = icmp eq i4 %c_i5, -8

ST_6: c_i5_mid2 (59)  [1/1] 1.37ns  loc: resource/lab3/dct.c:73->resource/lab3/dct.c:90
.reset10:4  %c_i5_mid2 = select i1 %exitcond_i1, i4 0, i4 %c_i5

ST_6: r_i2_cast4_mid2_v (60)  [1/1] 1.37ns  loc: resource/lab3/dct.c:71->resource/lab3/dct.c:90
.reset10:5  %r_i2_cast4_mid2_v = select i1 %exitcond_i1, i4 %r_1, i4 %r_i2

ST_6: tmp_19 (61)  [1/1] 0.00ns  loc: resource/lab3/dct.c:71->resource/lab3/dct.c:90
.reset10:6  %tmp_19 = call i7 @_ssdm_op_BitConcatenate.i7.i4.i3(i4 %r_i2_cast4_mid2_v, i3 0)

ST_6: tmp_30_cast (62)  [1/1] 0.00ns  loc: resource/lab3/dct.c:71->resource/lab3/dct.c:90
.reset10:7  %tmp_30_cast = zext i7 %tmp_19 to i8

ST_6: tmp_4 (63)  [1/1] 0.00ns  loc: resource/lab3/dct.c:71->resource/lab3/dct.c:90
.reset10:8  %tmp_4 = trunc i4 %r_i2_cast4_mid2_v to i3

ST_6: tmp_i4_mid2 (64)  [1/1] 0.00ns  loc: resource/lab3/dct.c:74->resource/lab3/dct.c:90
.reset10:9  %tmp_i4_mid2 = call i6 @_ssdm_op_BitConcatenate.i6.i3.i3(i3 %tmp_4, i3 0)

ST_6: c_i5_cast2 (65)  [1/1] 0.00ns  loc: resource/lab3/dct.c:73->resource/lab3/dct.c:90
.reset10:10  %c_i5_cast2 = zext i4 %c_i5_mid2 to i6

ST_6: c_i5_cast1_cast (66)  [1/1] 0.00ns  loc: resource/lab3/dct.c:74->resource/lab3/dct.c:90
.reset10:11  %c_i5_cast1_cast = zext i4 %c_i5_mid2 to i8

ST_6: tmp_20 (67)  [1/1] 1.72ns  loc: resource/lab3/dct.c:74->resource/lab3/dct.c:90
.reset10:12  %tmp_20 = add i8 %tmp_30_cast, %c_i5_cast1_cast

ST_6: tmp_32_cast (68)  [1/1] 0.00ns  loc: resource/lab3/dct.c:74->resource/lab3/dct.c:90
.reset10:13  %tmp_32_cast = zext i8 %tmp_20 to i32

ST_6: buf_2d_out_addr (69)  [1/1] 0.00ns  loc: resource/lab3/dct.c:74->resource/lab3/dct.c:90
.reset10:14  %buf_2d_out_addr = getelementptr [64 x i16]* %buf_2d_out, i32 0, i32 %tmp_32_cast

ST_6: buf_2d_out_load (73)  [2/2] 2.71ns  loc: resource/lab3/dct.c:74->resource/lab3/dct.c:90
.reset10:18  %buf_2d_out_load = load i16* %buf_2d_out_addr, align 2

ST_6: sum3_i (74)  [1/1] 1.72ns  loc: resource/lab3/dct.c:74->resource/lab3/dct.c:90
.reset10:19  %sum3_i = add i6 %tmp_i4_mid2, %c_i5_cast2

ST_6: c_1 (79)  [1/1] 0.80ns  loc: resource/lab3/dct.c:73->resource/lab3/dct.c:90
.reset10:24  %c_1 = add i4 1, %c_i5_mid2


 <State 7>: 5.42ns
ST_7: StgValue_73 (56)  [1/1] 0.00ns
.reset10:1  call void (...)* @_ssdm_op_SpecLoopName([24 x i8]* @WR_Loop_Row_WR_Loop_s)

ST_7: empty_14 (57)  [1/1] 0.00ns
.reset10:2  %empty_14 = call i32 (...)* @_ssdm_op_SpecLoopTripCount(i64 64, i64 64, i64 64) nounwind

ST_7: StgValue_75 (70)  [1/1] 0.00ns  loc: resource/lab3/dct.c:74->resource/lab3/dct.c:90
.reset10:15  call void (...)* @_ssdm_op_SpecLoopName([12 x i8]* @p_str12) nounwind

ST_7: tmp_2_i (71)  [1/1] 0.00ns  loc: resource/lab3/dct.c:74->resource/lab3/dct.c:90
.reset10:16  %tmp_2_i = call i32 (...)* @_ssdm_op_SpecRegionBegin([12 x i8]* @p_str12) nounwind

ST_7: StgValue_77 (72)  [1/1] 0.00ns  loc: resource/lab3/dct.c:75->resource/lab3/dct.c:90
.reset10:17  call void (...)* @_ssdm_op_SpecPipeline(i32 -1, i32 1, i32 1, i32 0, [1 x i8]* @p_str2) nounwind

ST_7: buf_2d_out_load (73)  [1/2] 2.71ns  loc: resource/lab3/dct.c:74->resource/lab3/dct.c:90
.reset10:18  %buf_2d_out_load = load i16* %buf_2d_out_addr, align 2

ST_7: sum3_i_cast (75)  [1/1] 0.00ns  loc: resource/lab3/dct.c:74->resource/lab3/dct.c:90
.reset10:20  %sum3_i_cast = zext i6 %sum3_i to i32

ST_7: output_addr (76)  [1/1] 0.00ns  loc: resource/lab3/dct.c:74->resource/lab3/dct.c:90
.reset10:21  %output_addr = getelementptr [64 x i16]* %output_r, i32 0, i32 %sum3_i_cast

ST_7: StgValue_81 (77)  [1/1] 2.71ns  loc: resource/lab3/dct.c:74->resource/lab3/dct.c:90
.reset10:22  store i16 %buf_2d_out_load, i16* %output_addr, align 2

ST_7: empty_15 (78)  [1/1] 0.00ns  loc: resource/lab3/dct.c:74->resource/lab3/dct.c:90
.reset10:23  %empty_15 = call i32 (...)* @_ssdm_op_SpecRegionEnd([12 x i8]* @p_str12, i32 %tmp_2_i) nounwind

ST_7: StgValue_83 (80)  [1/1] 0.00ns
.reset10:25  br label %2


 <State 8>: 0.00ns
ST_8: StgValue_84 (82)  [1/1] 0.00ns  loc: resource/lab3/dct.c:91
write_data.exit:0  ret void



============================================================
+ Verbose Summary: Timing violations
============================================================
Target clock period: 10ns, clock uncertainty: 1.25ns.

 <State 1>: 1.57ns
The critical path consists of the following:
	multiplexor before 'phi' operation ('indvar_flatten') with incoming values : ('indvar_flatten_next') [11]  (1.57 ns)

 <State 2>: 7.68ns
The critical path consists of the following:
	'phi' operation ('c') with incoming values : ('c', resource/lab3/dct.c:61->resource/lab3/dct.c:85) [13]  (0 ns)
	'icmp' operation ('exitcond_i', resource/lab3/dct.c:61->resource/lab3/dct.c:85) [21]  (1.88 ns)
	'select' operation ('r_i_cast8_mid2_v', resource/lab3/dct.c:59->resource/lab3/dct.c:85) [23]  (1.37 ns)
	'add' operation ('sum_i', resource/lab3/dct.c:62->resource/lab3/dct.c:85) [36]  (1.72 ns)
	'getelementptr' operation ('input_addr', resource/lab3/dct.c:62->resource/lab3/dct.c:85) [38]  (0 ns)
	'load' operation ('input_load', resource/lab3/dct.c:62->resource/lab3/dct.c:85) on array 'input_r' [39]  (2.71 ns)

 <State 3>: 5.42ns
The critical path consists of the following:
	'load' operation ('input_load', resource/lab3/dct.c:62->resource/lab3/dct.c:85) on array 'input_r' [39]  (2.71 ns)
	'store' operation (resource/lab3/dct.c:62->resource/lab3/dct.c:85) of variable 'input_load', resource/lab3/dct.c:62->resource/lab3/dct.c:85 on array 'buf_2d_in', resource/lab3/dct.c:81 [40]  (2.71 ns)

 <State 4>: 0ns
The critical path consists of the following:

 <State 5>: 1.57ns
The critical path consists of the following:
	multiplexor before 'phi' operation ('indvar_flatten2') with incoming values : ('indvar_flatten_next2') [48]  (1.57 ns)

 <State 6>: 7.68ns
The critical path consists of the following:
	'phi' operation ('c') with incoming values : ('c', resource/lab3/dct.c:73->resource/lab3/dct.c:90) [50]  (0 ns)
	'icmp' operation ('exitcond_i1', resource/lab3/dct.c:73->resource/lab3/dct.c:90) [58]  (1.88 ns)
	'select' operation ('c_i5_mid2', resource/lab3/dct.c:73->resource/lab3/dct.c:90) [59]  (1.37 ns)
	'add' operation ('tmp_20', resource/lab3/dct.c:74->resource/lab3/dct.c:90) [67]  (1.72 ns)
	'getelementptr' operation ('buf_2d_out_addr', resource/lab3/dct.c:74->resource/lab3/dct.c:90) [69]  (0 ns)
	'load' operation ('buf_2d_out_load', resource/lab3/dct.c:74->resource/lab3/dct.c:90) on array 'buf_2d_out' [73]  (2.71 ns)

 <State 7>: 5.42ns
The critical path consists of the following:
	'load' operation ('buf_2d_out_load', resource/lab3/dct.c:74->resource/lab3/dct.c:90) on array 'buf_2d_out' [73]  (2.71 ns)
	'store' operation (resource/lab3/dct.c:74->resource/lab3/dct.c:90) of variable 'buf_2d_out_load', resource/lab3/dct.c:74->resource/lab3/dct.c:90 on array 'output_r' [77]  (2.71 ns)

 <State 8>: 0ns
The critical path consists of the following:


============================================================
+ Verbose Summary: Binding
============================================================
N/A
* FSMD analyzer results:
  - Output states:
 - Input state : 
  - Chain level:
	State 1
	State 2
	State 3
	State 4
	State 5
	State 6
	State 7
	State 8


============================================================
+ Verbose Summary: Datapath Resource usage 
============================================================
N/A
