

================================================================
== Vivado HLS Report for 'dct'
================================================================
* Date:           Wed Apr 26 22:26:32 2017

* Version:        2016.3 (Build 1682563 on Mon Oct 10 19:41:59 MDT 2016)
* Project:        dct.prj
* Solution:       solution4
* Product family: zynq
* Target device:  xc7z020clg484-1


================================================================
== Performance Estimates
================================================================
+ Timing (ns): 
    * Summary: 
    +--------+-------+----------+------------+
    |  Clock | Target| Estimated| Uncertainty|
    +--------+-------+----------+------------+
    |ap_clk  |  10.00|     10.79|        1.25|
    +--------+-------+----------+------------+

+ Latency (clock cycles): 
    * Summary: 
    +-----+-----+-----+-----+---------+
    |  Latency  |  Interval | Pipeline|
    | min | max | min | max |   Type  |
    +-----+-----+-----+-----+---------+
    |  672|  672|  673|  673|   none  |
    +-----+-----+-----+-----+---------+

    + Detail: 
        * Instance: 
        N/A

        * Loop: 
        +---------------------------+-----+-----+----------+-----------+-----------+------+----------+
        |                           |  Latency  | Iteration|  Initiation Interval  | Trip |          |
        |         Loop Name         | min | max |  Latency |  achieved |   target  | Count| Pipelined|
        +---------------------------+-----+-----+----------+-----------+-----------+------+----------+
        |- WR_Loop_Row_WR_Loop_Col  |   64|   64|         2|          1|          1|    64|    yes   |
        +---------------------------+-----+-----+----------+-----------+-----------+------+----------+

============================================================
+ Verbose Summary: Synthesis Manager
============================================================
InlineROM: 1
ExposeGlobal: 0
============================================================
+ Verbose Summary: CDFG Model
============================================================
IsTopModel: 1
ResetActiveHigh: 1
IsCombinational: 0
IsDatapathOnly: 0
HasWiredReturn: 1
HasMFsm: 0
HasVarLatency: 1
IsPipeline: 0
IsRtlPipelined: 0
IsInstanceOverlapped: 0
IsDontTouch: 0
HasImplIP: 0
IsGatedGlobalClock: 0

+ Individual pipeline summary: 
  * Pipeline-0: initiation interval (II) = 1, depth = 2


============================================================
+ Verbose Summary: Schedule
============================================================
* Number of FSM states: 7
* Pipeline: 1
  Pipeline-0: II = 1, D = 2, States = { 5 6 }
* Dataflow Pipeline: 0

* FSM state transitions: 
1 --> 
	2  / true
2 --> 
	3  / true
3 --> 
	4  / true
4 --> 
	5  / true
5 --> 
	7  / (exitcond_flatten)
	6  / (!exitcond_flatten)
6 --> 
	5  / true
7 --> 
* FSM state operations: 

 <State 1>: 0.00ns
ST_1: buf_2d_in_0 (14)  [1/1] 0.00ns  loc: resource/lab3/dct.c:81
:3  %buf_2d_in_0 = alloca [8 x i16], align 2

ST_1: buf_2d_in_1 (15)  [1/1] 0.00ns  loc: resource/lab3/dct.c:81
:4  %buf_2d_in_1 = alloca [8 x i16], align 2

ST_1: buf_2d_in_2 (16)  [1/1] 0.00ns  loc: resource/lab3/dct.c:81
:5  %buf_2d_in_2 = alloca [8 x i16], align 2

ST_1: buf_2d_in_3 (17)  [1/1] 0.00ns  loc: resource/lab3/dct.c:81
:6  %buf_2d_in_3 = alloca [8 x i16], align 2

ST_1: buf_2d_in_4 (18)  [1/1] 0.00ns  loc: resource/lab3/dct.c:81
:7  %buf_2d_in_4 = alloca [8 x i16], align 2

ST_1: buf_2d_in_5 (19)  [1/1] 0.00ns  loc: resource/lab3/dct.c:81
:8  %buf_2d_in_5 = alloca [8 x i16], align 2

ST_1: buf_2d_in_6 (20)  [1/1] 0.00ns  loc: resource/lab3/dct.c:81
:9  %buf_2d_in_6 = alloca [8 x i16], align 2

ST_1: buf_2d_in_7 (21)  [1/1] 0.00ns  loc: resource/lab3/dct.c:81
:10  %buf_2d_in_7 = alloca [8 x i16], align 2

ST_1: buf_2d_out (22)  [1/1] 0.00ns
:11  %buf_2d_out = alloca [64 x i16], align 2

ST_1: StgValue_17 (23)  [2/2] 0.00ns  loc: resource/lab3/dct.c:85
:12  call fastcc void @read_data([64 x i16]* %input_r, [8 x i16]* %buf_2d_in_0, [8 x i16]* %buf_2d_in_1, [8 x i16]* %buf_2d_in_2, [8 x i16]* %buf_2d_in_3, [8 x i16]* %buf_2d_in_4, [8 x i16]* %buf_2d_in_5, [8 x i16]* %buf_2d_in_6, [8 x i16]* %buf_2d_in_7) nounwind


 <State 2>: 0.00ns
ST_2: StgValue_18 (23)  [1/2] 0.00ns  loc: resource/lab3/dct.c:85
:12  call fastcc void @read_data([64 x i16]* %input_r, [8 x i16]* %buf_2d_in_0, [8 x i16]* %buf_2d_in_1, [8 x i16]* %buf_2d_in_2, [8 x i16]* %buf_2d_in_3, [8 x i16]* %buf_2d_in_4, [8 x i16]* %buf_2d_in_5, [8 x i16]* %buf_2d_in_6, [8 x i16]* %buf_2d_in_7) nounwind


 <State 3>: 0.00ns
ST_3: StgValue_19 (24)  [2/2] 0.00ns  loc: resource/lab3/dct.c:87
:13  call fastcc void @dct_2d([8 x i16]* %buf_2d_in_0, [8 x i16]* %buf_2d_in_1, [8 x i16]* %buf_2d_in_2, [8 x i16]* %buf_2d_in_3, [8 x i16]* %buf_2d_in_4, [8 x i16]* %buf_2d_in_5, [8 x i16]* %buf_2d_in_6, [8 x i16]* %buf_2d_in_7, [64 x i16]* %buf_2d_out) nounwind


 <State 4>: 1.57ns
ST_4: StgValue_20 (11)  [1/1] 0.00ns
:0  call void (...)* @_ssdm_op_SpecBitsMap([64 x i16]* %input_r) nounwind, !map !19

ST_4: StgValue_21 (12)  [1/1] 0.00ns
:1  call void (...)* @_ssdm_op_SpecBitsMap([64 x i16]* %output_r) nounwind, !map !25

ST_4: StgValue_22 (13)  [1/1] 0.00ns
:2  call void (...)* @_ssdm_op_SpecTopModule([4 x i8]* @dct_str) nounwind

ST_4: StgValue_23 (24)  [1/2] 0.00ns  loc: resource/lab3/dct.c:87
:13  call fastcc void @dct_2d([8 x i16]* %buf_2d_in_0, [8 x i16]* %buf_2d_in_1, [8 x i16]* %buf_2d_in_2, [8 x i16]* %buf_2d_in_3, [8 x i16]* %buf_2d_in_4, [8 x i16]* %buf_2d_in_5, [8 x i16]* %buf_2d_in_6, [8 x i16]* %buf_2d_in_7, [64 x i16]* %buf_2d_out) nounwind

ST_4: StgValue_24 (25)  [1/1] 1.57ns  loc: resource/lab3/dct.c:71->resource/lab3/dct.c:90
:14  br label %1


 <State 5>: 7.68ns
ST_5: indvar_flatten (27)  [1/1] 0.00ns
:0  %indvar_flatten = phi i7 [ 0, %0 ], [ %indvar_flatten_next, %.reset ]

ST_5: r_i (28)  [1/1] 0.00ns  loc: resource/lab3/dct.c:71->resource/lab3/dct.c:90
:1  %r_i = phi i4 [ 0, %0 ], [ %r_i_cast4_mid2_v, %.reset ]

ST_5: c_i (29)  [1/1] 0.00ns
:2  %c_i = phi i4 [ 0, %0 ], [ %c, %.reset ]

ST_5: exitcond_flatten (30)  [1/1] 1.97ns
:3  %exitcond_flatten = icmp eq i7 %indvar_flatten, -64

ST_5: indvar_flatten_next (31)  [1/1] 1.72ns
:4  %indvar_flatten_next = add i7 %indvar_flatten, 1

ST_5: StgValue_30 (32)  [1/1] 0.00ns
:5  br i1 %exitcond_flatten, label %write_data.exit, label %.reset

ST_5: r (34)  [1/1] 0.80ns  loc: resource/lab3/dct.c:71->resource/lab3/dct.c:90
.reset:0  %r = add i4 1, %r_i

ST_5: exitcond_i3 (37)  [1/1] 1.88ns  loc: resource/lab3/dct.c:73->resource/lab3/dct.c:90
.reset:3  %exitcond_i3 = icmp eq i4 %c_i, -8

ST_5: c_i_mid2 (38)  [1/1] 1.37ns  loc: resource/lab3/dct.c:73->resource/lab3/dct.c:90
.reset:4  %c_i_mid2 = select i1 %exitcond_i3, i4 0, i4 %c_i

ST_5: r_i_cast4_mid2_v (39)  [1/1] 1.37ns  loc: resource/lab3/dct.c:71->resource/lab3/dct.c:90
.reset:5  %r_i_cast4_mid2_v = select i1 %exitcond_i3, i4 %r, i4 %r_i

ST_5: tmp (40)  [1/1] 0.00ns  loc: resource/lab3/dct.c:71->resource/lab3/dct.c:90
.reset:6  %tmp = call i7 @_ssdm_op_BitConcatenate.i7.i4.i3(i4 %r_i_cast4_mid2_v, i3 0)

ST_5: tmp_44_cast (41)  [1/1] 0.00ns  loc: resource/lab3/dct.c:71->resource/lab3/dct.c:90
.reset:7  %tmp_44_cast = zext i7 %tmp to i8

ST_5: tmp_16 (42)  [1/1] 0.00ns  loc: resource/lab3/dct.c:71->resource/lab3/dct.c:90
.reset:8  %tmp_16 = trunc i4 %r_i_cast4_mid2_v to i3

ST_5: tmp_i_mid2 (43)  [1/1] 0.00ns  loc: resource/lab3/dct.c:74->resource/lab3/dct.c:90
.reset:9  %tmp_i_mid2 = call i6 @_ssdm_op_BitConcatenate.i6.i3.i3(i3 %tmp_16, i3 0)

ST_5: c_i_cast2 (44)  [1/1] 0.00ns  loc: resource/lab3/dct.c:73->resource/lab3/dct.c:90
.reset:10  %c_i_cast2 = zext i4 %c_i_mid2 to i6

ST_5: c_i_cast1_cast (45)  [1/1] 0.00ns  loc: resource/lab3/dct.c:74->resource/lab3/dct.c:90
.reset:11  %c_i_cast1_cast = zext i4 %c_i_mid2 to i8

ST_5: tmp_s (46)  [1/1] 1.72ns  loc: resource/lab3/dct.c:74->resource/lab3/dct.c:90
.reset:12  %tmp_s = add i8 %tmp_44_cast, %c_i_cast1_cast

ST_5: tmp_46_cast (47)  [1/1] 0.00ns  loc: resource/lab3/dct.c:74->resource/lab3/dct.c:90
.reset:13  %tmp_46_cast = zext i8 %tmp_s to i32

ST_5: buf_2d_out_addr (48)  [1/1] 0.00ns  loc: resource/lab3/dct.c:74->resource/lab3/dct.c:90
.reset:14  %buf_2d_out_addr = getelementptr [64 x i16]* %buf_2d_out, i32 0, i32 %tmp_46_cast

ST_5: buf_2d_out_load (52)  [2/2] 2.71ns  loc: resource/lab3/dct.c:74->resource/lab3/dct.c:90
.reset:18  %buf_2d_out_load = load i16* %buf_2d_out_addr, align 2

ST_5: sum3_i (53)  [1/1] 1.72ns  loc: resource/lab3/dct.c:74->resource/lab3/dct.c:90
.reset:19  %sum3_i = add i6 %tmp_i_mid2, %c_i_cast2

ST_5: c (58)  [1/1] 0.80ns  loc: resource/lab3/dct.c:73->resource/lab3/dct.c:90
.reset:24  %c = add i4 1, %c_i_mid2


 <State 6>: 5.42ns
ST_6: StgValue_47 (35)  [1/1] 0.00ns
.reset:1  call void (...)* @_ssdm_op_SpecLoopName([24 x i8]* @WR_Loop_Row_WR_Loop_s)

ST_6: empty (36)  [1/1] 0.00ns
.reset:2  %empty = call i32 (...)* @_ssdm_op_SpecLoopTripCount(i64 64, i64 64, i64 64) nounwind

ST_6: StgValue_49 (49)  [1/1] 0.00ns  loc: resource/lab3/dct.c:74->resource/lab3/dct.c:90
.reset:15  call void (...)* @_ssdm_op_SpecLoopName([12 x i8]* @p_str12) nounwind

ST_6: tmp_2_i (50)  [1/1] 0.00ns  loc: resource/lab3/dct.c:74->resource/lab3/dct.c:90
.reset:16  %tmp_2_i = call i32 (...)* @_ssdm_op_SpecRegionBegin([12 x i8]* @p_str12) nounwind

ST_6: StgValue_51 (51)  [1/1] 0.00ns  loc: resource/lab3/dct.c:75->resource/lab3/dct.c:90
.reset:17  call void (...)* @_ssdm_op_SpecPipeline(i32 -1, i32 1, i32 1, i32 0, [1 x i8]* @p_str1) nounwind

ST_6: buf_2d_out_load (52)  [1/2] 2.71ns  loc: resource/lab3/dct.c:74->resource/lab3/dct.c:90
.reset:18  %buf_2d_out_load = load i16* %buf_2d_out_addr, align 2

ST_6: sum3_i_cast (54)  [1/1] 0.00ns  loc: resource/lab3/dct.c:74->resource/lab3/dct.c:90
.reset:20  %sum3_i_cast = zext i6 %sum3_i to i32

ST_6: output_addr (55)  [1/1] 0.00ns  loc: resource/lab3/dct.c:74->resource/lab3/dct.c:90
.reset:21  %output_addr = getelementptr [64 x i16]* %output_r, i32 0, i32 %sum3_i_cast

ST_6: StgValue_55 (56)  [1/1] 2.71ns  loc: resource/lab3/dct.c:74->resource/lab3/dct.c:90
.reset:22  store i16 %buf_2d_out_load, i16* %output_addr, align 2

ST_6: empty_14 (57)  [1/1] 0.00ns  loc: resource/lab3/dct.c:74->resource/lab3/dct.c:90
.reset:23  %empty_14 = call i32 (...)* @_ssdm_op_SpecRegionEnd([12 x i8]* @p_str12, i32 %tmp_2_i) nounwind

ST_6: StgValue_57 (59)  [1/1] 0.00ns
.reset:25  br label %1


 <State 7>: 0.00ns
ST_7: StgValue_58 (61)  [1/1] 0.00ns  loc: resource/lab3/dct.c:91
write_data.exit:0  ret void



============================================================
+ Verbose Summary: Timing violations
============================================================
Target clock period: 10ns, clock uncertainty: 1.25ns.

 <State 1>: 0ns
The critical path consists of the following:

 <State 2>: 0ns
The critical path consists of the following:

 <State 3>: 0ns
The critical path consists of the following:

 <State 4>: 1.57ns
The critical path consists of the following:
	multiplexor before 'phi' operation ('indvar_flatten') with incoming values : ('indvar_flatten_next') [27]  (1.57 ns)

 <State 5>: 7.68ns
The critical path consists of the following:
	'phi' operation ('c') with incoming values : ('c', resource/lab3/dct.c:73->resource/lab3/dct.c:90) [29]  (0 ns)
	'icmp' operation ('exitcond_i3', resource/lab3/dct.c:73->resource/lab3/dct.c:90) [37]  (1.88 ns)
	'select' operation ('c_i_mid2', resource/lab3/dct.c:73->resource/lab3/dct.c:90) [38]  (1.37 ns)
	'add' operation ('tmp_s', resource/lab3/dct.c:74->resource/lab3/dct.c:90) [46]  (1.72 ns)
	'getelementptr' operation ('buf_2d_out_addr', resource/lab3/dct.c:74->resource/lab3/dct.c:90) [48]  (0 ns)
	'load' operation ('buf_2d_out_load', resource/lab3/dct.c:74->resource/lab3/dct.c:90) on array 'buf_2d_out' [52]  (2.71 ns)

 <State 6>: 5.42ns
The critical path consists of the following:
	'load' operation ('buf_2d_out_load', resource/lab3/dct.c:74->resource/lab3/dct.c:90) on array 'buf_2d_out' [52]  (2.71 ns)
	'store' operation (resource/lab3/dct.c:74->resource/lab3/dct.c:90) of variable 'buf_2d_out_load', resource/lab3/dct.c:74->resource/lab3/dct.c:90 on array 'output_r' [56]  (2.71 ns)

 <State 7>: 0ns
The critical path consists of the following:


============================================================
+ Verbose Summary: Binding
============================================================
N/A
* FSMD analyzer results:
  - Output states:
 - Input state : 
  - Chain level:
	State 1
	State 2
	State 3
	State 4
	State 5
	State 6
	State 7


============================================================
+ Verbose Summary: Datapath Resource usage 
============================================================
N/A
