

================================================================
== Vivado HLS Report for 'read_data'
================================================================
* Date:           Wed Apr 26 22:26:32 2017

* Version:        2016.3 (Build 1682563 on Mon Oct 10 19:41:59 MDT 2016)
* Project:        dct.prj
* Solution:       solution4
* Product family: zynq
* Target device:  xc7z020clg484-1


================================================================
== Performance Estimates
================================================================
+ Timing (ns): 
    * Summary: 
    +--------+-------+----------+------------+
    |  Clock | Target| Estimated| Uncertainty|
    +--------+-------+----------+------------+
    |ap_clk  |  10.00|      7.68|        1.25|
    +--------+-------+----------+------------+

+ Latency (clock cycles): 
    * Summary: 
    +-----+-----+-----+-----+---------+
    |  Latency  |  Interval | Pipeline|
    | min | max | min | max |   Type  |
    +-----+-----+-----+-----+---------+
    |   66|   66|   66|   66|   none  |
    +-----+-----+-----+-----+---------+

    + Detail: 
        * Instance: 
        N/A

        * Loop: 
        +---------------------------+-----+-----+----------+-----------+-----------+------+----------+
        |                           |  Latency  | Iteration|  Initiation Interval  | Trip |          |
        |         Loop Name         | min | max |  Latency |  achieved |   target  | Count| Pipelined|
        +---------------------------+-----+-----+----------+-----------+-----------+------+----------+
        |- RD_Loop_Row_RD_Loop_Col  |   64|   64|         2|          1|          1|    64|    yes   |
        +---------------------------+-----+-----+----------+-----------+-----------+------+----------+

============================================================
+ Verbose Summary: Synthesis Manager
============================================================
InlineROM: 1
ExposeGlobal: 0
============================================================
+ Verbose Summary: CDFG Model
============================================================
IsTopModel: 0
ResetActiveHigh: 1
IsCombinational: 0
IsDatapathOnly: 0
HasWiredReturn: 1
HasMFsm: 0
HasVarLatency: 1
IsPipeline: 0
IsRtlPipelined: 0
IsInstanceOverlapped: 0
IsDontTouch: 0
HasImplIP: 0
IsGatedGlobalClock: 0

+ Individual pipeline summary: 
  * Pipeline-0: initiation interval (II) = 1, depth = 2


============================================================
+ Verbose Summary: Schedule
============================================================
* Number of FSM states: 4
* Pipeline: 1
  Pipeline-0: II = 1, D = 2, States = { 2 3 }
* Dataflow Pipeline: 0

* FSM state transitions: 
1 --> 
	2  / true
2 --> 
	4  / (exitcond_flatten)
	3  / (!exitcond_flatten)
3 --> 
	2  / true
4 --> 
* FSM state operations: 

 <State 1>: 1.57ns
ST_1: StgValue_5 (10)  [1/1] 1.57ns  loc: resource/lab3/dct.c:59
:0  br label %1


 <State 2>: 7.68ns
ST_2: indvar_flatten (12)  [1/1] 0.00ns
:0  %indvar_flatten = phi i7 [ 0, %0 ], [ %indvar_flatten_next, %ifBlock ]

ST_2: r (13)  [1/1] 0.00ns  loc: resource/lab3/dct.c:62
:1  %r = phi i4 [ 0, %0 ], [ %tmp_mid2_v_v, %ifBlock ]

ST_2: c (14)  [1/1] 0.00ns
:2  %c = phi i4 [ 0, %0 ], [ %c_1, %ifBlock ]

ST_2: exitcond_flatten (15)  [1/1] 1.97ns
:3  %exitcond_flatten = icmp eq i7 %indvar_flatten, -64

ST_2: indvar_flatten_next (16)  [1/1] 1.72ns
:4  %indvar_flatten_next = add i7 %indvar_flatten, 1

ST_2: StgValue_11 (17)  [1/1] 0.00ns
:5  br i1 %exitcond_flatten, label %2, label %.reset

ST_2: r_1 (19)  [1/1] 0.80ns  loc: resource/lab3/dct.c:59
.reset:0  %r_1 = add i4 1, %r

ST_2: exitcond3 (22)  [1/1] 1.88ns  loc: resource/lab3/dct.c:61
.reset:3  %exitcond3 = icmp eq i4 %c, -8

ST_2: c_mid2 (23)  [1/1] 1.37ns  loc: resource/lab3/dct.c:61
.reset:4  %c_mid2 = select i1 %exitcond3, i4 0, i4 %c

ST_2: tmp_mid2_v_v (24)  [1/1] 1.37ns  loc: resource/lab3/dct.c:62
.reset:5  %tmp_mid2_v_v = select i1 %exitcond3, i4 %r_1, i4 %r

ST_2: tmp (25)  [1/1] 0.00ns  loc: resource/lab3/dct.c:62
.reset:6  %tmp = trunc i4 %tmp_mid2_v_v to i3

ST_2: tmp_mid2 (26)  [1/1] 0.00ns  loc: resource/lab3/dct.c:62
.reset:7  %tmp_mid2 = call i6 @_ssdm_op_BitConcatenate.i6.i3.i3(i3 %tmp, i3 0)

ST_2: c_cast2 (27)  [1/1] 0.00ns  loc: resource/lab3/dct.c:61
.reset:8  %c_cast2 = zext i4 %c_mid2 to i6

ST_2: sum (32)  [1/1] 1.72ns  loc: resource/lab3/dct.c:62
.reset:13  %sum = add i6 %tmp_mid2, %c_cast2

ST_2: sum_cast (33)  [1/1] 0.00ns  loc: resource/lab3/dct.c:62
.reset:14  %sum_cast = zext i6 %sum to i32

ST_2: input_addr (34)  [1/1] 0.00ns  loc: resource/lab3/dct.c:62
.reset:15  %input_addr = getelementptr [64 x i16]* %input_r, i32 0, i32 %sum_cast

ST_2: input_load (35)  [2/2] 2.71ns  loc: resource/lab3/dct.c:62
.reset:16  %input_load = load i16* %input_addr, align 2

ST_2: StgValue_23 (44)  [1/1] 1.91ns  loc: resource/lab3/dct.c:62
.reset:25  switch i3 %tmp, label %branch7 [
    i3 0, label %branch0
    i3 1, label %branch1
    i3 2, label %branch2
    i3 3, label %branch3
    i3 -4, label %branch4
    i3 -3, label %branch5
    i3 -2, label %branch6
  ]

ST_2: c_1 (71)  [1/1] 0.80ns  loc: resource/lab3/dct.c:61
ifBlock:1  %c_1 = add i4 %c_mid2, 1


 <State 3>: 5.10ns
ST_3: StgValue_25 (20)  [1/1] 0.00ns
.reset:1  call void (...)* @_ssdm_op_SpecLoopName([24 x i8]* @RD_Loop_Row_RD_Loop_s)

ST_3: empty_5 (21)  [1/1] 0.00ns
.reset:2  %empty_5 = call i32 (...)* @_ssdm_op_SpecLoopTripCount(i64 64, i64 64, i64 64)

ST_3: c_cast1 (28)  [1/1] 0.00ns  loc: resource/lab3/dct.c:61
.reset:9  %c_cast1 = zext i4 %c_mid2 to i32

ST_3: StgValue_28 (29)  [1/1] 0.00ns  loc: resource/lab3/dct.c:62
.reset:10  call void (...)* @_ssdm_op_SpecLoopName([12 x i8]* @p_str10) nounwind

ST_3: tmp_4 (30)  [1/1] 0.00ns  loc: resource/lab3/dct.c:62
.reset:11  %tmp_4 = call i32 (...)* @_ssdm_op_SpecRegionBegin([12 x i8]* @p_str10)

ST_3: StgValue_30 (31)  [1/1] 0.00ns  loc: resource/lab3/dct.c:63
.reset:12  call void (...)* @_ssdm_op_SpecPipeline(i32 -1, i32 1, i32 1, i32 0, [1 x i8]* @p_str1) nounwind

ST_3: input_load (35)  [1/2] 2.71ns  loc: resource/lab3/dct.c:62
.reset:16  %input_load = load i16* %input_addr, align 2

ST_3: buf_0_addr (36)  [1/1] 0.00ns  loc: resource/lab3/dct.c:62
.reset:17  %buf_0_addr = getelementptr [8 x i16]* %buf_0, i32 0, i32 %c_cast1

ST_3: buf_1_addr (37)  [1/1] 0.00ns  loc: resource/lab3/dct.c:62
.reset:18  %buf_1_addr = getelementptr [8 x i16]* %buf_1, i32 0, i32 %c_cast1

ST_3: buf_2_addr (38)  [1/1] 0.00ns  loc: resource/lab3/dct.c:62
.reset:19  %buf_2_addr = getelementptr [8 x i16]* %buf_2, i32 0, i32 %c_cast1

ST_3: buf_3_addr (39)  [1/1] 0.00ns  loc: resource/lab3/dct.c:62
.reset:20  %buf_3_addr = getelementptr [8 x i16]* %buf_3, i32 0, i32 %c_cast1

ST_3: buf_4_addr (40)  [1/1] 0.00ns  loc: resource/lab3/dct.c:62
.reset:21  %buf_4_addr = getelementptr [8 x i16]* %buf_4, i32 0, i32 %c_cast1

ST_3: buf_5_addr (41)  [1/1] 0.00ns  loc: resource/lab3/dct.c:62
.reset:22  %buf_5_addr = getelementptr [8 x i16]* %buf_5, i32 0, i32 %c_cast1

ST_3: buf_6_addr (42)  [1/1] 0.00ns  loc: resource/lab3/dct.c:62
.reset:23  %buf_6_addr = getelementptr [8 x i16]* %buf_6, i32 0, i32 %c_cast1

ST_3: buf_7_addr (43)  [1/1] 0.00ns  loc: resource/lab3/dct.c:62
.reset:24  %buf_7_addr = getelementptr [8 x i16]* %buf_7, i32 0, i32 %c_cast1

ST_3: StgValue_40 (46)  [1/1] 2.39ns  loc: resource/lab3/dct.c:62
branch6:0  store i16 %input_load, i16* %buf_6_addr, align 2

ST_3: StgValue_41 (47)  [1/1] 0.00ns  loc: resource/lab3/dct.c:62
branch6:1  br label %ifBlock

ST_3: StgValue_42 (49)  [1/1] 2.39ns  loc: resource/lab3/dct.c:62
branch5:0  store i16 %input_load, i16* %buf_5_addr, align 2

ST_3: StgValue_43 (50)  [1/1] 0.00ns  loc: resource/lab3/dct.c:62
branch5:1  br label %ifBlock

ST_3: StgValue_44 (52)  [1/1] 2.39ns  loc: resource/lab3/dct.c:62
branch4:0  store i16 %input_load, i16* %buf_4_addr, align 2

ST_3: StgValue_45 (53)  [1/1] 0.00ns  loc: resource/lab3/dct.c:62
branch4:1  br label %ifBlock

ST_3: StgValue_46 (55)  [1/1] 2.39ns  loc: resource/lab3/dct.c:62
branch3:0  store i16 %input_load, i16* %buf_3_addr, align 2

ST_3: StgValue_47 (56)  [1/1] 0.00ns  loc: resource/lab3/dct.c:62
branch3:1  br label %ifBlock

ST_3: StgValue_48 (58)  [1/1] 2.39ns  loc: resource/lab3/dct.c:62
branch2:0  store i16 %input_load, i16* %buf_2_addr, align 2

ST_3: StgValue_49 (59)  [1/1] 0.00ns  loc: resource/lab3/dct.c:62
branch2:1  br label %ifBlock

ST_3: StgValue_50 (61)  [1/1] 2.39ns  loc: resource/lab3/dct.c:62
branch1:0  store i16 %input_load, i16* %buf_1_addr, align 2

ST_3: StgValue_51 (62)  [1/1] 0.00ns  loc: resource/lab3/dct.c:62
branch1:1  br label %ifBlock

ST_3: StgValue_52 (64)  [1/1] 2.39ns  loc: resource/lab3/dct.c:62
branch0:0  store i16 %input_load, i16* %buf_0_addr, align 2

ST_3: StgValue_53 (65)  [1/1] 0.00ns  loc: resource/lab3/dct.c:62
branch0:1  br label %ifBlock

ST_3: StgValue_54 (67)  [1/1] 2.39ns  loc: resource/lab3/dct.c:62
branch7:0  store i16 %input_load, i16* %buf_7_addr, align 2

ST_3: StgValue_55 (68)  [1/1] 0.00ns  loc: resource/lab3/dct.c:62
branch7:1  br label %ifBlock

ST_3: empty (70)  [1/1] 0.00ns  loc: resource/lab3/dct.c:62
ifBlock:0  %empty = call i32 (...)* @_ssdm_op_SpecRegionEnd([12 x i8]* @p_str10, i32 %tmp_4)

ST_3: StgValue_57 (72)  [1/1] 0.00ns
ifBlock:2  br label %1


 <State 4>: 0.00ns
ST_4: StgValue_58 (74)  [1/1] 0.00ns  loc: resource/lab3/dct.c:64
:0  ret void



============================================================
+ Verbose Summary: Timing violations
============================================================
Target clock period: 10ns, clock uncertainty: 1.25ns.

 <State 1>: 1.57ns
The critical path consists of the following:
	multiplexor before 'phi' operation ('indvar_flatten') with incoming values : ('indvar_flatten_next') [12]  (1.57 ns)

 <State 2>: 7.68ns
The critical path consists of the following:
	'phi' operation ('c') with incoming values : ('c', resource/lab3/dct.c:61) [14]  (0 ns)
	'icmp' operation ('exitcond3', resource/lab3/dct.c:61) [22]  (1.88 ns)
	'select' operation ('c_mid2', resource/lab3/dct.c:61) [23]  (1.37 ns)
	'add' operation ('sum', resource/lab3/dct.c:62) [32]  (1.72 ns)
	'getelementptr' operation ('input_addr', resource/lab3/dct.c:62) [34]  (0 ns)
	'load' operation ('input_load', resource/lab3/dct.c:62) on array 'input_r' [35]  (2.71 ns)

 <State 3>: 5.1ns
The critical path consists of the following:
	'load' operation ('input_load', resource/lab3/dct.c:62) on array 'input_r' [35]  (2.71 ns)
	'store' operation (resource/lab3/dct.c:62) of variable 'input_load', resource/lab3/dct.c:62 on array 'buf_4' [52]  (2.39 ns)

 <State 4>: 0ns
The critical path consists of the following:


============================================================
+ Verbose Summary: Binding
============================================================
N/A
* FSMD analyzer results:
  - Output states:
 - Input state : 
  - Chain level:
	State 1
	State 2
	State 3
	State 4


============================================================
+ Verbose Summary: Datapath Resource usage 
============================================================
N/A
