@I [HLS-0] Workspace C:/Users/Andrew/Documents/Vivado_projects/HLS_Xilinx_university_program/projects/lab3/dct.prj/solution1 opened at Wed Apr 26 22:07:05 +1200 2017
@I [HLS-100] Execute     config_clock -quiet -name default -period 10 -default=false 
@I [SYN-201] Setting up clock 'default' with a period of 10ns.
@I [HLS-100] Command     config_clock returned 0; 0 sec.
@I [HLS-100] Execute     open_platform DefaultPlatform 
@I [HLS-100] Command     open_platform returned 0; 0 sec.
@I [HLS-100] Execute     import_lib D:/Programs/Vivado/Vivado_HLS/2016.3/common/technology/xilinx/zynq/zynq 
@I [HLS-100] Execute       source D:/Programs/Vivado/Vivado_HLS/2016.3/common/technology/xilinx/common/xilinx.lib 
@I [HLS-100] Execute         source D:/Programs/Vivado/Vivado_HLS/2016.3/common/technology/xilinx/interface/xilinx_interface.lib 
@I [HLS-100] Execute           source D:/Programs/Vivado/Vivado_HLS/2016.3/common/technology/xilinx/interface/plb46.lib 
@I [HLS-100] Command           ap_source returned 0; 0 sec.
@I [HLS-100] Execute           source D:/Programs/Vivado/Vivado_HLS/2016.3/common/technology/xilinx/interface/fsl.lib 
@I [HLS-100] Command           ap_source returned 0; 0 sec.
@I [HLS-100] Execute           source D:/Programs/Vivado/Vivado_HLS/2016.3/common/technology/xilinx/interface/axi4.lib 
@I [HLS-100] Command           ap_source returned 0; 0.001 sec.
@I [HLS-100] Execute           source D:/Programs/Vivado/Vivado_HLS/2016.3/common/technology/xilinx/interface/maxi.lib 
@I [HLS-100] Command           ap_source returned 0; 0 sec.
@I [HLS-100] Execute           source D:/Programs/Vivado/Vivado_HLS/2016.3/common/technology/xilinx/interface/saxilite.lib 
@I [HLS-100] Command           ap_source returned 0; 0 sec.
@I [HLS-100] Command         ap_source returned 0; 0.001 sec.
@I [HLS-100] Execute         source D:/Programs/Vivado/Vivado_HLS/2016.3/common/technology/xilinx/common/dsp48.lib 
@I [HLS-100] Command         ap_source returned 0; 0.001 sec.
@I [HLS-100] Execute         source D:/Programs/Vivado/Vivado_HLS/2016.3/common/technology/xilinx/ip/dds_compiler.lib 
@I [HLS-100] Command         ap_source returned 0; 0 sec.
@I [HLS-100] Execute         source D:/Programs/Vivado/Vivado_HLS/2016.3/common/technology/xilinx/ip/xfft.lib 
@I [HLS-100] Command         ap_source returned 0; 0 sec.
@I [HLS-100] Execute         source D:/Programs/Vivado/Vivado_HLS/2016.3/common/technology/xilinx/ip/xfir.lib 
@I [HLS-100] Command         ap_source returned 0; 0 sec.
@I [HLS-100] Command       ap_source returned 0; 0.005 sec.
@I [HLS-100] Execute       source D:/Programs/Vivado/Vivado_HLS/2016.3/common/technology/xilinx/common/xilinx_old.lib 
@I [HLS-100] Command       ap_source returned 0; 0.001 sec.
@I [HLS-100] Execute       source D:/Programs/Vivado/Vivado_HLS/2016.3/common/technology/xilinx/common/xilinx_vivado.lib 
@I [HLS-100] Command       ap_source returned 0; 0 sec.
@I [HLS-100] Execute       source D:/Programs/Vivado/Vivado_HLS/2016.3/common/technology/xilinx/common/xilinx.hlp 
@I [HLS-100] Execute         source D:/Programs/Vivado/Vivado_HLS/2016.3/common/technology/xilinx/common/target_info.tcl 
@I [HLS-100] Command         ap_source returned 0; 0 sec.
@I [HLS-100] Execute         source D:/Programs/Vivado/Vivado_HLS/2016.3/common/technology/xilinx/interface/xilinx_interface.hlp 
@I [HLS-100] Execute           source D:/Programs/Vivado/Vivado_HLS/2016.3/common/technology/xilinx/interface/maxi.hlp 
@I [HLS-100] Command           ap_source returned 0; 0 sec.
@I [HLS-100] Execute           source D:/Programs/Vivado/Vivado_HLS/2016.3/common/technology/xilinx/interface/saxilite.hlp 
@I [HLS-100] Command           ap_source returned 0; 0.001 sec.
@I [HLS-100] Command         ap_source returned 0; 0.001 sec.
@I [HLS-100] Execute         source D:/Programs/Vivado/Vivado_HLS/2016.3/common/technology/xilinx/common/dsp48.hlp 
@I [HLS-100] Command         ap_source returned 0; 0 sec.
@I [HLS-100] Command       ap_source returned 0; 0.003 sec.
@I [HLS-100] Execute       source D:/Programs/Vivado/Vivado_HLS/2016.3/common/technology/xilinx/zynq/dsp48e1.hlp 
@I [HLS-100] Command       ap_source returned 0; 0 sec.
@I [HLS-100] Execute       get_default_platform 
@I [HLS-100] Command       get_default_platform returned 0; 0 sec.
@I [HLS-100] Execute       config_chip_info -quiet -resource  {SLICE 13300}  {LUT 53200}     {FF 106400} {DSP48E 220}   {BRAM 280}  
@I [HLS-100] Command       config_chip_info returned 0; 0 sec.
@I [HLS-100] Execute       config_chip_info -quiet -speed medium 
@I [HLS-100] Command       config_chip_info returned 0; 0 sec.
@I [HLS-100] Command     import_lib returned 0; 0.013 sec.
@I [HLS-100] Execute     source D:/Programs/Vivado/Vivado_HLS/2016.3/common/technology/xilinx/zynq/zynq.gen 
@I [HLS-100] Execute       source D:/Programs/Vivado/Vivado_HLS/2016.3/common/technology/xilinx/common/virtex.gen 
@I [HLS-100] Execute         source D:/Programs/Vivado/Vivado_HLS/2016.3/common/technology/xilinx/common/xilinx.gen 
@I [HLS-100] Execute           source D:/Programs/Vivado/Vivado_HLS/2016.3/common/technology/xilinx/interface/plb46.gen 
@I [HLS-100] Command           ap_source returned 0; 0 sec.
@I [HLS-100] Execute           source D:/Programs/Vivado/Vivado_HLS/2016.3/common/technology/xilinx/interface/fsl.gen 
@I [HLS-100] Command           ap_source returned 0; 0 sec.
@I [HLS-100] Execute           source D:/Programs/Vivado/Vivado_HLS/2016.3/common/technology/xilinx/interface/axi4.gen 
@I [HLS-100] Command           ap_source returned 0; 0.002 sec.
@I [HLS-100] Execute           source D:/Programs/Vivado/Vivado_HLS/2016.3/common/technology/xilinx/interface/nativeAXI4.gen 
@I [HLS-100] Execute             source D:/Programs/Vivado/Vivado_HLS/2016.3/common/technology/xilinx/interface/saxilite.gen 
@I [HLS-100] Command             ap_source returned 0; 0.003 sec.
@I [HLS-100] Execute             source D:/Programs/Vivado/Vivado_HLS/2016.3/common/technology/xilinx/interface/maxi.gen 
@I [HLS-100] Command             ap_source returned 0; 0.005 sec.
@I [HLS-100] Command           ap_source returned 0; 0.008 sec.
@I [HLS-100] Execute           source D:/Programs/Vivado/Vivado_HLS/2016.3/common/technology/xilinx/scripts/xilinxcoregen.gen 
@I [HLS-100] Command           ap_source returned 0; 0.006 sec.
@I [HLS-100] Execute           source D:/Programs/Vivado/Vivado_HLS/2016.3/common/technology/xilinx/interface/XilEDKCoreGen.gen 
@I [HLS-100] Command           ap_source returned 0; 0.005 sec.
@I [HLS-100] Execute           source D:/Programs/Vivado/Vivado_HLS/2016.3/common/technology/xilinx/ip/dds_compiler.gen 
@I [HLS-100] Command           ap_source returned 0; 0.002 sec.
@I [HLS-100] Execute           source D:/Programs/Vivado/Vivado_HLS/2016.3/common/technology/xilinx/ip/util.gen 
@I [HLS-100] Command           ap_source returned 0; 0 sec.
@I [HLS-100] Execute           source D:/Programs/Vivado/Vivado_HLS/2016.3/common/technology/xilinx/ip/xfft.gen 
@I [HLS-100] Command           ap_source returned 0; 0.069 sec.
@I [HLS-100] Execute           source D:/Programs/Vivado/Vivado_HLS/2016.3/common/technology/xilinx/ip/xfir.gen 
@I [HLS-100] Command           ap_source returned 0; 0.001 sec.
@I [HLS-100] Command         ap_source returned 0; 0.098 sec.
@I [HLS-100] Execute         source D:/Programs/Vivado/Vivado_HLS/2016.3/common/technology/xilinx/common/dsp48.gen 
@I [HLS-100] Command         ap_source returned 0; 0 sec.
@I [HLS-100] Command       ap_source returned 0; 0.1 sec.
@I [HLS-100] Command     ap_source returned 0; 0.1 sec.
@I [HLS-100] Execute     open_platform DefaultPlatform 
@I [HLS-100] Command     open_platform returned 0; 0 sec.
@I [HLS-100] Execute     import_lib D:/Programs/Vivado/Vivado_HLS/2016.3/common/technology/xilinx/zynq/zynq_fpv6 
@I [HLS-100] Execute       source D:/Programs/Vivado/Vivado_HLS/2016.3/common/technology/xilinx/common/xilinx_fpv7.lib 
@I [HLS-100] Execute         source D:/Programs/Vivado/Vivado_HLS/2016.3/common/technology/xilinx/common/xilinx_hp.lib 
@I [HLS-100] Command         ap_source returned 0; 0.001 sec.
@I [HLS-100] Command       ap_source returned 0; 0.002 sec.
@I [HLS-100] Execute       source D:/Programs/Vivado/Vivado_HLS/2016.3/common/technology/xilinx/common/xilinx_fpv.hlp 
@I [HLS-100] Execute         source D:/Programs/Vivado/Vivado_HLS/2016.3/common/technology/xilinx/common/xilinx.hlp 
@I [HLS-100] Execute           source D:/Programs/Vivado/Vivado_HLS/2016.3/common/technology/xilinx/common/target_info.tcl 
@I [HLS-100] Command           ap_source returned 0; 0.005 sec.
@I [HLS-100] Execute           source D:/Programs/Vivado/Vivado_HLS/2016.3/common/technology/xilinx/interface/xilinx_interface.hlp 
@I [HLS-100] Execute             source D:/Programs/Vivado/Vivado_HLS/2016.3/common/technology/xilinx/interface/maxi.hlp 
@I [HLS-100] Command             ap_source returned 0; 0 sec.
@I [HLS-100] Execute             source D:/Programs/Vivado/Vivado_HLS/2016.3/common/technology/xilinx/interface/saxilite.hlp 
@I [HLS-100] Command             ap_source returned 0; 0 sec.
@I [HLS-100] Command           ap_source returned 0; 0 sec.
@I [HLS-100] Execute           source D:/Programs/Vivado/Vivado_HLS/2016.3/common/technology/xilinx/common/dsp48.hlp 
@I [HLS-100] Command           ap_source returned 0; 0 sec.
@I [HLS-100] Command         ap_source returned 0; 0.006 sec.
@I [HLS-100] Command       ap_source returned 0; 0.008 sec.
@I [HLS-100] Execute       source D:/Programs/Vivado/Vivado_HLS/2016.3/common/technology/xilinx/zynq/zynq_hp.hlp 
@I [HLS-100] Command       ap_source returned 0; 0.001 sec.
@I [HLS-100] Command     import_lib returned 0; 0.017 sec.
@I [HLS-100] Execute     source D:/Programs/Vivado/Vivado_HLS/2016.3/common/technology/xilinx/zynq/zynq_fpv6.gen 
@I [HLS-100] Execute       source D:/Programs/Vivado/Vivado_HLS/2016.3/common/technology/xilinx/common/xilinx_fpv6.gen 
@I [HLS-100] Command       ap_source returned 0; 0.001 sec.
@I [HLS-100] Command     ap_source returned 0; 0.001 sec.
@I [HLS-100] Execute     set_part xc7z020clg484-1 
@I [HLS-100] Execute       add_library xilinx/zynq/zynq:xc7z020:clg484:-1 
@I [HLS-100] Execute         get_default_platform 
@I [HLS-100] Command         get_default_platform returned 0; 0 sec.
@I [HLS-100] Execute         license_isbetapart xc7z020 
@I [HLS-100] Command         license_isbetapart returned 1; 0.009 sec.
@I [HLS-100] Execute         get_default_platform 
@I [HLS-100] Command         get_default_platform returned 0; 0 sec.
@I [HLS-100] Execute         config_chip_info -quiet -resource  {SLICE 13300}  {LUT 53200}     {FF 106400} {DSP48E 220}   {BRAM 280}  
@I [HLS-100] Command         config_chip_info returned 0; 0 sec.
@I [HLS-100] Execute         config_chip_info -quiet -speed slow 
@I [HLS-100] Command         config_chip_info returned 0; 0 sec.
@I [HLS-100] Command       add_library returned 0; 0.017 sec.
@I [HLS-100] Execute       add_library xilinx/zynq/zynq_fpv6 
@I [HLS-100] Execute         get_default_platform 
@I [HLS-100] Command         get_default_platform returned 0; 0 sec.
@I [HLS-100] Command       add_library returned 0; 0.001 sec.
@I [HLS-10] Setting target device to 'xc7z020clg484-1'
@I [HLS-100] Command     set_part returned 0; 0.023 sec.
@I [HLS-100] Execute     get_default_platform 
@I [HLS-100] Command     get_default_platform returned 0; 0 sec.
@I [HLS-100] Execute     config_chip_info -quiet -resource  {SLICE 13300}  {LUT 53200}     {FF 106400} {DSP48E 220}   {BRAM 280}  
@I [HLS-100] Command     config_chip_info returned 0; 0 sec.
@I [HLS-100] Execute     config_chip_info -quiet -speed slow 
@I [HLS-100] Command     config_chip_info returned 0; 0 sec.
@I [HLS-100] Command   open_solution returned 0; 0.173 sec.
@I [HLS-100] Execute   cosim_design 
@I [HLS-100] Execute     source C:/Users/Andrew/Documents/Vivado_projects/HLS_Xilinx_university_program/projects/lab3/dct.prj/solution1/.autopilot/db/global.setting.tcl 
@I [HLS-100] Command     ap_source returned 0; 0.001 sec.
@I [HLS-100] Execute     source C:/Users/Andrew/Documents/Vivado_projects/HLS_Xilinx_university_program/projects/lab3/dct.prj/solution1/.autopilot/db/global.setting.tcl 
@I [HLS-100] Command     ap_source returned 0; 0.001 sec.
@I [HLS-100] Execute     source C:/Users/Andrew/Documents/Vivado_projects/HLS_Xilinx_university_program/projects/lab3/dct.prj/solution1/.autopilot/db/global.setting.tcl 
@I [HLS-100] Command     ap_source returned 0; 0.004 sec.
@I [HLS-100] Execute     source D:/Programs/Vivado/Vivado_HLS/2016.3/common/technology/generic/autopilot/common.gen 
@I [HLS-100] Execute       source D:/Programs/Vivado/Vivado_HLS/2016.3/common/technology/generic/autopilot/APCoreGen.gen 
@I [HLS-100] Command       ap_source returned 0; 0 sec.
@I [HLS-100] Command     ap_source returned 0; 0.001 sec.
@I [HLS-100] Execute     source D:/Programs/Vivado/Vivado_HLS/2016.3/common/technology/generic/autopilot/op.gen 
@I [HLS-100] Command     ap_source returned 0; 0 sec.
@I [HLS-100] Execute     source D:/Programs/Vivado/Vivado_HLS/2016.3/common/technology/generic/autopilot/op_simcore.gen 
@I [HLS-100] Command     ap_source returned 0; 0.001 sec.
@I [HLS-100] Execute     source D:/Programs/Vivado/Vivado_HLS/2016.3/common/technology/generic/autopilot/interface.gen 
@I [HLS-100] Command     ap_source returned 0; 0 sec.
@I [HLS-100] Execute     source C:/Users/Andrew/Documents/Vivado_projects/HLS_Xilinx_university_program/projects/lab3/dct.prj/solution1/.autopilot/db/global.setting.tcl 
@I [HLS-100] Command     ap_source returned 0; 0.001 sec.
@I [HLS-100] Execute     source D:/Programs/Vivado/Vivado_HLS/2016.3/common/technology/xilinx/zynq/zynq.gen 
@I [HLS-100] Execute       source D:/Programs/Vivado/Vivado_HLS/2016.3/common/technology/xilinx/common/virtex.gen 
@I [HLS-100] Execute         source D:/Programs/Vivado/Vivado_HLS/2016.3/common/technology/xilinx/common/xilinx.gen 
@I [HLS-100] Execute           source D:/Programs/Vivado/Vivado_HLS/2016.3/common/technology/xilinx/interface/plb46.gen 
@I [HLS-100] Command           ap_source returned 0; 0.001 sec.
@I [HLS-100] Execute           source D:/Programs/Vivado/Vivado_HLS/2016.3/common/technology/xilinx/interface/fsl.gen 
@I [HLS-100] Command           ap_source returned 0; 0.001 sec.
@I [HLS-100] Execute           source D:/Programs/Vivado/Vivado_HLS/2016.3/common/technology/xilinx/interface/axi4.gen 
@I [HLS-100] Command           ap_source returned 0; 0.001 sec.
@I [HLS-100] Execute           source D:/Programs/Vivado/Vivado_HLS/2016.3/common/technology/xilinx/interface/nativeAXI4.gen 
@I [HLS-100] Execute             source D:/Programs/Vivado/Vivado_HLS/2016.3/common/technology/xilinx/interface/saxilite.gen 
@I [HLS-100] Command             ap_source returned 0; 0.003 sec.
@I [HLS-100] Execute             source D:/Programs/Vivado/Vivado_HLS/2016.3/common/technology/xilinx/interface/maxi.gen 
@I [HLS-100] Command             ap_source returned 0; 0.005 sec.
@I [HLS-100] Command           ap_source returned 0; 0.008 sec.
@I [HLS-100] Execute           source D:/Programs/Vivado/Vivado_HLS/2016.3/common/technology/xilinx/scripts/xilinxcoregen.gen 
@I [HLS-100] Command           ap_source returned 0; 0.007 sec.
@I [HLS-100] Execute           source D:/Programs/Vivado/Vivado_HLS/2016.3/common/technology/xilinx/interface/XilEDKCoreGen.gen 
@I [HLS-100] Command           ap_source returned 0; 0.005 sec.
@I [HLS-100] Execute           source D:/Programs/Vivado/Vivado_HLS/2016.3/common/technology/xilinx/ip/dds_compiler.gen 
@I [HLS-100] Command           ap_source returned 0; 0.002 sec.
@I [HLS-100] Execute           source D:/Programs/Vivado/Vivado_HLS/2016.3/common/technology/xilinx/ip/util.gen 
@I [HLS-100] Command           ap_source returned 0; 0 sec.
@I [HLS-100] Execute           source D:/Programs/Vivado/Vivado_HLS/2016.3/common/technology/xilinx/ip/xfft.gen 
@I [HLS-100] Command           ap_source returned 0; 0.069 sec.
@I [HLS-100] Execute           source D:/Programs/Vivado/Vivado_HLS/2016.3/common/technology/xilinx/ip/xfir.gen 
@I [HLS-100] Command           ap_source returned 0; 0.001 sec.
@I [HLS-100] Command         ap_source returned 0; 0.097 sec.
@I [HLS-100] Execute         source D:/Programs/Vivado/Vivado_HLS/2016.3/common/technology/xilinx/common/dsp48.gen 
@I [HLS-100] Command         ap_source returned 0; 0 sec.
@I [HLS-100] Command       ap_source returned 0; 0.098 sec.
@I [HLS-100] Command     ap_source returned 0; 0.099 sec.
@I [HLS-100] Execute     source D:/Programs/Vivado/Vivado_HLS/2016.3/common/technology/xilinx/zynq/zynq_fpv6.gen 
@I [HLS-100] Execute       source D:/Programs/Vivado/Vivado_HLS/2016.3/common/technology/xilinx/common/xilinx_fpv6.gen 
@I [HLS-100] Command       ap_source returned 0; 0.001 sec.
@I [HLS-100] Command     ap_source returned 0; 0.001 sec.
@I [HLS-100] Execute     source C:/Users/Andrew/Documents/Vivado_projects/HLS_Xilinx_university_program/projects/lab3/dct.prj/solution1/.autopilot/db/global.setting.tcl 
@I [HLS-100] Command     ap_source returned 0; 0.001 sec.
@I [HLS-100] Execute     source C:/Users/Andrew/Documents/Vivado_projects/HLS_Xilinx_university_program/projects/lab3/dct.prj/solution1/.autopilot/db/dct.rtl_wrap.cfg.tcl 
@I [HLS-100] Command     ap_source returned 0; 0 sec.
@I [HLS-100] Execute     source C:/Users/Andrew/Documents/Vivado_projects/HLS_Xilinx_university_program/projects/lab3/dct.prj/solution1/.autopilot/db/dct.tbgen.tcl 
@I [HLS-100] Command     ap_source returned 0; 0 sec.
@I [HLS-100] Execute     is_encrypted C:/Users/Andrew/Documents/Vivado_projects/HLS_Xilinx_university_program/projects/lab3/resource/lab3/out.golden.dat 
@I [HLS-100] Command     is_encrypted returned 0; 0 sec.
@I [HLS-100] Execute     is_encrypted C:/Users/Andrew/Documents/Vivado_projects/HLS_Xilinx_university_program/projects/lab3/resource/lab3/in.dat 
@I [HLS-100] Command     is_encrypted returned 0; 0 sec.
@I [HLS-100] Execute     is_encrypted C:/Users/Andrew/Documents/Vivado_projects/HLS_Xilinx_university_program/projects/lab3/resource/lab3/dct_test.c 
@I [HLS-100] Command     is_encrypted returned 0; 0 sec.
@I [HLS-100] Execute     is_encrypted C:/Users/Andrew/Documents/Vivado_projects/HLS_Xilinx_university_program/projects/lab3/resource/lab3/dct.c 
@I [HLS-100] Command     is_encrypted returned 0; 0 sec.
@I [HLS-100] Execute     source C:/Users/Andrew/Documents/Vivado_projects/HLS_Xilinx_university_program/projects/lab3/dct.prj/solution1/.autopilot/db/dct.tbgen.tcl 
@I [HLS-100] Command     ap_source returned 0; 0.001 sec.
@I [HLS-100] Execute     source C:/Users/Andrew/Documents/Vivado_projects/HLS_Xilinx_university_program/projects/lab3/dct.prj/solution1/.autopilot/db/dct.tbgen.tcl 
@I [HLS-100] Command     ap_source returned 0; 0.001 sec.
@I [COSIM-47] Using XSIM for RTL simulation.
@I [COSIM-14] Instrumenting C test bench ...
@I [HLS-100] Execute     source C:/Users/Andrew/Documents/Vivado_projects/HLS_Xilinx_university_program/projects/lab3/dct.prj/solution1/.autopilot/db/global.setting.tcl 
@I [HLS-100] Command     ap_source returned 0; 0.001 sec.
@I [HLS-100] Execute     source C:/Users/Andrew/Documents/Vivado_projects/HLS_Xilinx_university_program/projects/lab3/dct.prj/solution1/.autopilot/db/dct.rtl_wrap.cfg.tcl 
@I [HLS-100] Command     ap_source returned 0; 0.001 sec.
@I [HLS-100] Execute     source C:/Users/Andrew/Documents/Vivado_projects/HLS_Xilinx_university_program/projects/lab3/dct.prj/solution1/.autopilot/db/dct.rtl_wrap.cfg.tcl 
@I [HLS-100] Command     ap_source returned 0; 0.001 sec.
@I [HLS-100] Execute     source C:/Users/Andrew/Documents/Vivado_projects/HLS_Xilinx_university_program/projects/lab3/dct.prj/solution1/.autopilot/db/dct.rtl_wrap.cfg.tcl 
@I [HLS-100] Command     ap_source returned 0; 0.001 sec.
@I [HLS-100] Execute     source C:/Users/Andrew/Documents/Vivado_projects/HLS_Xilinx_university_program/projects/lab3/dct.prj/solution1/.autopilot/db/dct.tbgen.tcl 
@I [HLS-100] Command     ap_source returned 0; 0 sec.
@I [HLS-100] Execute     source C:/Users/Andrew/Documents/Vivado_projects/HLS_Xilinx_university_program/projects/lab3/dct.prj/solution1/.autopilot/db/dct.tbgen.tcl 
@I [HLS-100] Command     ap_source returned 0; 0 sec.
@I [HLS-0] Marker-Pragma convertor: C:/Users/Andrew/Documents/Vivado_projects/HLS_Xilinx_university_program/projects/lab3/dct.prj/solution1/./sim/autowrap/testbench/dct_test.c_pre.c C:/Users/Andrew/Documents/Vivado_projects/HLS_Xilinx_university_program/projects/lab3/dct.prj/solution1/./sim/autowrap/testbench/dct_test.c_pre.c.line.c ./sim/autowrap/testbench/line.tmp 1
@I [HLS-0] Converting Markers to Pragmas...
@I [HLS-0] Marker-Pragma convertor: ./sim/autowrap/testbench/dct_test.c_pre.c.tb.c.line ./sim/autowrap/testbench/dct_test.c_pre.c.tb.c ./sim/autowrap/testbench/line.tmp 0
@I [HLS-0] Converting Pragmas to Markers...
@I [HLS-0] Marker-Pragma convertor: C:/Users/Andrew/Documents/Vivado_projects/HLS_Xilinx_university_program/projects/lab3/dct.prj/solution1/./sim/autowrap/testbench/dct.c_pre.c C:/Users/Andrew/Documents/Vivado_projects/HLS_Xilinx_university_program/projects/lab3/dct.prj/solution1/./sim/autowrap/testbench/dct.c_pre.c.line.c ./sim/autowrap/testbench/line.tmp 1
@I [HLS-0] Converting Markers to Pragmas...
@I [HLS-0] Marker-Pragma convertor: ./sim/autowrap/testbench/dct.c_pre.c.tb.c.line ./sim/autowrap/testbench/dct.c_pre.c.tb.c ./sim/autowrap/testbench/line.tmp 0
@I [HLS-0] Converting Pragmas to Markers...
@I [HLS-100] Execute     source C:/Users/Andrew/Documents/Vivado_projects/HLS_Xilinx_university_program/projects/lab3/dct.prj/solution1/.autopilot/db/dct.rtl_wrap.cfg.tcl 
@I [HLS-100] Command     ap_source returned 0; 0.001 sec.
@I [HLS-100] Execute     source .run_sim.tcl 
@I [COSIM-302] Starting C TB testing ... 
@I [HLS-100] Command     ap_source returned 0; 0.14 sec.
@I [COSIM-333] Generating C post check test bench ...
@I [HLS-100] Execute     source C:/Users/Andrew/Documents/Vivado_projects/HLS_Xilinx_university_program/projects/lab3/dct.prj/solution1/.autopilot/db/dct.rtl_wrap.cfg.tcl 
@I [HLS-100] Command     ap_source returned 0; 0.001 sec.
@I [COSIM-12] Generating RTL test bench ...
@I [HLS-100] Execute     source C:/Users/Andrew/Documents/Vivado_projects/HLS_Xilinx_university_program/projects/lab3/dct.prj/solution1/.autopilot/db/dct.tbgen.tcl 
@I [HLS-100] Command     ap_source returned 0; 0.001 sec.
@I [HLS-100] Execute     source C:/Users/Andrew/Documents/Vivado_projects/HLS_Xilinx_university_program/projects/lab3/dct.prj/solution1/.autopilot/db/dct.tbgen.tcl 
@I [HLS-100] Command     ap_source returned 0; 0.001 sec.
@I [HLS-100] Execute     source C:/Users/Andrew/Documents/Vivado_projects/HLS_Xilinx_university_program/projects/lab3/dct.prj/solution1/.autopilot/db/dct.tbgen.tcl 
@I [HLS-100] Command     ap_source returned 0; 0 sec.
@I [HLS-100] Execute     source C:/Users/Andrew/Documents/Vivado_projects/HLS_Xilinx_university_program/projects/lab3/dct.prj/solution1/.autopilot/db/dct.tbgen.tcl 
@I [HLS-100] Command     ap_source returned 0; 0 sec.
@I [HLS-100] Execute     source ../tv/cdatafile/ref.tcl 
@I [HLS-100] Command     ap_source returned 0; 0 sec.
@I [HLS-100] Execute     source C:/Users/Andrew/Documents/Vivado_projects/HLS_Xilinx_university_program/projects/lab3/dct.prj/solution1/.autopilot/db/dct.tbgen.tcl 
@I [HLS-100] Command     ap_source returned 0; 0.001 sec.
@I [HLS-100] Execute     source C:/Users/Andrew/Documents/Vivado_projects/HLS_Xilinx_university_program/projects/lab3/dct.prj/solution1/.autopilot/db/dct.tbgen.tcl 
@I [HLS-100] Command     ap_source returned 0; 0.001 sec.
@I [HLS-100] Execute     source C:/Users/Andrew/Documents/Vivado_projects/HLS_Xilinx_university_program/projects/lab3/dct.prj/solution1/.autopilot/db/dct.tbgen.tcl 
@I [HLS-100] Command     ap_source returned 0; 0 sec.
@I [HLS-100] Execute     source C:/Users/Andrew/Documents/Vivado_projects/HLS_Xilinx_university_program/projects/lab3/dct.prj/solution1/.autopilot/db/dct.tbgen.tcl 
@I [HLS-100] Command     ap_source returned 0; 0 sec.
@I [HLS-100] Execute     source C:/Users/Andrew/Documents/Vivado_projects/HLS_Xilinx_university_program/projects/lab3/dct.prj/solution1/.autopilot/db/dct.tbgen.tcl 
@I [HLS-100] Command     ap_source returned 0; 0.001 sec.
@I [HLS-100] Execute     source C:/Users/Andrew/Documents/Vivado_projects/HLS_Xilinx_university_program/projects/lab3/dct.prj/solution1/.autopilot/db/dct.tbgen.tcl 
@I [HLS-100] Command     ap_source returned 0; 0.001 sec.
@I [HLS-100] Execute     source C:/Users/Andrew/Documents/Vivado_projects/HLS_Xilinx_university_program/projects/lab3/dct.prj/solution1/.autopilot/db/dct.tbgen.tcl 
@I [HLS-100] Command     ap_source returned 0; 0 sec.
@I [HLS-100] Execute     source C:/Users/Andrew/Documents/Vivado_projects/HLS_Xilinx_university_program/projects/lab3/dct.prj/solution1/.autopilot/db/dct.tbgen.tcl 
@I [HLS-100] Command     ap_source returned 0; 0 sec.
@I [HLS-100] Execute     source C:/Users/Andrew/Documents/Vivado_projects/HLS_Xilinx_university_program/projects/lab3/dct.prj/solution1/.autopilot/db/dct.tbgen.tcl 
@I [HLS-100] Command     ap_source returned 0; 0.001 sec.
@I [HLS-100] Execute     source C:/Users/Andrew/Documents/Vivado_projects/HLS_Xilinx_university_program/projects/lab3/dct.prj/solution1/.autopilot/db/dct.tbgen.tcl 
@I [HLS-100] Command     ap_source returned 0; 0 sec.
@I [HLS-100] Execute     source C:/Users/Andrew/Documents/Vivado_projects/HLS_Xilinx_university_program/projects/lab3/dct.prj/solution1/.autopilot/db/dct.tbgen.tcl 
@I [HLS-100] Command     ap_source returned 0; 0.005 sec.
@I [HLS-100] Execute     source C:/Users/Andrew/Documents/Vivado_projects/HLS_Xilinx_university_program/projects/lab3/dct.prj/solution1/.autopilot/db/dct.tbgen.tcl 
@I [HLS-100] Command     ap_source returned 0; 0 sec.
@I [HLS-100] Execute     source C:/Users/Andrew/Documents/Vivado_projects/HLS_Xilinx_university_program/projects/lab3/dct.prj/solution1/.autopilot/db/dct.tbgen.tcl 
@I [HLS-100] Command     ap_source returned 0; 0.001 sec.
@I [HLS-100] Execute     source C:/Users/Andrew/Documents/Vivado_projects/HLS_Xilinx_university_program/projects/lab3/dct.prj/solution1/.autopilot/db/dct.tbgen.tcl 
@I [HLS-100] Command     ap_source returned 0; 0.001 sec.
@I [HLS-100] Execute     source C:/Users/Andrew/Documents/Vivado_projects/HLS_Xilinx_university_program/projects/lab3/dct.prj/solution1/.autopilot/db/dct.tbgen.tcl 
@I [HLS-100] Command     ap_source returned 0; 0.001 sec.
@I [HLS-100] Execute     source C:/Users/Andrew/Documents/Vivado_projects/HLS_Xilinx_university_program/projects/lab3/dct.prj/solution1/.autopilot/db/dct.tbgen.tcl 
@I [HLS-100] Command     ap_source returned 0; 0 sec.
@I [HLS-100] Execute     source ../tv/cdatafile/ref.tcl 
@I [HLS-100] Command     ap_source returned 0; 0 sec.
@I [HLS-100] Execute     source C:/Users/Andrew/Documents/Vivado_projects/HLS_Xilinx_university_program/projects/lab3/dct.prj/solution1/.autopilot/db/dct.tbgen.tcl 
@I [HLS-100] Command     ap_source returned 0; 0.001 sec.
@I [HLS-100] Execute     source C:/Users/Andrew/Documents/Vivado_projects/HLS_Xilinx_university_program/projects/lab3/dct.prj/solution1/.autopilot/db/dct.tbgen.tcl 
@I [HLS-100] Command     ap_source returned 0; 0.001 sec.
@I [HLS-100] Execute     source C:/Users/Andrew/Documents/Vivado_projects/HLS_Xilinx_university_program/projects/lab3/dct.prj/solution1/.autopilot/db/dct.tbgen.tcl 
@I [HLS-100] Command     ap_source returned 0; 0 sec.
@I [HLS-100] Execute     source C:/Users/Andrew/Documents/Vivado_projects/HLS_Xilinx_university_program/projects/lab3/dct.prj/solution1/.autopilot/db/dct.tbgen.tcl 
@I [HLS-100] Command     ap_source returned 0; 0 sec.
@I [HLS-100] Execute     source C:/Users/Andrew/Documents/Vivado_projects/HLS_Xilinx_university_program/projects/lab3/dct.prj/solution1/.autopilot/db/dct.tbgen.tcl 
@I [HLS-100] Command     ap_source returned 0; 0.001 sec.
@I [HLS-100] Execute     source C:/Users/Andrew/Documents/Vivado_projects/HLS_Xilinx_university_program/projects/lab3/dct.prj/solution1/.autopilot/db/dct.tbgen.tcl 
@I [HLS-100] Command     ap_source returned 0; 0.001 sec.
@I [HLS-100] Execute     source C:/Users/Andrew/Documents/Vivado_projects/HLS_Xilinx_university_program/projects/lab3/dct.prj/solution1/.autopilot/db/dct.tbgen.tcl 
@I [HLS-100] Command     ap_source returned 0; 0.001 sec.
@I [HLS-100] Execute     source C:/Users/Andrew/Documents/Vivado_projects/HLS_Xilinx_university_program/projects/lab3/dct.prj/solution1/.autopilot/db/dct.tbgen.tcl 
@I [HLS-100] Command     ap_source returned 0; 0.001 sec.
@I [HLS-100] Execute     source C:/Users/Andrew/Documents/Vivado_projects/HLS_Xilinx_university_program/projects/lab3/dct.prj/solution1/.autopilot/db/dct.tbgen.tcl 
@I [HLS-100] Command     ap_source returned 0; 0.001 sec.
@I [HLS-100] Execute     source C:/Users/Andrew/Documents/Vivado_projects/HLS_Xilinx_university_program/projects/lab3/dct.prj/solution1/.autopilot/db/dct.tbgen.tcl 
@I [HLS-100] Command     ap_source returned 0; 0 sec.
@I [HLS-100] Execute     source C:/Users/Andrew/Documents/Vivado_projects/HLS_Xilinx_university_program/projects/lab3/dct.prj/solution1/.autopilot/db/dct.tbgen.tcl 
@I [HLS-100] Command     ap_source returned 0; 0.001 sec.
@I [HLS-100] Execute     source .run_sim.tcl 
@I [HLS-100] Execute       source check_sim.tcl 
@I [HLS-100] Command       ap_source returned 0; 0.001 sec.
@I [HLS-100] Execute       source .sim.status.tcl 
@I [HLS-100] Command       ap_source returned 0; 0.001 sec.
@I [COSIM-323] Starting verilog simulation. 
@I [COSIM-15] Starting XSIM ...
@I [COSIM-316] Starting C post checking ...
@I [HLS-100] Command     ap_source returned 0; 30.672 sec.
@I [COSIM-1000] *** C/RTL co-simulation finished: PASS ***
@I [HLS-100] Command   cosim_design returned 0; 45.414 sec.
@I [HLS-100] Command ap_source returned 0; 45.595 sec.
@I [HLS-100] Execute cleanup_all 
@I [HLS-100] Command cleanup_all returned 0; 0 sec.
