

================================================================
== Vivado HLS Report for 'dct'
================================================================
* Date:           Wed Apr 26 22:34:11 2017

* Version:        2016.3 (Build 1682563 on Mon Oct 10 19:41:59 MDT 2016)
* Project:        dct.prj
* Solution:       solution5
* Product family: zynq
* Target device:  xc7z020clg484-1


================================================================
== Performance Estimates
================================================================
+ Timing (ns): 
    * Summary: 
    +--------+-------+----------+------------+
    |  Clock | Target| Estimated| Uncertainty|
    +--------+-------+----------+------------+
    |ap_clk  |  10.00|     10.79|        1.25|
    +--------+-------+----------+------------+

+ Latency (clock cycles): 
    * Summary: 
    +-----+-----+-----+-----+----------+
    |  Latency  |  Interval | Pipeline |
    | min | max | min | max |   Type   |
    +-----+-----+-----+-----+----------+
    |  671|  671|  538|  538| dataflow |
    +-----+-----+-----+-----+----------+

    + Detail: 
        * Instance: 
        +-----------------------+------------+-----+-----+-----+-----+---------+
        |                       |            |  Latency  |  Interval | Pipeline|
        |        Instance       |   Module   | min | max | min | max |   Type  |
        +-----------------------+------------+-----+-----+-----+-----+---------+
        |grp_dct_2d_fu_92       |dct_2d      |  537|  537|  537|  537|   none  |
        |grp_write_data_fu_137  |write_data  |   66|   66|   66|   66|   none  |
        |grp_read_data_fu_144   |read_data   |   66|   66|   66|   66|   none  |
        +-----------------------+------------+-----+-----+-----+-----+---------+

        * Loop: 
        N/A

============================================================
+ Verbose Summary: Synthesis Manager
============================================================
InlineROM: 1
ExposeGlobal: 0
============================================================
+ Verbose Summary: CDFG Model
============================================================
IsTopModel: 1
ResetActiveHigh: 1
IsCombinational: 2
IsDatapathOnly: 0
HasWiredReturn: 1
HasMFsm: 0
HasVarLatency: 1
IsPipeline: 0
IsRtlPipelined: 0
IsInstanceOverlapped: 0
IsDontTouch: 0
HasImplIP: 0
IsGatedGlobalClock: 0


============================================================
+ Verbose Summary: Schedule
============================================================
* Number of FSM states: 6
* Pipeline: 0
* Dataflow Pipeline: 1
  DF-Pipeline-0: Size = 6, States = { 1 2 3 4 5 6 }

* FSM state transitions: 
1 --> 
	2  / true
2 --> 
	3  / true
3 --> 
	4  / true
4 --> 
	5  / true
5 --> 
	6  / true
6 --> 
* FSM state operations: 

 <State 1>: 2.71ns
ST_1: buf_2d_in_0 (23)  [1/1] 2.39ns  loc: resource/lab3/dct.c:81
:4  %buf_2d_in_0 = alloca [8 x i16], align 2

ST_1: buf_2d_in_1 (24)  [1/1] 2.39ns  loc: resource/lab3/dct.c:81
:5  %buf_2d_in_1 = alloca [8 x i16], align 2

ST_1: buf_2d_in_2 (25)  [1/1] 2.39ns  loc: resource/lab3/dct.c:81
:6  %buf_2d_in_2 = alloca [8 x i16], align 2

ST_1: buf_2d_in_3 (26)  [1/1] 2.39ns  loc: resource/lab3/dct.c:81
:7  %buf_2d_in_3 = alloca [8 x i16], align 2

ST_1: buf_2d_in_4 (27)  [1/1] 2.39ns  loc: resource/lab3/dct.c:81
:8  %buf_2d_in_4 = alloca [8 x i16], align 2

ST_1: buf_2d_in_5 (28)  [1/1] 2.39ns  loc: resource/lab3/dct.c:81
:9  %buf_2d_in_5 = alloca [8 x i16], align 2

ST_1: buf_2d_in_6 (29)  [1/1] 2.39ns  loc: resource/lab3/dct.c:81
:10  %buf_2d_in_6 = alloca [8 x i16], align 2

ST_1: buf_2d_in_7 (30)  [1/1] 2.39ns  loc: resource/lab3/dct.c:81
:11  %buf_2d_in_7 = alloca [8 x i16], align 2

ST_1: buf_2d_out (31)  [1/1] 2.71ns  loc: resource/lab3/dct.c:82
:12  %buf_2d_out = alloca [64 x i16], align 2

ST_1: StgValue_16 (32)  [2/2] 0.00ns  loc: resource/lab3/dct.c:85
:13  call fastcc void @read_data([64 x i16]* %input_r, [8 x i16]* %buf_2d_in_0, [8 x i16]* %buf_2d_in_1, [8 x i16]* %buf_2d_in_2, [8 x i16]* %buf_2d_in_3, [8 x i16]* %buf_2d_in_4, [8 x i16]* %buf_2d_in_5, [8 x i16]* %buf_2d_in_6, [8 x i16]* %buf_2d_in_7) nounwind


 <State 2>: 0.00ns
ST_2: StgValue_17 (32)  [1/2] 0.00ns  loc: resource/lab3/dct.c:85
:13  call fastcc void @read_data([64 x i16]* %input_r, [8 x i16]* %buf_2d_in_0, [8 x i16]* %buf_2d_in_1, [8 x i16]* %buf_2d_in_2, [8 x i16]* %buf_2d_in_3, [8 x i16]* %buf_2d_in_4, [8 x i16]* %buf_2d_in_5, [8 x i16]* %buf_2d_in_6, [8 x i16]* %buf_2d_in_7) nounwind


 <State 3>: 0.00ns
ST_3: StgValue_18 (33)  [2/2] 0.00ns  loc: resource/lab3/dct.c:87
:14  call fastcc void @dct_2d([8 x i16]* %buf_2d_in_0, [8 x i16]* %buf_2d_in_1, [8 x i16]* %buf_2d_in_2, [8 x i16]* %buf_2d_in_3, [8 x i16]* %buf_2d_in_4, [8 x i16]* %buf_2d_in_5, [8 x i16]* %buf_2d_in_6, [8 x i16]* %buf_2d_in_7, [64 x i16]* %buf_2d_out) nounwind


 <State 4>: 0.00ns
ST_4: StgValue_19 (33)  [1/2] 0.00ns  loc: resource/lab3/dct.c:87
:14  call fastcc void @dct_2d([8 x i16]* %buf_2d_in_0, [8 x i16]* %buf_2d_in_1, [8 x i16]* %buf_2d_in_2, [8 x i16]* %buf_2d_in_3, [8 x i16]* %buf_2d_in_4, [8 x i16]* %buf_2d_in_5, [8 x i16]* %buf_2d_in_6, [8 x i16]* %buf_2d_in_7, [64 x i16]* %buf_2d_out) nounwind


 <State 5>: 0.00ns
ST_5: StgValue_20 (34)  [2/2] 0.00ns  loc: resource/lab3/dct.c:90
:15  call fastcc void @write_data([64 x i16]* %buf_2d_out, [64 x i16]* %output_r) nounwind


 <State 6>: 0.00ns
ST_6: StgValue_21 (19)  [1/1] 0.00ns  loc: resource/lab3/dct.c:80
:0  call void (...)* @_ssdm_op_SpecDataflowPipeline(i32 -1, [1 x i8]* @p_str1) nounwind

ST_6: StgValue_22 (20)  [1/1] 0.00ns
:1  call void (...)* @_ssdm_op_SpecBitsMap([64 x i16]* %input_r) nounwind, !map !19

ST_6: StgValue_23 (21)  [1/1] 0.00ns
:2  call void (...)* @_ssdm_op_SpecBitsMap([64 x i16]* %output_r) nounwind, !map !25

ST_6: StgValue_24 (22)  [1/1] 0.00ns
:3  call void (...)* @_ssdm_op_SpecTopModule([4 x i8]* @dct_str) nounwind

ST_6: StgValue_25 (34)  [1/2] 0.00ns  loc: resource/lab3/dct.c:90
:15  call fastcc void @write_data([64 x i16]* %buf_2d_out, [64 x i16]* %output_r) nounwind

ST_6: StgValue_26 (35)  [1/1] 0.00ns  loc: resource/lab3/dct.c:91
:16  ret void



============================================================
+ Verbose Summary: Binding
============================================================
STG Binding: 
---------------- STG Properties BEGIN ----------------
- Is combinational: 0
- Is one-state seq: 0
- Is datapath-only: 0
- Is clock enabled: 0
- Is pipelined: 0
- Is top level: 1
Port [ Return ] is wired: 1; IO mode=ap_ctrl_hs:ce=0
Port [ input_r]:  wired=1; compound=1; hidden=0; nouse=0; global=0; static=0; extern=0; dir=0; type=1; pingpong=0; private_global=0; MemPort=[13]; IO mode=ap_memory:ce=0
Port [ output_r]:  wired=1; compound=1; hidden=0; nouse=0; global=0; static=0; extern=0; dir=1; type=1; pingpong=0; private_global=0; MemPort=[03]; IO mode=ap_memory:ce=0
Port [ dct_coeff_table_14]:  wired=0; compound=1; hidden=1; nouse=1; global=1; static=1; extern=0; dir=0; type=1; pingpong=0; private_global=0; linkage=7; visibility=0; MemPort=[1]; IO mode=ap_memory:ce=0
Port [ dct_coeff_table_13]:  wired=0; compound=1; hidden=1; nouse=1; global=1; static=1; extern=0; dir=0; type=1; pingpong=0; private_global=0; linkage=7; visibility=0; MemPort=[1]; IO mode=ap_memory:ce=0
Port [ dct_coeff_table_12]:  wired=0; compound=1; hidden=1; nouse=1; global=1; static=1; extern=0; dir=0; type=1; pingpong=0; private_global=0; linkage=7; visibility=0; MemPort=[1]; IO mode=ap_memory:ce=0
Port [ dct_coeff_table_11]:  wired=0; compound=1; hidden=1; nouse=1; global=1; static=1; extern=0; dir=0; type=1; pingpong=0; private_global=0; linkage=7; visibility=0; MemPort=[1]; IO mode=ap_memory:ce=0
Port [ dct_coeff_table_10]:  wired=0; compound=1; hidden=1; nouse=1; global=1; static=1; extern=0; dir=0; type=1; pingpong=0; private_global=0; linkage=7; visibility=0; MemPort=[1]; IO mode=ap_memory:ce=0
Port [ dct_coeff_table_9]:  wired=0; compound=1; hidden=1; nouse=1; global=1; static=1; extern=0; dir=0; type=1; pingpong=0; private_global=0; linkage=7; visibility=0; MemPort=[1]; IO mode=ap_memory:ce=0
Port [ dct_coeff_table_8]:  wired=0; compound=1; hidden=1; nouse=1; global=1; static=1; extern=0; dir=0; type=1; pingpong=0; private_global=0; linkage=7; visibility=0; MemPort=[1]; IO mode=ap_memory:ce=0
Port [ dct_coeff_table]:  wired=0; compound=1; hidden=1; nouse=1; global=1; static=1; extern=0; dir=0; type=1; pingpong=0; private_global=0; linkage=7; visibility=0; MemPort=[1]; IO mode=ap_memory:ce=0
Port [ dct_coeff_table_0]:  wired=0; compound=1; hidden=1; nouse=1; global=1; static=1; extern=0; dir=0; type=1; pingpong=0; private_global=0; linkage=7; visibility=0; MemPort=[1]; IO mode=ap_memory:ce=0
Port [ dct_coeff_table_1]:  wired=0; compound=1; hidden=1; nouse=1; global=1; static=1; extern=0; dir=0; type=1; pingpong=0; private_global=0; linkage=7; visibility=0; MemPort=[1]; IO mode=ap_memory:ce=0
Port [ dct_coeff_table_2]:  wired=0; compound=1; hidden=1; nouse=1; global=1; static=1; extern=0; dir=0; type=1; pingpong=0; private_global=0; linkage=7; visibility=0; MemPort=[1]; IO mode=ap_memory:ce=0
Port [ dct_coeff_table_3]:  wired=0; compound=1; hidden=1; nouse=1; global=1; static=1; extern=0; dir=0; type=1; pingpong=0; private_global=0; linkage=7; visibility=0; MemPort=[1]; IO mode=ap_memory:ce=0
Port [ dct_coeff_table_4]:  wired=0; compound=1; hidden=1; nouse=1; global=1; static=1; extern=0; dir=0; type=1; pingpong=0; private_global=0; linkage=7; visibility=0; MemPort=[1]; IO mode=ap_memory:ce=0
Port [ dct_coeff_table_5]:  wired=0; compound=1; hidden=1; nouse=1; global=1; static=1; extern=0; dir=0; type=1; pingpong=0; private_global=0; linkage=7; visibility=0; MemPort=[1]; IO mode=ap_memory:ce=0
Port [ dct_coeff_table_6]:  wired=0; compound=1; hidden=1; nouse=1; global=1; static=1; extern=0; dir=0; type=1; pingpong=0; private_global=0; linkage=7; visibility=0; MemPort=[1]; IO mode=ap_memory:ce=0
Port [ dct_coeff_table_7]:  wired=0; compound=1; hidden=1; nouse=1; global=1; static=1; extern=0; dir=0; type=1; pingpong=0; private_global=0; linkage=7; visibility=0; MemPort=[1]; IO mode=ap_memory:ce=0
---------------- STG Properties END ------------------

---------------- Datapath Model BEGIN ----------------

<LifeTime>
<method=bitvector/>
buf_2d_in_0 (alloca              ) [ 0011100]
buf_2d_in_1 (alloca              ) [ 0011100]
buf_2d_in_2 (alloca              ) [ 0011100]
buf_2d_in_3 (alloca              ) [ 0011100]
buf_2d_in_4 (alloca              ) [ 0011100]
buf_2d_in_5 (alloca              ) [ 0011100]
buf_2d_in_6 (alloca              ) [ 0011100]
buf_2d_in_7 (alloca              ) [ 0011100]
buf_2d_out  (alloca              ) [ 0011111]
StgValue_17 (call                ) [ 0000000]
StgValue_19 (call                ) [ 0000000]
StgValue_21 (specdataflowpipeline) [ 0000000]
StgValue_22 (specbitsmap         ) [ 0000000]
StgValue_23 (specbitsmap         ) [ 0000000]
StgValue_24 (spectopmodule       ) [ 0000000]
StgValue_25 (call                ) [ 0000000]
StgValue_26 (ret                 ) [ 0000000]
</LifeTime>

<model>

<comp_list>
<comp id="0" class="1000" name="input_r">
<pin_list>
<pin id="1" dir="1" index="0" bw="1" slack="0"/>
</pin_list>
<bind>
<StgValue><ssdm name="input_r"/><MemPortTyVec>1 3 </MemPortTyVec>
</StgValue>
</bind>
</comp>

<comp id="2" class="1000" name="output_r">
<pin_list>
<pin id="3" dir="1" index="0" bw="1" slack="0"/>
</pin_list>
<bind>
<StgValue><ssdm name="output_r"/><MemPortTyVec>0 3 </MemPortTyVec>
</StgValue>
</bind>
</comp>

<comp id="4" class="1000" name="dct_coeff_table_14">
<pin_list>
<pin id="5" dir="1" index="0" bw="1" slack="0"/>
</pin_list>
<bind>
<StgValue><ssdm name="dct_coeff_table_14"/><MemPortTyVec>1 </MemPortTyVec>
</StgValue>
</bind>
</comp>

<comp id="6" class="1000" name="dct_coeff_table_13">
<pin_list>
<pin id="7" dir="1" index="0" bw="1" slack="0"/>
</pin_list>
<bind>
<StgValue><ssdm name="dct_coeff_table_13"/><MemPortTyVec>1 </MemPortTyVec>
</StgValue>
</bind>
</comp>

<comp id="8" class="1000" name="dct_coeff_table_12">
<pin_list>
<pin id="9" dir="1" index="0" bw="1" slack="0"/>
</pin_list>
<bind>
<StgValue><ssdm name="dct_coeff_table_12"/><MemPortTyVec>1 </MemPortTyVec>
</StgValue>
</bind>
</comp>

<comp id="10" class="1000" name="dct_coeff_table_11">
<pin_list>
<pin id="11" dir="1" index="0" bw="1" slack="0"/>
</pin_list>
<bind>
<StgValue><ssdm name="dct_coeff_table_11"/><MemPortTyVec>1 </MemPortTyVec>
</StgValue>
</bind>
</comp>

<comp id="12" class="1000" name="dct_coeff_table_10">
<pin_list>
<pin id="13" dir="1" index="0" bw="1" slack="0"/>
</pin_list>
<bind>
<StgValue><ssdm name="dct_coeff_table_10"/><MemPortTyVec>1 </MemPortTyVec>
</StgValue>
</bind>
</comp>

<comp id="14" class="1000" name="dct_coeff_table_9">
<pin_list>
<pin id="15" dir="1" index="0" bw="1" slack="0"/>
</pin_list>
<bind>
<StgValue><ssdm name="dct_coeff_table_9"/><MemPortTyVec>1 </MemPortTyVec>
</StgValue>
</bind>
</comp>

<comp id="16" class="1000" name="dct_coeff_table_8">
<pin_list>
<pin id="17" dir="1" index="0" bw="1" slack="0"/>
</pin_list>
<bind>
<StgValue><ssdm name="dct_coeff_table_8"/><MemPortTyVec>1 </MemPortTyVec>
</StgValue>
</bind>
</comp>

<comp id="18" class="1000" name="dct_coeff_table">
<pin_list>
<pin id="19" dir="1" index="0" bw="1" slack="0"/>
</pin_list>
<bind>
<StgValue><ssdm name="dct_coeff_table"/><MemPortTyVec>1 </MemPortTyVec>
</StgValue>
</bind>
</comp>

<comp id="20" class="1000" name="dct_coeff_table_0">
<pin_list>
<pin id="21" dir="1" index="0" bw="1" slack="0"/>
</pin_list>
<bind>
<StgValue><ssdm name="dct_coeff_table_0"/><MemPortTyVec>1 </MemPortTyVec>
</StgValue>
</bind>
</comp>

<comp id="22" class="1000" name="dct_coeff_table_1">
<pin_list>
<pin id="23" dir="1" index="0" bw="1" slack="0"/>
</pin_list>
<bind>
<StgValue><ssdm name="dct_coeff_table_1"/><MemPortTyVec>1 </MemPortTyVec>
</StgValue>
</bind>
</comp>

<comp id="24" class="1000" name="dct_coeff_table_2">
<pin_list>
<pin id="25" dir="1" index="0" bw="1" slack="0"/>
</pin_list>
<bind>
<StgValue><ssdm name="dct_coeff_table_2"/><MemPortTyVec>1 </MemPortTyVec>
</StgValue>
</bind>
</comp>

<comp id="26" class="1000" name="dct_coeff_table_3">
<pin_list>
<pin id="27" dir="1" index="0" bw="1" slack="0"/>
</pin_list>
<bind>
<StgValue><ssdm name="dct_coeff_table_3"/><MemPortTyVec>1 </MemPortTyVec>
</StgValue>
</bind>
</comp>

<comp id="28" class="1000" name="dct_coeff_table_4">
<pin_list>
<pin id="29" dir="1" index="0" bw="1" slack="0"/>
</pin_list>
<bind>
<StgValue><ssdm name="dct_coeff_table_4"/><MemPortTyVec>1 </MemPortTyVec>
</StgValue>
</bind>
</comp>

<comp id="30" class="1000" name="dct_coeff_table_5">
<pin_list>
<pin id="31" dir="1" index="0" bw="1" slack="0"/>
</pin_list>
<bind>
<StgValue><ssdm name="dct_coeff_table_5"/><MemPortTyVec>1 </MemPortTyVec>
</StgValue>
</bind>
</comp>

<comp id="32" class="1000" name="dct_coeff_table_6">
<pin_list>
<pin id="33" dir="1" index="0" bw="1" slack="0"/>
</pin_list>
<bind>
<StgValue><ssdm name="dct_coeff_table_6"/><MemPortTyVec>1 </MemPortTyVec>
</StgValue>
</bind>
</comp>

<comp id="34" class="1000" name="dct_coeff_table_7">
<pin_list>
<pin id="35" dir="1" index="0" bw="1" slack="0"/>
</pin_list>
<bind>
<StgValue><ssdm name="dct_coeff_table_7"/><MemPortTyVec>1 </MemPortTyVec>
</StgValue>
</bind>
</comp>

<comp id="36" class="1001" name="const_36">
<pin_list>
<pin id="37" dir="1" index="0" bw="1" slack="0"/>
</pin_list>
<bind>
<StgValue><ssdm name=""/></StgValue>
</bind>
</comp>

<comp id="38" class="1001" name="const_38">
<pin_list>
<pin id="39" dir="1" index="0" bw="1" slack="0"/>
</pin_list>
<bind>
<StgValue><ssdm name="read_data"/></StgValue>
</bind>
</comp>

<comp id="40" class="1001" name="const_40">
<pin_list>
<pin id="41" dir="1" index="0" bw="1" slack="0"/>
</pin_list>
<bind>
<StgValue><ssdm name="dct_2d"/></StgValue>
</bind>
</comp>

<comp id="42" class="1001" name="const_42">
<pin_list>
<pin id="43" dir="1" index="0" bw="1" slack="0"/>
</pin_list>
<bind>
<StgValue><ssdm name="write_data"/></StgValue>
</bind>
</comp>

<comp id="44" class="1001" name="const_44">
<pin_list>
<pin id="45" dir="1" index="0" bw="1" slack="2147483647"/>
</pin_list>
<bind>
<StgValue><ssdm name="_ssdm_op_SpecDataflowPipeline"/></StgValue>
</bind>
</comp>

<comp id="46" class="1001" name="const_46">
<pin_list>
<pin id="47" dir="1" index="0" bw="1" slack="2147483647"/>
</pin_list>
<bind>
<StgValue><ssdm name=""/></StgValue>
</bind>
</comp>

<comp id="48" class="1001" name="const_48">
<pin_list>
<pin id="49" dir="1" index="0" bw="1" slack="2147483647"/>
</pin_list>
<bind>
<StgValue><ssdm name="p_str1"/></StgValue>
</bind>
</comp>

<comp id="50" class="1001" name="const_50">
<pin_list>
<pin id="51" dir="1" index="0" bw="1" slack="2147483647"/>
</pin_list>
<bind>
<StgValue><ssdm name="_ssdm_op_SpecBitsMap"/></StgValue>
</bind>
</comp>

<comp id="52" class="1001" name="const_52">
<pin_list>
<pin id="53" dir="1" index="0" bw="1" slack="2147483647"/>
</pin_list>
<bind>
<StgValue><ssdm name="_ssdm_op_SpecTopModule"/></StgValue>
</bind>
</comp>

<comp id="54" class="1001" name="const_54">
<pin_list>
<pin id="55" dir="1" index="0" bw="1" slack="2147483647"/>
</pin_list>
<bind>
<StgValue><ssdm name="dct_str"/></StgValue>
</bind>
</comp>

<comp id="56" class="1004" name="buf_2d_in_0_alloca_fu_56">
<pin_list>
<pin id="57" dir="0" index="0" bw="1" slack="0"/>
<pin id="58" dir="1" index="1" bw="16" slack="0"/>
</pin_list>
<bind>
<opcode="alloca(26) " fcode="alloca"/>
<opset="buf_2d_in_0/1 "/>
</bind>
</comp>

<comp id="60" class="1004" name="buf_2d_in_1_alloca_fu_60">
<pin_list>
<pin id="61" dir="0" index="0" bw="1" slack="0"/>
<pin id="62" dir="1" index="1" bw="16" slack="0"/>
</pin_list>
<bind>
<opcode="alloca(26) " fcode="alloca"/>
<opset="buf_2d_in_1/1 "/>
</bind>
</comp>

<comp id="64" class="1004" name="buf_2d_in_2_alloca_fu_64">
<pin_list>
<pin id="65" dir="0" index="0" bw="1" slack="0"/>
<pin id="66" dir="1" index="1" bw="16" slack="0"/>
</pin_list>
<bind>
<opcode="alloca(26) " fcode="alloca"/>
<opset="buf_2d_in_2/1 "/>
</bind>
</comp>

<comp id="68" class="1004" name="buf_2d_in_3_alloca_fu_68">
<pin_list>
<pin id="69" dir="0" index="0" bw="1" slack="0"/>
<pin id="70" dir="1" index="1" bw="16" slack="0"/>
</pin_list>
<bind>
<opcode="alloca(26) " fcode="alloca"/>
<opset="buf_2d_in_3/1 "/>
</bind>
</comp>

<comp id="72" class="1004" name="buf_2d_in_4_alloca_fu_72">
<pin_list>
<pin id="73" dir="0" index="0" bw="1" slack="0"/>
<pin id="74" dir="1" index="1" bw="16" slack="0"/>
</pin_list>
<bind>
<opcode="alloca(26) " fcode="alloca"/>
<opset="buf_2d_in_4/1 "/>
</bind>
</comp>

<comp id="76" class="1004" name="buf_2d_in_5_alloca_fu_76">
<pin_list>
<pin id="77" dir="0" index="0" bw="1" slack="0"/>
<pin id="78" dir="1" index="1" bw="16" slack="0"/>
</pin_list>
<bind>
<opcode="alloca(26) " fcode="alloca"/>
<opset="buf_2d_in_5/1 "/>
</bind>
</comp>

<comp id="80" class="1004" name="buf_2d_in_6_alloca_fu_80">
<pin_list>
<pin id="81" dir="0" index="0" bw="1" slack="0"/>
<pin id="82" dir="1" index="1" bw="16" slack="0"/>
</pin_list>
<bind>
<opcode="alloca(26) " fcode="alloca"/>
<opset="buf_2d_in_6/1 "/>
</bind>
</comp>

<comp id="84" class="1004" name="buf_2d_in_7_alloca_fu_84">
<pin_list>
<pin id="85" dir="0" index="0" bw="1" slack="0"/>
<pin id="86" dir="1" index="1" bw="16" slack="0"/>
</pin_list>
<bind>
<opcode="alloca(26) " fcode="alloca"/>
<opset="buf_2d_in_7/1 "/>
</bind>
</comp>

<comp id="88" class="1004" name="buf_2d_out_alloca_fu_88">
<pin_list>
<pin id="89" dir="0" index="0" bw="1" slack="0"/>
<pin id="90" dir="1" index="1" bw="16" slack="2147483647"/>
</pin_list>
<bind>
<opcode="alloca(26) " fcode="alloca"/>
<opset="buf_2d_out/1 "/>
</bind>
</comp>

<comp id="92" class="1004" name="grp_dct_2d_fu_92">
<pin_list>
<pin id="93" dir="0" index="0" bw="0" slack="0"/>
<pin id="94" dir="0" index="1" bw="16" slack="2147483647"/>
<pin id="95" dir="0" index="2" bw="16" slack="2147483647"/>
<pin id="96" dir="0" index="3" bw="16" slack="2147483647"/>
<pin id="97" dir="0" index="4" bw="16" slack="2147483647"/>
<pin id="98" dir="0" index="5" bw="16" slack="2147483647"/>
<pin id="99" dir="0" index="6" bw="16" slack="2147483647"/>
<pin id="100" dir="0" index="7" bw="16" slack="2147483647"/>
<pin id="101" dir="0" index="8" bw="16" slack="2147483647"/>
<pin id="102" dir="0" index="9" bw="16" slack="2147483647"/>
<pin id="103" dir="0" index="10" bw="14" slack="0"/>
<pin id="104" dir="0" index="11" bw="15" slack="0"/>
<pin id="105" dir="0" index="12" bw="15" slack="0"/>
<pin id="106" dir="0" index="13" bw="15" slack="0"/>
<pin id="107" dir="0" index="14" bw="15" slack="0"/>
<pin id="108" dir="0" index="15" bw="15" slack="0"/>
<pin id="109" dir="0" index="16" bw="15" slack="0"/>
<pin id="110" dir="0" index="17" bw="15" slack="0"/>
<pin id="111" dir="0" index="18" bw="14" slack="0"/>
<pin id="112" dir="0" index="19" bw="15" slack="0"/>
<pin id="113" dir="0" index="20" bw="15" slack="0"/>
<pin id="114" dir="0" index="21" bw="15" slack="0"/>
<pin id="115" dir="0" index="22" bw="15" slack="0"/>
<pin id="116" dir="0" index="23" bw="15" slack="0"/>
<pin id="117" dir="0" index="24" bw="15" slack="0"/>
<pin id="118" dir="0" index="25" bw="15" slack="0"/>
<pin id="119" dir="1" index="26" bw="0" slack="2147483647"/>
</pin_list>
<bind>
<opcode="call(48) " fcode="call"/>
<opset="StgValue_18/3 "/>
</bind>
</comp>

<comp id="137" class="1004" name="grp_write_data_fu_137">
<pin_list>
<pin id="138" dir="0" index="0" bw="0" slack="0"/>
<pin id="139" dir="0" index="1" bw="16" slack="2147483647"/>
<pin id="140" dir="0" index="2" bw="16" slack="0"/>
<pin id="141" dir="1" index="3" bw="0" slack="2147483647"/>
</pin_list>
<bind>
<opcode="call(48) " fcode="call"/>
<opset="StgValue_20/5 "/>
</bind>
</comp>

<comp id="144" class="1004" name="grp_read_data_fu_144">
<pin_list>
<pin id="145" dir="0" index="0" bw="0" slack="0"/>
<pin id="146" dir="0" index="1" bw="16" slack="0"/>
<pin id="147" dir="0" index="2" bw="16" slack="0"/>
<pin id="148" dir="0" index="3" bw="16" slack="0"/>
<pin id="149" dir="0" index="4" bw="16" slack="0"/>
<pin id="150" dir="0" index="5" bw="16" slack="0"/>
<pin id="151" dir="0" index="6" bw="16" slack="0"/>
<pin id="152" dir="0" index="7" bw="16" slack="0"/>
<pin id="153" dir="0" index="8" bw="16" slack="0"/>
<pin id="154" dir="0" index="9" bw="16" slack="0"/>
<pin id="155" dir="1" index="10" bw="0" slack="2147483647"/>
</pin_list>
<bind>
<opcode="call(48) " fcode="call"/>
<opset="StgValue_16/1 "/>
</bind>
</comp>

</comp_list>

<net_list>
<net id="59"><net_src comp="36" pin="0"/><net_sink comp="56" pin=0"/></net>

<net id="63"><net_src comp="36" pin="0"/><net_sink comp="60" pin=0"/></net>

<net id="67"><net_src comp="36" pin="0"/><net_sink comp="64" pin=0"/></net>

<net id="71"><net_src comp="36" pin="0"/><net_sink comp="68" pin=0"/></net>

<net id="75"><net_src comp="36" pin="0"/><net_sink comp="72" pin=0"/></net>

<net id="79"><net_src comp="36" pin="0"/><net_sink comp="76" pin=0"/></net>

<net id="83"><net_src comp="36" pin="0"/><net_sink comp="80" pin=0"/></net>

<net id="87"><net_src comp="36" pin="0"/><net_sink comp="84" pin=0"/></net>

<net id="91"><net_src comp="36" pin="0"/><net_sink comp="88" pin=0"/></net>

<net id="120"><net_src comp="40" pin="0"/><net_sink comp="92" pin=0"/></net>

<net id="121"><net_src comp="4" pin="0"/><net_sink comp="92" pin=10"/></net>

<net id="122"><net_src comp="6" pin="0"/><net_sink comp="92" pin=11"/></net>

<net id="123"><net_src comp="8" pin="0"/><net_sink comp="92" pin=12"/></net>

<net id="124"><net_src comp="10" pin="0"/><net_sink comp="92" pin=13"/></net>

<net id="125"><net_src comp="12" pin="0"/><net_sink comp="92" pin=14"/></net>

<net id="126"><net_src comp="14" pin="0"/><net_sink comp="92" pin=15"/></net>

<net id="127"><net_src comp="16" pin="0"/><net_sink comp="92" pin=16"/></net>

<net id="128"><net_src comp="18" pin="0"/><net_sink comp="92" pin=17"/></net>

<net id="129"><net_src comp="20" pin="0"/><net_sink comp="92" pin=18"/></net>

<net id="130"><net_src comp="22" pin="0"/><net_sink comp="92" pin=19"/></net>

<net id="131"><net_src comp="24" pin="0"/><net_sink comp="92" pin=20"/></net>

<net id="132"><net_src comp="26" pin="0"/><net_sink comp="92" pin=21"/></net>

<net id="133"><net_src comp="28" pin="0"/><net_sink comp="92" pin=22"/></net>

<net id="134"><net_src comp="30" pin="0"/><net_sink comp="92" pin=23"/></net>

<net id="135"><net_src comp="32" pin="0"/><net_sink comp="92" pin=24"/></net>

<net id="136"><net_src comp="34" pin="0"/><net_sink comp="92" pin=25"/></net>

<net id="142"><net_src comp="42" pin="0"/><net_sink comp="137" pin=0"/></net>

<net id="143"><net_src comp="2" pin="0"/><net_sink comp="137" pin=2"/></net>

<net id="156"><net_src comp="38" pin="0"/><net_sink comp="144" pin=0"/></net>

<net id="157"><net_src comp="0" pin="0"/><net_sink comp="144" pin=1"/></net>

<net id="158"><net_src comp="56" pin="1"/><net_sink comp="144" pin=2"/></net>

<net id="159"><net_src comp="60" pin="1"/><net_sink comp="144" pin=3"/></net>

<net id="160"><net_src comp="64" pin="1"/><net_sink comp="144" pin=4"/></net>

<net id="161"><net_src comp="68" pin="1"/><net_sink comp="144" pin=5"/></net>

<net id="162"><net_src comp="72" pin="1"/><net_sink comp="144" pin=6"/></net>

<net id="163"><net_src comp="76" pin="1"/><net_sink comp="144" pin=7"/></net>

<net id="164"><net_src comp="80" pin="1"/><net_sink comp="144" pin=8"/></net>

<net id="165"><net_src comp="84" pin="1"/><net_sink comp="144" pin=9"/></net>

</net_list>

</model> 
---------------- Datapath Model END ------------------

* FSMD analyzer results:
  - Output states:
	Port: output_r | {5 6 }
 - Input state : 
	Port: dct : input_r | {1 2 }
	Port: dct : dct_coeff_table_14 | {3 4 }
	Port: dct : dct_coeff_table_13 | {3 4 }
	Port: dct : dct_coeff_table_12 | {3 4 }
	Port: dct : dct_coeff_table_11 | {3 4 }
	Port: dct : dct_coeff_table_10 | {3 4 }
	Port: dct : dct_coeff_table_9 | {3 4 }
	Port: dct : dct_coeff_table_8 | {3 4 }
	Port: dct : dct_coeff_table | {3 4 }
	Port: dct : dct_coeff_table_0 | {3 4 }
	Port: dct : dct_coeff_table_1 | {3 4 }
	Port: dct : dct_coeff_table_2 | {3 4 }
	Port: dct : dct_coeff_table_3 | {3 4 }
	Port: dct : dct_coeff_table_4 | {3 4 }
	Port: dct : dct_coeff_table_5 | {3 4 }
	Port: dct : dct_coeff_table_6 | {3 4 }
	Port: dct : dct_coeff_table_7 | {3 4 }
  - Chain level:
	State 1
		StgValue_16 : 1
	State 2
	State 3
	State 4
	State 5
	State 6


============================================================
+ Verbose Summary: Datapath Resource usage 
============================================================

* Functional unit list:
|----------|-----------------------|---------|---------|---------|---------|---------|
| Operation|    Functional Unit    |   BRAM  |  DSP48E |  Delay  |    FF   |   LUT   |
|----------|-----------------------|---------|---------|---------|---------|---------|
|          |    grp_dct_2d_fu_92   |    3    |    16   |  74.869 |   1447  |   580   |
|   call   | grp_write_data_fu_137 |    0    |    0    |  1.571  |    43   |    47   |
|          |  grp_read_data_fu_144 |    0    |    0    |  1.571  |    44   |    40   |
|----------|-----------------------|---------|---------|---------|---------|---------|
|   Total  |                       |    3    |    16   |  78.011 |   1534  |   667   |
|----------|-----------------------|---------|---------|---------|---------|---------|

Memories:
+------------------+--------+--------+--------+
|                  |  BRAM  |   FF   |   LUT  |
+------------------+--------+--------+--------+
|    buf_2d_in_0   |    0   |   64   |    4   |
|    buf_2d_in_1   |    0   |   64   |    4   |
|    buf_2d_in_2   |    0   |   64   |    4   |
|    buf_2d_in_3   |    0   |   64   |    4   |
|    buf_2d_in_4   |    0   |   64   |    4   |
|    buf_2d_in_5   |    0   |   64   |    4   |
|    buf_2d_in_6   |    0   |   64   |    4   |
|    buf_2d_in_7   |    0   |   64   |    4   |
|    buf_2d_out    |    2   |    0   |    0   |
|  dct_coeff_table |    0   |   15   |    2   |
| dct_coeff_table_0|    0   |   14   |    2   |
| dct_coeff_table_1|    0   |   15   |    2   |
|dct_coeff_table_10|    0   |   15   |    2   |
|dct_coeff_table_11|    0   |   15   |    2   |
|dct_coeff_table_12|    0   |   15   |    2   |
|dct_coeff_table_13|    0   |   15   |    2   |
|dct_coeff_table_14|    0   |   14   |    2   |
| dct_coeff_table_2|    0   |   15   |    2   |
| dct_coeff_table_3|    0   |   15   |    2   |
| dct_coeff_table_4|    0   |   15   |    2   |
| dct_coeff_table_5|    0   |   15   |    2   |
| dct_coeff_table_6|    0   |   15   |    2   |
| dct_coeff_table_7|    0   |   15   |    2   |
| dct_coeff_table_8|    0   |   15   |    2   |
| dct_coeff_table_9|    0   |   15   |    2   |
+------------------+--------+--------+--------+
|       Total      |    2   |   750  |   64   |
+------------------+--------+--------+--------+

* Register list:
N/A

* Multiplexer (MUX) list: 
|--------|------|------|------|--------|
|  Comp  |  Pin | Size |  BW  | S x BW |
|--------|------|------|------|--------|
|  Total |      |      |      |    0   |
|--------|------|------|------|--------|



* Summary:
+-----------+--------+--------+--------+--------+--------+
|           |  BRAM  | DSP48E |  Delay |   FF   |   LUT  |
+-----------+--------+--------+--------+--------+--------+
|  Function |    3   |   16   |   78   |  1534  |   667  |
|   Memory  |    2   |    -   |    -   |   750  |   64   |
|Multiplexer|    -   |    -   |    -   |    -   |    -   |
|  Register |    -   |    -   |    -   |    -   |    -   |
+-----------+--------+--------+--------+--------+--------+
|   Total   |    5   |   16   |   78   |  2284  |   731  |
+-----------+--------+--------+--------+--------+--------+
