

================================================================
== Vivado HLS Report for 'dct_2d'
================================================================
* Date:           Wed Apr 26 22:11:37 2017

* Version:        2016.3 (Build 1682563 on Mon Oct 10 19:41:59 MDT 2016)
* Project:        dct.prj
* Solution:       solution2
* Product family: zynq
* Target device:  xc7z020clg484-1


================================================================
== Performance Estimates
================================================================
+ Timing (ns): 
    * Summary: 
    +--------+-------+----------+------------+
    |  Clock | Target| Estimated| Uncertainty|
    +--------+-------+----------+------------+
    |ap_clk  |  10.00|      7.68|        1.25|
    +--------+-------+----------+------------+

+ Latency (clock cycles): 
    * Summary: 
    +------+------+------+------+---------+
    |   Latency   |   Interval  | Pipeline|
    |  min |  max |  min |  max |   Type  |
    +------+------+------+------+---------+
    |  1718|  1718|  1718|  1718|   none  |
    +------+------+------+------+---------+

    + Detail: 
        * Instance: 
        +--------------------+---------+-----+-----+-----+-----+---------+
        |                    |         |  Latency  |  Interval | Pipeline|
        |      Instance      |  Module | min | max | min | max |   Type  |
        +--------------------+---------+-----+-----+-----+-----+---------+
        |grp_dct_1d2_fu_207  |dct_1d2  |   97|   97|   97|   97|   none  |
        +--------------------+---------+-----+-----+-----+-----+---------+

        * Loop: 
        +---------------------------------------------+-----+-----+----------+-----------+-----------+------+----------+
        |                                             |  Latency  | Iteration|  Initiation Interval  | Trip |          |
        |                  Loop Name                  | min | max |  Latency |  achieved |   target  | Count| Pipelined|
        +---------------------------------------------+-----+-----+----------+-----------+-----------+------+----------+
        |- Row_DCT_Loop                               |  792|  792|        99|          -|          -|     8|    no    |
        |- Xpose_Row_Outer_Loop_Xpose_Row_Inner_Loop  |   64|   64|         2|          1|          1|    64|    yes   |
        |- Col_DCT_Loop                               |  792|  792|        99|          -|          -|     8|    no    |
        |- Xpose_Col_Outer_Loop_Xpose_Col_Inner_Loop  |   64|   64|         2|          1|          1|    64|    yes   |
        +---------------------------------------------+-----+-----+----------+-----------+-----------+------+----------+



================================================================
== Utilization Estimates
================================================================
* Summary: 
+-----------------+---------+-------+--------+-------+
|       Name      | BRAM_18K| DSP48E|   FF   |  LUT  |
+-----------------+---------+-------+--------+-------+
|DSP              |        -|      -|       -|      -|
|Expression       |        -|      -|       0|    100|
|FIFO             |        -|      -|       -|      -|
|Instance         |        0|      1|     117|    122|
|Memory           |        3|      -|       0|      0|
|Multiplexer      |        -|      -|       -|     97|
|Register         |        -|      -|      78|      -|
+-----------------+---------+-------+--------+-------+
|Total            |        3|      1|     195|    319|
+-----------------+---------+-------+--------+-------+
|Available        |      280|    220|  106400|  53200|
+-----------------+---------+-------+--------+-------+
|Utilization (%)  |        1|   ~0  |   ~0   |   ~0  |
+-----------------+---------+-------+--------+-------+

+ Detail: 
    * Instance: 
    +--------------------+---------+---------+-------+-----+-----+
    |      Instance      |  Module | BRAM_18K| DSP48E|  FF | LUT |
    +--------------------+---------+---------+-------+-----+-----+
    |grp_dct_1d2_fu_207  |dct_1d2  |        0|      1|  117|  122|
    +--------------------+---------+---------+-------+-----+-----+
    |Total               |         |        0|      1|  117|  122|
    +--------------------+---------+---------+-------+-----+-----+

    * DSP48: 
    N/A

    * Memory: 
    +--------------+-------------------+---------+---+----+------+-----+------+-------------+
    |    Memory    |       Module      | BRAM_18K| FF| LUT| Words| Bits| Banks| W*Bits*Banks|
    +--------------+-------------------+---------+---+----+------+-----+------+-------------+
    |row_outbuf_U  |dct_2d_row_outbuf  |        1|  0|   0|    64|   16|     1|         1024|
    |col_outbuf_U  |dct_2d_row_outbuf  |        1|  0|   0|    64|   16|     1|         1024|
    |col_inbuf_U   |dct_2d_row_outbuf  |        1|  0|   0|    64|   16|     1|         1024|
    +--------------+-------------------+---------+---+----+------+-----+------+-------------+
    |Total         |                   |        3|  0|   0|   192|   48|     3|         3072|
    +--------------+-------------------+---------+---+----+------+-----+------+-------------+

    * FIFO: 
    N/A

    * Expression: 
    +--------------------------------+----------+-------+---+----+------------+------------+
    |          Variable Name         | Operation| DSP48E| FF| LUT| Bitwidth P0| Bitwidth P1|
    +--------------------------------+----------+-------+---+----+------------+------------+
    |i_4_fu_228_p2                   |     +    |      0|  0|   4|           4|           1|
    |i_5_fu_338_p2                   |     +    |      0|  0|   4|           4|           1|
    |i_6_fu_301_p2                   |     +    |      0|  0|   4|           4|           1|
    |i_7_fu_411_p2                   |     +    |      0|  0|   4|           4|           1|
    |indvar_flatten_next1_fu_350_p2  |     +    |      0|  0|   7|           7|           1|
    |indvar_flatten_next_fu_240_p2   |     +    |      0|  0|   7|           7|           1|
    |j_2_fu_246_p2                   |     +    |      0|  0|   4|           4|           1|
    |j_3_fu_356_p2                   |     +    |      0|  0|   4|           4|           1|
    |tmp_10_fu_431_p2                |     +    |      0|  0|   8|           8|           8|
    |tmp_12_fu_400_p2                |     +    |      0|  0|   8|           8|           8|
    |tmp_2_fu_321_p2                 |     +    |      0|  0|   8|           8|           8|
    |tmp_8_fu_290_p2                 |     +    |      0|  0|   8|           8|           8|
    |exitcond_flatten1_fu_344_p2     |   icmp   |      0|  0|   3|           7|           8|
    |exitcond_flatten_fu_234_p2      |   icmp   |      0|  0|   3|           7|           8|
    |tmp_4_fu_362_p2                 |   icmp   |      0|  0|   2|           4|           5|
    |tmp_9_fu_332_p2                 |   icmp   |      0|  0|   2|           4|           5|
    |tmp_fu_222_p2                   |   icmp   |      0|  0|   2|           4|           5|
    |tmp_s_fu_252_p2                 |   icmp   |      0|  0|   2|           4|           5|
    |i_1_mid2_fu_258_p3              |  select  |      0|  0|   4|           1|           1|
    |i_3_mid2_fu_368_p3              |  select  |      0|  0|   4|           1|           1|
    |j_1_cast2_mid2_v_fu_376_p3      |  select  |      0|  0|   4|           1|           4|
    |j_cast5_mid2_v_fu_266_p3        |  select  |      0|  0|   4|           1|           4|
    +--------------------------------+----------+-------+---+----+------------+------------+
    |Total                           |          |      0|  0| 100|         104|          86|
    +--------------------------------+----------+-------+---+----+------------+------------+

    * Multiplexer: 
    +---------------------------+----+-----------+-----+-----------+
    |            Name           | LUT| Input Size| Bits| Total Bits|
    +---------------------------+----+-----------+-----+-----------+
    |ap_NS_fsm                  |   4|         10|    1|         10|
    |col_inbuf_address0         |   6|          3|    6|         18|
    |col_inbuf_ce0              |   1|          3|    1|          3|
    |col_outbuf_address0        |   6|          3|    6|         18|
    |col_outbuf_ce0             |   1|          3|    1|          3|
    |col_outbuf_we0             |   1|          2|    1|          2|
    |grp_dct_1d2_fu_207_i_2     |   4|          3|    4|         12|
    |grp_dct_1d2_fu_207_i_21    |   4|          3|    4|         12|
    |grp_dct_1d2_fu_207_src_q0  |  16|          3|   16|         48|
    |i_1_reg_151                |   4|          2|    4|          8|
    |i_2_reg_162                |   4|          2|    4|          8|
    |i_3_reg_196                |   4|          2|    4|          8|
    |i_reg_117                  |   4|          2|    4|          8|
    |indvar_flatten1_reg_174    |   7|          2|    7|         14|
    |indvar_flatten_reg_129     |   7|          2|    7|         14|
    |j_1_phi_fu_189_p4          |   4|          2|    4|          8|
    |j_1_reg_185                |   4|          2|    4|          8|
    |j_phi_fu_144_p4            |   4|          2|    4|          8|
    |j_reg_140                  |   4|          2|    4|          8|
    |row_outbuf_address0        |   6|          3|    6|         18|
    |row_outbuf_ce0             |   1|          3|    1|          3|
    |row_outbuf_we0             |   1|          2|    1|          2|
    +---------------------------+----+-----------+-----+-----------+
    |Total                      |  97|         61|   94|        241|
    +---------------------------+----+-----------+-----+-----------+

    * Register: 
    +------------------------------------+---+----+-----+-----------+
    |                Name                | FF| LUT| Bits| Const Bits|
    +------------------------------------+---+----+-----+-----------+
    |ap_CS_fsm                           |  9|   0|    9|          0|
    |ap_enable_reg_pp0_iter0             |  1|   0|    1|          0|
    |ap_enable_reg_pp0_iter1             |  1|   0|    1|          0|
    |ap_enable_reg_pp1_iter0             |  1|   0|    1|          0|
    |ap_enable_reg_pp1_iter1             |  1|   0|    1|          0|
    |ap_reg_grp_dct_1d2_fu_207_ap_start  |  1|   0|    1|          0|
    |exitcond_flatten1_reg_490           |  1|   0|    1|          0|
    |exitcond_flatten_reg_451            |  1|   0|    1|          0|
    |i_1_mid2_reg_460                    |  4|   0|    4|          0|
    |i_1_reg_151                         |  4|   0|    4|          0|
    |i_2_reg_162                         |  4|   0|    4|          0|
    |i_3_mid2_reg_499                    |  4|   0|    4|          0|
    |i_3_reg_196                         |  4|   0|    4|          0|
    |i_4_reg_446                         |  4|   0|    4|          0|
    |i_5_reg_485                         |  4|   0|    4|          0|
    |i_reg_117                           |  4|   0|    4|          0|
    |indvar_flatten1_reg_174             |  7|   0|    7|          0|
    |indvar_flatten_reg_129              |  7|   0|    7|          0|
    |j_1_cast2_mid2_v_reg_504            |  4|   0|    4|          0|
    |j_1_reg_185                         |  4|   0|    4|          0|
    |j_cast5_mid2_v_reg_465              |  4|   0|    4|          0|
    |j_reg_140                           |  4|   0|    4|          0|
    +------------------------------------+---+----+-----+-----------+
    |Total                               | 78|   0|   78|          0|
    +------------------------------------+---+----+-----+-----------+



================================================================
== Interface
================================================================
* Summary: 
+--------------------+-----+-----+------------+--------------+--------------+
|      RTL Ports     | Dir | Bits|  Protocol  | Source Object|    C Type    |
+--------------------+-----+-----+------------+--------------+--------------+
|ap_clk              |  in |    1| ap_ctrl_hs |    dct_2d    | return value |
|ap_rst              |  in |    1| ap_ctrl_hs |    dct_2d    | return value |
|ap_start            |  in |    1| ap_ctrl_hs |    dct_2d    | return value |
|ap_done             | out |    1| ap_ctrl_hs |    dct_2d    | return value |
|ap_idle             | out |    1| ap_ctrl_hs |    dct_2d    | return value |
|ap_ready            | out |    1| ap_ctrl_hs |    dct_2d    | return value |
|in_block_address0   | out |    6|  ap_memory |   in_block   |     array    |
|in_block_ce0        | out |    1|  ap_memory |   in_block   |     array    |
|in_block_q0         |  in |   16|  ap_memory |   in_block   |     array    |
|out_block_address0  | out |    6|  ap_memory |   out_block  |     array    |
|out_block_ce0       | out |    1|  ap_memory |   out_block  |     array    |
|out_block_we0       | out |    1|  ap_memory |   out_block  |     array    |
|out_block_d0        | out |   16|  ap_memory |   out_block  |     array    |
+--------------------+-----+-----+------------+--------------+--------------+

