
*** Running vivado
    with args -log system_axi_gpio_0_0.vds -m64 -product Vivado -mode batch -messageDb vivado.pb -notrace -source system_axi_gpio_0_0.tcl


****** Vivado v2016.3 (64-bit)
  **** SW Build 1682563 on Mon Oct 10 19:07:27 MDT 2016
  **** IP Build 1681267 on Mon Oct 10 21:28:31 MDT 2016
    ** Copyright 1986-2016 Xilinx, Inc. All Rights Reserved.

source system_axi_gpio_0_0.tcl -notrace
Starting RTL Elaboration : Time (s): cpu = 00:00:05 ; elapsed = 00:00:17 . Memory (MB): peak = 344.309 ; gain = 134.391
INFO: [Synth 8-638] synthesizing module 'system_axi_gpio_0_0' [c:/Users/Andrew/Documents/Vivado_projects/HLS_Xilinx_university_program/projects/lab4/vivado/audio/audio.srcs/sources_1/bd/system/ip/system_axi_gpio_0_0/synth/system_axi_gpio_0_0.vhd:87]
INFO: [Synth 8-638] synthesizing module 'axi_gpio' [c:/Users/Andrew/Documents/Vivado_projects/HLS_Xilinx_university_program/projects/lab4/vivado/audio/audio.srcs/sources_1/bd/system/ipshared/475c/hdl/axi_gpio_v2_0_vh_rfs.vhd:1091]
INFO: [Synth 8-638] synthesizing module 'axi_lite_ipif' [c:/Users/Andrew/Documents/Vivado_projects/HLS_Xilinx_university_program/projects/lab4/vivado/audio/audio.srcs/sources_1/bd/system/ipshared/0ba0/hdl/axi_lite_ipif_v3_0_vh_rfs.vhd:2948]
INFO: [Synth 8-638] synthesizing module 'slave_attachment' [c:/Users/Andrew/Documents/Vivado_projects/HLS_Xilinx_university_program/projects/lab4/vivado/audio/audio.srcs/sources_1/bd/system/ipshared/0ba0/hdl/axi_lite_ipif_v3_0_vh_rfs.vhd:2341]
INFO: [Synth 8-638] synthesizing module 'address_decoder' [c:/Users/Andrew/Documents/Vivado_projects/HLS_Xilinx_university_program/projects/lab4/vivado/audio/audio.srcs/sources_1/bd/system/ipshared/0ba0/hdl/axi_lite_ipif_v3_0_vh_rfs.vhd:1775]
INFO: [Synth 8-638] synthesizing module 'pselect_f' [c:/Users/Andrew/Documents/Vivado_projects/HLS_Xilinx_university_program/projects/lab4/vivado/audio/audio.srcs/sources_1/bd/system/ipshared/0ba0/hdl/axi_lite_ipif_v3_0_vh_rfs.vhd:1534]
INFO: [Synth 8-256] done synthesizing module 'pselect_f' (1#1) [c:/Users/Andrew/Documents/Vivado_projects/HLS_Xilinx_university_program/projects/lab4/vivado/audio/audio.srcs/sources_1/bd/system/ipshared/0ba0/hdl/axi_lite_ipif_v3_0_vh_rfs.vhd:1534]
INFO: [Synth 8-638] synthesizing module 'pselect_f__parameterized0' [c:/Users/Andrew/Documents/Vivado_projects/HLS_Xilinx_university_program/projects/lab4/vivado/audio/audio.srcs/sources_1/bd/system/ipshared/0ba0/hdl/axi_lite_ipif_v3_0_vh_rfs.vhd:1534]
INFO: [Synth 8-256] done synthesizing module 'pselect_f__parameterized0' (1#1) [c:/Users/Andrew/Documents/Vivado_projects/HLS_Xilinx_university_program/projects/lab4/vivado/audio/audio.srcs/sources_1/bd/system/ipshared/0ba0/hdl/axi_lite_ipif_v3_0_vh_rfs.vhd:1534]
INFO: [Synth 8-638] synthesizing module 'pselect_f__parameterized1' [c:/Users/Andrew/Documents/Vivado_projects/HLS_Xilinx_university_program/projects/lab4/vivado/audio/audio.srcs/sources_1/bd/system/ipshared/0ba0/hdl/axi_lite_ipif_v3_0_vh_rfs.vhd:1534]
INFO: [Synth 8-256] done synthesizing module 'pselect_f__parameterized1' (1#1) [c:/Users/Andrew/Documents/Vivado_projects/HLS_Xilinx_university_program/projects/lab4/vivado/audio/audio.srcs/sources_1/bd/system/ipshared/0ba0/hdl/axi_lite_ipif_v3_0_vh_rfs.vhd:1534]
INFO: [Synth 8-638] synthesizing module 'pselect_f__parameterized2' [c:/Users/Andrew/Documents/Vivado_projects/HLS_Xilinx_university_program/projects/lab4/vivado/audio/audio.srcs/sources_1/bd/system/ipshared/0ba0/hdl/axi_lite_ipif_v3_0_vh_rfs.vhd:1534]
INFO: [Synth 8-256] done synthesizing module 'pselect_f__parameterized2' (1#1) [c:/Users/Andrew/Documents/Vivado_projects/HLS_Xilinx_university_program/projects/lab4/vivado/audio/audio.srcs/sources_1/bd/system/ipshared/0ba0/hdl/axi_lite_ipif_v3_0_vh_rfs.vhd:1534]
INFO: [Synth 8-256] done synthesizing module 'address_decoder' (2#1) [c:/Users/Andrew/Documents/Vivado_projects/HLS_Xilinx_university_program/projects/lab4/vivado/audio/audio.srcs/sources_1/bd/system/ipshared/0ba0/hdl/axi_lite_ipif_v3_0_vh_rfs.vhd:1775]
INFO: [Synth 8-256] done synthesizing module 'slave_attachment' (3#1) [c:/Users/Andrew/Documents/Vivado_projects/HLS_Xilinx_university_program/projects/lab4/vivado/audio/audio.srcs/sources_1/bd/system/ipshared/0ba0/hdl/axi_lite_ipif_v3_0_vh_rfs.vhd:2341]
INFO: [Synth 8-256] done synthesizing module 'axi_lite_ipif' (4#1) [c:/Users/Andrew/Documents/Vivado_projects/HLS_Xilinx_university_program/projects/lab4/vivado/audio/audio.srcs/sources_1/bd/system/ipshared/0ba0/hdl/axi_lite_ipif_v3_0_vh_rfs.vhd:2948]
INFO: [Synth 8-638] synthesizing module 'GPIO_Core' [c:/Users/Andrew/Documents/Vivado_projects/HLS_Xilinx_university_program/projects/lab4/vivado/audio/audio.srcs/sources_1/bd/system/ipshared/475c/hdl/axi_gpio_v2_0_vh_rfs.vhd:173]
INFO: [Synth 8-638] synthesizing module 'cdc_sync' [c:/Users/Andrew/Documents/Vivado_projects/HLS_Xilinx_university_program/projects/lab4/vivado/audio/audio.srcs/sources_1/bd/system/ipshared/52cb/hdl/lib_cdc_v1_0_rfs.vhd:106]
INFO: [Synth 8-256] done synthesizing module 'cdc_sync' (5#1) [c:/Users/Andrew/Documents/Vivado_projects/HLS_Xilinx_university_program/projects/lab4/vivado/audio/audio.srcs/sources_1/bd/system/ipshared/52cb/hdl/lib_cdc_v1_0_rfs.vhd:106]
INFO: [Synth 8-638] synthesizing module 'cdc_sync__parameterized0' [c:/Users/Andrew/Documents/Vivado_projects/HLS_Xilinx_university_program/projects/lab4/vivado/audio/audio.srcs/sources_1/bd/system/ipshared/52cb/hdl/lib_cdc_v1_0_rfs.vhd:106]
INFO: [Synth 8-256] done synthesizing module 'cdc_sync__parameterized0' (5#1) [c:/Users/Andrew/Documents/Vivado_projects/HLS_Xilinx_university_program/projects/lab4/vivado/audio/audio.srcs/sources_1/bd/system/ipshared/52cb/hdl/lib_cdc_v1_0_rfs.vhd:106]
INFO: [Synth 8-256] done synthesizing module 'GPIO_Core' (6#1) [c:/Users/Andrew/Documents/Vivado_projects/HLS_Xilinx_university_program/projects/lab4/vivado/audio/audio.srcs/sources_1/bd/system/ipshared/475c/hdl/axi_gpio_v2_0_vh_rfs.vhd:173]
INFO: [Synth 8-256] done synthesizing module 'axi_gpio' (7#1) [c:/Users/Andrew/Documents/Vivado_projects/HLS_Xilinx_university_program/projects/lab4/vivado/audio/audio.srcs/sources_1/bd/system/ipshared/475c/hdl/axi_gpio_v2_0_vh_rfs.vhd:1091]
INFO: [Synth 8-256] done synthesizing module 'system_axi_gpio_0_0' (8#1) [c:/Users/Andrew/Documents/Vivado_projects/HLS_Xilinx_university_program/projects/lab4/vivado/audio/audio.srcs/sources_1/bd/system/ip/system_axi_gpio_0_0/synth/system_axi_gpio_0_0.vhd:87]
Finished RTL Elaboration : Time (s): cpu = 00:00:06 ; elapsed = 00:00:19 . Memory (MB): peak = 383.348 ; gain = 173.430
Finished RTL Optimization Phase 1 : Time (s): cpu = 00:00:06 ; elapsed = 00:00:19 . Memory (MB): peak = 383.348 ; gain = 173.430
INFO: [Device 21-403] Loading part xc7z020clg484-1
Constraint Validation Runtime : Time (s): cpu = 00:00:00 ; elapsed = 00:00:00.027 . Memory (MB): peak = 702.516 ; gain = 0.000
Finished Constraint Validation : Time (s): cpu = 00:00:13 ; elapsed = 00:00:30 . Memory (MB): peak = 702.516 ; gain = 492.598
Finished Loading Part and Timing Information : Time (s): cpu = 00:00:13 ; elapsed = 00:00:30 . Memory (MB): peak = 702.516 ; gain = 492.598
Finished applying 'set_property' XDC Constraints : Time (s): cpu = 00:00:13 ; elapsed = 00:00:30 . Memory (MB): peak = 702.516 ; gain = 492.598
Finished RTL Optimization Phase 2 : Time (s): cpu = 00:00:13 ; elapsed = 00:00:30 . Memory (MB): peak = 702.516 ; gain = 492.598
Finished Cross Boundary and Area Optimization : Time (s): cpu = 00:00:14 ; elapsed = 00:00:30 . Memory (MB): peak = 702.516 ; gain = 492.598
Finished Applying XDC Timing Constraints : Time (s): cpu = 00:00:21 ; elapsed = 00:00:39 . Memory (MB): peak = 702.516 ; gain = 492.598
Finished Timing Optimization : Time (s): cpu = 00:00:21 ; elapsed = 00:00:39 . Memory (MB): peak = 702.516 ; gain = 492.598
Finished Technology Mapping : Time (s): cpu = 00:00:21 ; elapsed = 00:00:39 . Memory (MB): peak = 702.516 ; gain = 492.598
Finished IO Insertion : Time (s): cpu = 00:00:21 ; elapsed = 00:00:39 . Memory (MB): peak = 702.516 ; gain = 492.598
Finished Renaming Generated Instances : Time (s): cpu = 00:00:21 ; elapsed = 00:00:39 . Memory (MB): peak = 702.516 ; gain = 492.598
Finished Rebuilding User Hierarchy : Time (s): cpu = 00:00:21 ; elapsed = 00:00:39 . Memory (MB): peak = 702.516 ; gain = 492.598
Finished Renaming Generated Ports : Time (s): cpu = 00:00:21 ; elapsed = 00:00:39 . Memory (MB): peak = 702.516 ; gain = 492.598
Finished Handling Custom Attributes : Time (s): cpu = 00:00:21 ; elapsed = 00:00:39 . Memory (MB): peak = 702.516 ; gain = 492.598
Finished Renaming Generated Nets : Time (s): cpu = 00:00:21 ; elapsed = 00:00:39 . Memory (MB): peak = 702.516 ; gain = 492.598

Report Cell Usage: 
+------+-----+------+
|      |Cell |Count |
+------+-----+------+
|1     |LUT1 |     2|
|2     |LUT2 |     6|
|3     |LUT3 |     5|
|4     |LUT4 |     6|
|5     |LUT5 |    16|
|6     |LUT6 |    11|
|7     |FDR  |    12|
|8     |FDRE |    34|
|9     |FDSE |     3|
+------+-----+------+
Finished Writing Synthesis Report : Time (s): cpu = 00:00:21 ; elapsed = 00:00:39 . Memory (MB): peak = 702.516 ; gain = 492.598
synth_design: Time (s): cpu = 00:00:19 ; elapsed = 00:00:30 . Memory (MB): peak = 702.516 ; gain = 439.469
