0 -32768 378
1 0 73
2 0 -27
3 0 -170
4 0 -298
5 0 -352
6 0 -302
7 0 -168
8 0 -14
9 0 80
10 0 64
11 0 -53
12 0 -186
13 0 -216
14 0 -40
15 0 356
16 0 867
17 0 1283
18 0 1366
19 0 954
20 0 51
21 0 -1132
22 0 -2227
23 0 -2829
24 0 -2647
25 0 -1633
26 0 -25
27 0 1712
28 0 3042
29 0 -29229
30 0 3042
31 0 1712
32 0 -25
33 0 -1633
34 0 -2647
35 0 -2829
36 0 -2227
37 0 -1132
38 0 51
39 0 954
40 0 1366
41 0 1283
42 0 867
43 0 356
44 0 -40
45 0 -216
46 0 -186
47 0 -53
48 0 64
49 0 80
50 0 -14
51 0 -168
52 0 -302
53 0 -352
54 0 -298
55 0 -170
56 0 -27
57 0 73
58 0 378
59 0 0
60 0 0
61 0 0
62 0 0
63 0 0
64 0 0
65 0 0
66 0 0
67 0 0

C:\Users\Andrew\Documents\Vivado_projects\HLS_Xilinx_university_program\projects\lab4\fir.prj\solution1\sim\verilog>call xelab xil_defaultlib.apatb_fir_top -prj fir.prj --initfile "D:/Programs/Vivado/Vivado/2016.3/bin/../data/xsim/ip/xsim_ip.ini" --lib "ieee_proposed=./ieee_proposed" -s fir  
INFO: [XSIM 43-3496] Using init file passed via -initfile option "D:/Programs/Vivado/Vivado/2016.3/bin/../data/xsim/ip/xsim_ip.ini".
Vivado Simulator 2016.3
Copyright 1986-1999, 2001-2016 Xilinx, Inc. All Rights Reserved.
Running: D:/Programs/Vivado/Vivado/2016.3/bin/unwrapped/win64.o/xelab.exe xil_defaultlib.apatb_fir_top -prj fir.prj --initfile D:/Programs/Vivado/Vivado/2016.3/bin/../data/xsim/ip/xsim_ip.ini --lib ieee_proposed=./ieee_proposed -s fir 
Multi-threading is on. Using 2 slave threads.
INFO: [VRFC 10-2263] Analyzing SystemVerilog file "C:/Users/Andrew/Documents/Vivado_projects/HLS_Xilinx_university_program/projects/lab4/fir.prj/solution1/sim/verilog/fir.autotb.v" into library xil_defaultlib
INFO: [VRFC 10-311] analyzing module apatb_fir_top
INFO: [VRFC 10-2263] Analyzing SystemVerilog file "C:/Users/Andrew/Documents/Vivado_projects/HLS_Xilinx_university_program/projects/lab4/fir.prj/solution1/sim/verilog/fir.v" into library xil_defaultlib
INFO: [VRFC 10-311] analyzing module fir
INFO: [VRFC 10-2263] Analyzing SystemVerilog file "C:/Users/Andrew/Documents/Vivado_projects/HLS_Xilinx_university_program/projects/lab4/fir.prj/solution1/sim/verilog/fir_c.v" into library xil_defaultlib
INFO: [VRFC 10-311] analyzing module fir_c_rom
INFO: [VRFC 10-311] analyzing module fir_c
INFO: [VRFC 10-2263] Analyzing SystemVerilog file "C:/Users/Andrew/Documents/Vivado_projects/HLS_Xilinx_university_program/projects/lab4/fir.prj/solution1/sim/verilog/fir_mac_muladd_10dEe.v" into library xil_defaultlib
INFO: [VRFC 10-311] analyzing module fir_mac_muladd_10dEe_DSP48_2
INFO: [VRFC 10-311] analyzing module fir_mac_muladd_10dEe
INFO: [VRFC 10-2263] Analyzing SystemVerilog file "C:/Users/Andrew/Documents/Vivado_projects/HLS_Xilinx_university_program/projects/lab4/fir.prj/solution1/sim/verilog/fir_mac_muladd_16cud.v" into library xil_defaultlib
INFO: [VRFC 10-311] analyzing module fir_mac_muladd_16cud_DSP48_1
INFO: [VRFC 10-311] analyzing module fir_mac_muladd_16cud
INFO: [VRFC 10-2263] Analyzing SystemVerilog file "C:/Users/Andrew/Documents/Vivado_projects/HLS_Xilinx_university_program/projects/lab4/fir.prj/solution1/sim/verilog/fir_mul_mul_16s_1bkb.v" into library xil_defaultlib
INFO: [VRFC 10-311] analyzing module fir_mul_mul_16s_1bkb_DSP48_0
INFO: [VRFC 10-311] analyzing module fir_mul_mul_16s_1bkb
INFO: [VRFC 10-2263] Analyzing SystemVerilog file "C:/Users/Andrew/Documents/Vivado_projects/HLS_Xilinx_university_program/projects/lab4/fir.prj/solution1/sim/verilog/fir_shift_reg.v" into library xil_defaultlib
INFO: [VRFC 10-311] analyzing module fir_shift_reg_ram
INFO: [VRFC 10-311] analyzing module fir_shift_reg
Starting static elaboration
Completed static elaboration
Starting simulation data flow analysis
Completed simulation data flow analysis
Time Resolution for simulation is 1ps
Compiling module xil_defaultlib.fir_shift_reg_ram
Compiling module xil_defaultlib.fir_shift_reg(DataWidth=16,Addre...
Compiling module xil_defaultlib.fir_c_rom
Compiling module xil_defaultlib.fir_c(DataWidth=16,AddressRange=...
Compiling module xil_defaultlib.fir_mul_mul_16s_1bkb_DSP48_0
Compiling module xil_defaultlib.fir_mul_mul_16s_1bkb(ID=1,NUM_ST...
Compiling module xil_defaultlib.fir_mac_muladd_16cud_DSP48_1
Compiling module xil_defaultlib.fir_mac_muladd_16cud(ID=1,NUM_ST...
Compiling module xil_defaultlib.fir_mac_muladd_10dEe_DSP48_2
Compiling module xil_defaultlib.fir_mac_muladd_10dEe(ID=1,NUM_ST...
Compiling module xil_defaultlib.fir
Compiling module xil_defaultlib.apatb_fir_top
Built simulation snapshot fir

****** Webtalk v2016.3 (64-bit)
  **** SW Build 1682563 on Mon Oct 10 19:07:27 MDT 2016
  **** IP Build 1681267 on Mon Oct 10 21:28:31 MDT 2016
    ** Copyright 1986-2016 Xilinx, Inc. All Rights Reserved.

source C:/Users/Andrew/Documents/Vivado_projects/HLS_Xilinx_university_program/projects/lab4/fir.prj/solution1/sim/verilog/xsim.dir/fir/webtalk/xsim_webtalk.tcl -notrace
INFO: [Common 17-186] 'C:/Users/Andrew/Documents/Vivado_projects/HLS_Xilinx_university_program/projects/lab4/fir.prj/solution1/sim/verilog/xsim.dir/fir/webtalk/usage_statistics_ext_xsim.xml' has been successfully sent to Xilinx on Thu Apr 27 22:13:38 2017. For additional details about this file, please refer to the WebTalk help file at D:/Programs/Vivado/Vivado/2016.3/doc/webtalk_introduction.html.
INFO: [Common 17-206] Exiting Webtalk at Thu Apr 27 22:13:38 2017...

****** xsim v2016.3 (64-bit)
  **** SW Build 1682563 on Mon Oct 10 19:07:27 MDT 2016
  **** IP Build 1681267 on Mon Oct 10 21:28:31 MDT 2016
    ** Copyright 1986-2016 Xilinx, Inc. All Rights Reserved.

source xsim.dir/fir/xsim_script.tcl
# xsim {fir} -autoloadwcfg -tclbatch {fir.tcl}
Vivado Simulator 2016.3
Time resolution is 1 ps
source fir.tcl
## run all
////////////////////////////////////////////////////////////////////////////////////
// Inter-Transaction Progress: Completed Transaction / Total Transaction
// Intra-Transaction Progress: Measured Latency / Latency Estimation * 100%
//
// RTL Simulation : "Inter-Transaction Progress" ["Intra-Transaction Progress"] @ "Simulation Time"
////////////////////////////////////////////////////////////////////////////////////
// RTL Simulation : 0 / 68 [0.00%] @ "125000"
// RTL Simulation : 1 / 68 [0.00%] @ "775000"
// RTL Simulation : 2 / 68 [0.00%] @ "1415000"
// RTL Simulation : 3 / 68 [0.00%] @ "2055000"
// RTL Simulation : 4 / 68 [0.00%] @ "2695000"
// RTL Simulation : 5 / 68 [0.00%] @ "3335000"
// RTL Simulation : 6 / 68 [0.00%] @ "3975000"
// RTL Simulation : 7 / 68 [0.00%] @ "4615000"
// RTL Simulation : 8 / 68 [0.00%] @ "5255000"
// RTL Simulation : 9 / 68 [0.00%] @ "5895000"
// RTL Simulation : 10 / 68 [0.00%] @ "6535000"
// RTL Simulation : 11 / 68 [0.00%] @ "7175000"
// RTL Simulation : 12 / 68 [0.00%] @ "7815000"
// RTL Simulation : 13 / 68 [0.00%] @ "8455000"
// RTL Simulation : 14 / 68 [0.00%] @ "9095000"
// RTL Simulation : 15 / 68 [0.00%] @ "9735000"
// RTL Simulation : 16 / 68 [0.00%] @ "10375000"
// RTL Simulation : 17 / 68 [0.00%] @ "11015000"
// RTL Simulation : 18 / 68 [0.00%] @ "11655000"
// RTL Simulation : 19 / 68 [0.00%] @ "12295000"
// RTL Simulation : 20 / 68 [0.00%] @ "12935000"
// RTL Simulation : 21 / 68 [0.00%] @ "13575000"
// RTL Simulation : 22 / 68 [0.00%] @ "14215000"
// RTL Simulation : 23 / 68 [0.00%] @ "14855000"
// RTL Simulation : 24 / 68 [0.00%] @ "15495000"
// RTL Simulation : 25 / 68 [0.00%] @ "16135000"
// RTL Simulation : 26 / 68 [0.00%] @ "16775000"
// RTL Simulation : 27 / 68 [0.00%] @ "17415000"
// RTL Simulation : 28 / 68 [0.00%] @ "18055000"
// RTL Simulation : 29 / 68 [0.00%] @ "18695000"
// RTL Simulation : 30 / 68 [0.00%] @ "19335000"
// RTL Simulation : 31 / 68 [0.00%] @ "19975000"
// RTL Simulation : 32 / 68 [0.00%] @ "20615000"
// RTL Simulation : 33 / 68 [0.00%] @ "21255000"
// RTL Simulation : 34 / 68 [0.00%] @ "21895000"
// RTL Simulation : 35 / 68 [0.00%] @ "22535000"
// RTL Simulation : 36 / 68 [0.00%] @ "23175000"
// RTL Simulation : 37 / 68 [0.00%] @ "23815000"
// RTL Simulation : 38 / 68 [0.00%] @ "24455000"
// RTL Simulation : 39 / 68 [0.00%] @ "25095000"
// RTL Simulation : 40 / 68 [0.00%] @ "25735000"
// RTL Simulation : 41 / 68 [0.00%] @ "26375000"
// RTL Simulation : 42 / 68 [0.00%] @ "27015000"
// RTL Simulation : 43 / 68 [0.00%] @ "27655000"
// RTL Simulation : 44 / 68 [0.00%] @ "28295000"
// RTL Simulation : 45 / 68 [0.00%] @ "28935000"
// RTL Simulation : 46 / 68 [0.00%] @ "29575000"
// RTL Simulation : 47 / 68 [0.00%] @ "30215000"
// RTL Simulation : 48 / 68 [0.00%] @ "30855000"
// RTL Simulation : 49 / 68 [0.00%] @ "31495000"
// RTL Simulation : 50 / 68 [0.00%] @ "32135000"
// RTL Simulation : 51 / 68 [0.00%] @ "32775000"
// RTL Simulation : 52 / 68 [0.00%] @ "33415000"
// RTL Simulation : 53 / 68 [0.00%] @ "34055000"
// RTL Simulation : 54 / 68 [0.00%] @ "34695000"
// RTL Simulation : 55 / 68 [0.00%] @ "35335000"
// RTL Simulation : 56 / 68 [0.00%] @ "35975000"
// RTL Simulation : 57 / 68 [0.00%] @ "36615000"
// RTL Simulation : 58 / 68 [0.00%] @ "37255000"
// RTL Simulation : 59 / 68 [0.00%] @ "37895000"
// RTL Simulation : 60 / 68 [0.00%] @ "38535000"
// RTL Simulation : 61 / 68 [0.00%] @ "39175000"
// RTL Simulation : 62 / 68 [0.00%] @ "39815000"
// RTL Simulation : 63 / 68 [0.00%] @ "40455000"
// RTL Simulation : 64 / 68 [0.00%] @ "41095000"
// RTL Simulation : 65 / 68 [0.00%] @ "41735000"
// RTL Simulation : 66 / 68 [0.00%] @ "42375000"
// RTL Simulation : 67 / 68 [0.00%] @ "43015000"
// RTL Simulation : 68 / 68 [0.00%] @ "43655000"
////////////////////////////////////////////////////////////////////////////////////
$finish called at time : 43695 ns : File "C:/Users/Andrew/Documents/Vivado_projects/HLS_Xilinx_university_program/projects/lab4/fir.prj/solution1/sim/verilog/fir.autotb.v" Line 284
## quit
INFO: [Common 17-206] Exiting xsim at Thu Apr 27 22:13:50 2017...
0 -32768 378
1 0 73
2 0 -27
3 0 -170
4 0 -298
5 0 -352
6 0 -302
7 0 -168
8 0 -14
9 0 80
10 0 64
11 0 -53
12 0 -186
13 0 -216
14 0 -40
15 0 356
16 0 867
17 0 1283
18 0 1366
19 0 954
20 0 51
21 0 -1132
22 0 -2227
23 0 -2829
24 0 -2647
25 0 -1633
26 0 -25
27 0 1712
28 0 3042
29 0 -29229
30 0 3042
31 0 1712
32 0 -25
33 0 -1633
34 0 -2647
35 0 -2829
36 0 -2227
37 0 -1132
38 0 51
39 0 954
40 0 1366
41 0 1283
42 0 867
43 0 356
44 0 -40
45 0 -216
46 0 -186
47 0 -53
48 0 64
49 0 80
50 0 -14
51 0 -168
52 0 -302
53 0 -352
54 0 -298
55 0 -170
56 0 -27
57 0 73
58 0 378
59 0 0
60 0 0
61 0 0
62 0 0
63 0 0
64 0 0
65 0 0
66 0 0
67 0 0
