@I [SIM-47] Using XSIM for RTL simulation.
@I [SIM-14] Instrumenting C test bench ...
   Build using "D:/Programs/Vivado/Vivado_HLS/2016.3/msys/bin/g++.exe"
   Compiling apatb_matrixmul.cpp
   Compiling matrixmul.cpp_pre.cpp.tb.cpp
   Compiling matrixmul_test.cpp_pre.cpp.tb.cpp
   Generating cosim.tv.exe
@I [SIM-302] Starting C TB testing ... 
@I [SIM-333] Generating C post check test bench ...
@I [SIM-12] Generating RTL test bench ...
@I [SIM-323] Starting verilog simulation. 
@I [SIM-15] Starting XSIM ...
@I [SIM-316] Starting C post checking ...
printing out resulting matrix
{
{870,906,942}
{1086,1131,1176}
{1302,1356,1410}
}
Test passed.

C:\Users\Andrew\Documents\Vivado_projects\HLS_Xilinx_university_program\projects\lab1\lab1\solution1\sim\verilog>call xelab xil_defaultlib.apatb_matrixmul_top -prj matrixmul.prj --initfile "D:/Programs/Vivado/Vivado/2016.3/bin/../data/xsim/ip/xsim_ip.ini" --lib "ieee_proposed=./ieee_proposed" -s matrixmul -debug wave 
INFO: [XSIM 43-3496] Using init file passed via -initfile option "D:/Programs/Vivado/Vivado/2016.3/bin/../data/xsim/ip/xsim_ip.ini".
Vivado Simulator 2016.3
Copyright 1986-1999, 2001-2016 Xilinx, Inc. All Rights Reserved.
Running: D:/Programs/Vivado/Vivado/2016.3/bin/unwrapped/win64.o/xelab.exe xil_defaultlib.apatb_matrixmul_top -prj matrixmul.prj --initfile D:/Programs/Vivado/Vivado/2016.3/bin/../data/xsim/ip/xsim_ip.ini --lib ieee_proposed=./ieee_proposed -s matrixmul -debug wave 
Multi-threading is on. Using 2 slave threads.
INFO: [VRFC 10-2263] Analyzing SystemVerilog file "C:/Users/Andrew/Documents/Vivado_projects/HLS_Xilinx_university_program/projects/lab1/lab1/solution1/sim/verilog/AESL_automem_a.v" into library xil_defaultlib
INFO: [VRFC 10-311] analyzing module AESL_automem_a
INFO: [VRFC 10-2263] Analyzing SystemVerilog file "C:/Users/Andrew/Documents/Vivado_projects/HLS_Xilinx_university_program/projects/lab1/lab1/solution1/sim/verilog/AESL_automem_b.v" into library xil_defaultlib
INFO: [VRFC 10-311] analyzing module AESL_automem_b
INFO: [VRFC 10-2263] Analyzing SystemVerilog file "C:/Users/Andrew/Documents/Vivado_projects/HLS_Xilinx_university_program/projects/lab1/lab1/solution1/sim/verilog/AESL_automem_res.v" into library xil_defaultlib
INFO: [VRFC 10-311] analyzing module AESL_automem_res
INFO: [VRFC 10-2263] Analyzing SystemVerilog file "C:/Users/Andrew/Documents/Vivado_projects/HLS_Xilinx_university_program/projects/lab1/lab1/solution1/sim/verilog/matrixmul.autotb.v" into library xil_defaultlib
INFO: [VRFC 10-311] analyzing module apatb_matrixmul_top
INFO: [VRFC 10-2263] Analyzing SystemVerilog file "C:/Users/Andrew/Documents/Vivado_projects/HLS_Xilinx_university_program/projects/lab1/lab1/solution1/sim/verilog/matrixmul.v" into library xil_defaultlib
INFO: [VRFC 10-311] analyzing module matrixmul
INFO: [VRFC 10-2263] Analyzing SystemVerilog file "C:/Users/Andrew/Documents/Vivado_projects/HLS_Xilinx_university_program/projects/lab1/lab1/solution1/sim/verilog/matrixmul_mac_mulbkb.v" into library xil_defaultlib
INFO: [VRFC 10-311] analyzing module matrixmul_mac_mulbkb_DSP48_0
INFO: [VRFC 10-311] analyzing module matrixmul_mac_mulbkb
Starting static elaboration
Completed static elaboration
Starting simulation data flow analysis
Completed simulation data flow analysis
Time Resolution for simulation is 1ps
Compiling module xil_defaultlib.matrixmul_mac_mulbkb_DSP48_0
Compiling module xil_defaultlib.matrixmul_mac_mulbkb(ID=1,NUM_ST...
Compiling module xil_defaultlib.matrixmul
Compiling module xil_defaultlib.AESL_automem_a
Compiling module xil_defaultlib.AESL_automem_b
Compiling module xil_defaultlib.AESL_automem_res
Compiling module xil_defaultlib.apatb_matrixmul_top
Built simulation snapshot matrixmul

****** Webtalk v2016.3 (64-bit)
  **** SW Build 1682563 on Mon Oct 10 19:07:27 MDT 2016
  **** IP Build 1681267 on Mon Oct 10 21:28:31 MDT 2016
    ** Copyright 1986-2016 Xilinx, Inc. All Rights Reserved.

source C:/Users/Andrew/Documents/Vivado_projects/HLS_Xilinx_university_program/projects/lab1/lab1/solution1/sim/verilog/xsim.dir/matrixmul/webtalk/xsim_webtalk.tcl -notrace
INFO: [Common 17-186] 'C:/Users/Andrew/Documents/Vivado_projects/HLS_Xilinx_university_program/projects/lab1/lab1/solution1/sim/verilog/xsim.dir/matrixmul/webtalk/usage_statistics_ext_xsim.xml' has been successfully sent to Xilinx on Tue Apr 18 14:52:32 2017. For additional details about this file, please refer to the WebTalk help file at D:/Programs/Vivado/Vivado/2016.3/doc/webtalk_introduction.html.
INFO: [Common 17-206] Exiting Webtalk at Tue Apr 18 14:52:32 2017...

****** xsim v2016.3 (64-bit)
  **** SW Build 1682563 on Mon Oct 10 19:07:27 MDT 2016
  **** IP Build 1681267 on Mon Oct 10 21:28:31 MDT 2016
    ** Copyright 1986-2016 Xilinx, Inc. All Rights Reserved.

source xsim.dir/matrixmul/xsim_script.tcl
# xsim {matrixmul} -autoloadwcfg -tclbatch {matrixmul.tcl}
Vivado Simulator 2016.3
Time resolution is 1 ps
source matrixmul.tcl
## log_wave -r /
## set designtopgroup [add_wave_group "Design Top Signals"]
## set coutputgroup [add_wave_group "C Outputs" -into $designtopgroup]
## set res_group [add_wave_group res(memory) -into $coutputgroup]
## add_wave /apatb_matrixmul_top/AESL_inst_matrixmul/res_d0 -into $res_group -radix hex
## add_wave /apatb_matrixmul_top/AESL_inst_matrixmul/res_we0 -into $res_group -color #ffff00 -radix hex
## add_wave /apatb_matrixmul_top/AESL_inst_matrixmul/res_ce0 -into $res_group -color #ffff00 -radix hex
## add_wave /apatb_matrixmul_top/AESL_inst_matrixmul/res_address0 -into $res_group -radix hex
## set cinputgroup [add_wave_group "C Inputs" -into $designtopgroup]
## set b_group [add_wave_group b(memory) -into $cinputgroup]
## add_wave /apatb_matrixmul_top/AESL_inst_matrixmul/b_q0 -into $b_group -radix hex
## add_wave /apatb_matrixmul_top/AESL_inst_matrixmul/b_ce0 -into $b_group -color #ffff00 -radix hex
## add_wave /apatb_matrixmul_top/AESL_inst_matrixmul/b_address0 -into $b_group -radix hex
## set a_group [add_wave_group a(memory) -into $cinputgroup]
## add_wave /apatb_matrixmul_top/AESL_inst_matrixmul/a_q0 -into $a_group -radix hex
## add_wave /apatb_matrixmul_top/AESL_inst_matrixmul/a_ce0 -into $a_group -color #ffff00 -radix hex
## add_wave /apatb_matrixmul_top/AESL_inst_matrixmul/a_address0 -into $a_group -radix hex
## set blocksiggroup [add_wave_group "Block-level IO Handshake" -into $designtopgroup]
## add_wave /apatb_matrixmul_top/AESL_inst_matrixmul/ap_start -into $blocksiggroup
## add_wave /apatb_matrixmul_top/AESL_inst_matrixmul/ap_done -into $blocksiggroup
## add_wave /apatb_matrixmul_top/AESL_inst_matrixmul/ap_idle -into $blocksiggroup
## add_wave /apatb_matrixmul_top/AESL_inst_matrixmul/ap_ready -into $blocksiggroup
## set resetgroup [add_wave_group "Reset" -into $designtopgroup]
## add_wave /apatb_matrixmul_top/AESL_inst_matrixmul/ap_rst -into $resetgroup
## set clockgroup [add_wave_group "Clock" -into $designtopgroup]
## add_wave /apatb_matrixmul_top/AESL_inst_matrixmul/ap_clk -into $clockgroup
## set testbenchgroup [add_wave_group "Test Bench Signals"]
## set tbinternalsiggroup [add_wave_group "Internal Signals" -into $testbenchgroup]
## set tb_simstatus_group [add_wave_group "Simulation Status" -into $tbinternalsiggroup]
## set tb_portdepth_group [add_wave_group "Port Depth" -into $tbinternalsiggroup]
## add_wave /apatb_matrixmul_top/AUTOTB_TRANSACTION_NUM -into $tb_simstatus_group -radix hex
## add_wave /apatb_matrixmul_top/ready_cnt -into $tb_simstatus_group -radix hex
## add_wave /apatb_matrixmul_top/done_cnt -into $tb_simstatus_group -radix hex
## add_wave /apatb_matrixmul_top/LENGTH_a -into $tb_portdepth_group -radix hex
## add_wave /apatb_matrixmul_top/LENGTH_b -into $tb_portdepth_group -radix hex
## add_wave /apatb_matrixmul_top/LENGTH_res -into $tb_portdepth_group -radix hex
## set tbcoutputgroup [add_wave_group "C Outputs" -into $testbenchgroup]
## set tb_res_group [add_wave_group res(memory) -into $tbcoutputgroup]
## add_wave /apatb_matrixmul_top/res_d0 -into $tb_res_group -radix hex
## add_wave /apatb_matrixmul_top/res_we0 -into $tb_res_group -color #ffff00 -radix hex
## add_wave /apatb_matrixmul_top/res_ce0 -into $tb_res_group -color #ffff00 -radix hex
## add_wave /apatb_matrixmul_top/res_address0 -into $tb_res_group -radix hex
## set tbcinputgroup [add_wave_group "C Inputs" -into $testbenchgroup]
## set tb_b_group [add_wave_group b(memory) -into $tbcinputgroup]
## add_wave /apatb_matrixmul_top/b_q0 -into $tb_b_group -radix hex
## add_wave /apatb_matrixmul_top/b_ce0 -into $tb_b_group -color #ffff00 -radix hex
## add_wave /apatb_matrixmul_top/b_address0 -into $tb_b_group -radix hex
## set tb_a_group [add_wave_group a(memory) -into $tbcinputgroup]
## add_wave /apatb_matrixmul_top/a_q0 -into $tb_a_group -radix hex
## add_wave /apatb_matrixmul_top/a_ce0 -into $tb_a_group -color #ffff00 -radix hex
## add_wave /apatb_matrixmul_top/a_address0 -into $tb_a_group -radix hex
## save_wave_config matrixmul.wcfg
## run all
////////////////////////////////////////////////////////////////////////////////////
// Inter-Transaction Progress: Completed Transaction / Total Transaction
// Intra-Transaction Progress: Measured Latency / Latency Estimation * 100%
//
// RTL Simulation : "Inter-Transaction Progress" ["Intra-Transaction Progress"] @ "Simulation Time"
////////////////////////////////////////////////////////////////////////////////////
// RTL Simulation : 0 / 1 [0.00%] @ "125000"
// RTL Simulation : 1 / 1 [0.00%] @ "1205000"
////////////////////////////////////////////////////////////////////////////////////
$finish called at time : 1245 ns : File "C:/Users/Andrew/Documents/Vivado_projects/HLS_Xilinx_university_program/projects/lab1/lab1/solution1/sim/verilog/matrixmul.autotb.v" Line 319
## quit
INFO: [Common 17-206] Exiting xsim at Tue Apr 18 14:52:38 2017...
printing out resulting matrix
{
{870,906,942}
{1086,1131,1176}
{1302,1356,1410}
}
Test passed.
@I [SIM-1000] *** C/RTL co-simulation finished: PASS ***
