

================================================================
== Vivado HLS Report for 'dct_2d'
================================================================
* Date:           Wed Apr 26 22:19:40 2017

* Version:        2016.3 (Build 1682563 on Mon Oct 10 19:41:59 MDT 2016)
* Project:        dct.prj
* Solution:       solution3
* Product family: zynq
* Target device:  xc7z020clg484-1


================================================================
== Performance Estimates
================================================================
+ Timing (ns): 
    * Summary: 
    +--------+-------+----------+------------+
    |  Clock | Target| Estimated| Uncertainty|
    +--------+-------+----------+------------+
    |ap_clk  |  10.00|      9.40|        1.25|
    +--------+-------+----------+------------+

+ Latency (clock cycles): 
    * Summary: 
    +-----+-----+-----+-----+---------+
    |  Latency  |  Interval | Pipeline|
    | min | max | min | max |   Type  |
    +-----+-----+-----+-----+---------+
    |  742|  742|  742|  742|   none  |
    +-----+-----+-----+-----+---------+

    + Detail: 
        * Instance: 
        +--------------------+---------+-----+-----+-----+-----+---------+
        |                    |         |  Latency  |  Interval | Pipeline|
        |      Instance      |  Module | min | max | min | max |   Type  |
        +--------------------+---------+-----+-----+-----+-----+---------+
        |grp_dct_1d2_fu_221  |dct_1d2  |   36|   36|   36|   36|   none  |
        +--------------------+---------+-----+-----+-----+-----+---------+

        * Loop: 
        +---------------------------------------------+-----+-----+----------+-----------+-----------+------+----------+
        |                                             |  Latency  | Iteration|  Initiation Interval  | Trip |          |
        |                  Loop Name                  | min | max |  Latency |  achieved |   target  | Count| Pipelined|
        +---------------------------------------------+-----+-----+----------+-----------+-----------+------+----------+
        |- Row_DCT_Loop                               |  304|  304|        38|          -|          -|     8|    no    |
        |- Xpose_Row_Outer_Loop_Xpose_Row_Inner_Loop  |   64|   64|         2|          1|          1|    64|    yes   |
        |- Col_DCT_Loop                               |  304|  304|        38|          -|          -|     8|    no    |
        |- Xpose_Col_Outer_Loop_Xpose_Col_Inner_Loop  |   64|   64|         2|          1|          1|    64|    yes   |
        +---------------------------------------------+-----+-----+----------+-----------+-----------+------+----------+

============================================================
+ Verbose Summary: Synthesis Manager
============================================================
InlineROM: 1
ExposeGlobal: 0
============================================================
+ Verbose Summary: CDFG Model
============================================================
IsTopModel: 0
ResetActiveHigh: 1
IsCombinational: 0
IsDatapathOnly: 0
HasWiredReturn: 1
HasMFsm: 0
HasVarLatency: 1
IsPipeline: 0
IsRtlPipelined: 0
IsInstanceOverlapped: 0
IsDontTouch: 0
HasImplIP: 0
IsGatedGlobalClock: 0

+ Individual pipeline summary: 
  * Pipeline-0: initiation interval (II) = 1, depth = 2
  * Pipeline-1: initiation interval (II) = 1, depth = 2


============================================================
+ Verbose Summary: Schedule
============================================================
* Number of FSM states: 11
* Pipeline: 2
  Pipeline-0: II = 1, D = 2, States = { 4 5 }
  Pipeline-1: II = 1, D = 2, States = { 9 10 }
* Dataflow Pipeline: 0

* FSM state transitions: 
1 --> 
	2  / true
2 --> 
	3  / (!tmp)
	4  / (tmp)
3 --> 
	2  / true
4 --> 
	6  / (exitcond_flatten)
	5  / (!exitcond_flatten)
5 --> 
	4  / true
6 --> 
	7  / true
7 --> 
	8  / (!tmp_9)
	9  / (tmp_9)
8 --> 
	7  / true
9 --> 
	11  / (exitcond_flatten1)
	10  / (!exitcond_flatten1)
10 --> 
	9  / true
11 --> 
* FSM state operations: 

 <State 1>: 2.71ns
ST_1: row_outbuf (11)  [1/1] 2.71ns
:0  %row_outbuf = alloca [64 x i16], align 2

ST_1: col_outbuf (12)  [1/1] 2.71ns
:1  %col_outbuf = alloca [64 x i16], align 2

ST_1: col_inbuf (13)  [1/1] 2.71ns  loc: resource/lab3/dct.c:27
:2  %col_inbuf = alloca [64 x i16], align 2

ST_1: StgValue_15 (14)  [1/1] 1.57ns  loc: resource/lab3/dct.c:32
:3  br label %1


 <State 2>: 3.25ns
ST_2: i (16)  [1/1] 0.00ns
:0  %i = phi i4 [ 0, %0 ], [ %i_4, %2 ]

ST_2: tmp (17)  [1/1] 1.88ns  loc: resource/lab3/dct.c:32
:1  %tmp = icmp eq i4 %i, -8

ST_2: empty (18)  [1/1] 0.00ns
:2  %empty = call i32 (...)* @_ssdm_op_SpecLoopTripCount(i64 8, i64 8, i64 8)

ST_2: i_4 (19)  [1/1] 0.80ns  loc: resource/lab3/dct.c:32
:3  %i_4 = add i4 %i, 1

ST_2: StgValue_20 (20)  [1/1] 0.00ns  loc: resource/lab3/dct.c:32
:4  br i1 %tmp, label %.preheader2.preheader.preheader, label %2

ST_2: StgValue_21 (23)  [2/2] 1.57ns  loc: resource/lab3/dct.c:33
:1  call fastcc void @dct_1d2([64 x i16]* %in_block, i4 %i, [64 x i16]* %row_outbuf, i4 %i)

ST_2: StgValue_22 (26)  [1/1] 1.57ns
.preheader2.preheader.preheader:0  br label %.preheader2.preheader


 <State 3>: 0.00ns
ST_3: StgValue_23 (22)  [1/1] 0.00ns  loc: resource/lab3/dct.c:32
:0  call void (...)* @_ssdm_op_SpecLoopName([13 x i8]* @p_str3) nounwind

ST_3: StgValue_24 (23)  [1/2] 0.00ns  loc: resource/lab3/dct.c:33
:1  call fastcc void @dct_1d2([64 x i16]* %in_block, i4 %i, [64 x i16]* %row_outbuf, i4 %i)

ST_3: StgValue_25 (24)  [1/1] 0.00ns  loc: resource/lab3/dct.c:32
:2  br label %1


 <State 4>: 7.68ns
ST_4: indvar_flatten (28)  [1/1] 0.00ns
.preheader2.preheader:0  %indvar_flatten = phi i7 [ %indvar_flatten_next, %.preheader2 ], [ 0, %.preheader2.preheader.preheader ]

ST_4: j (29)  [1/1] 0.00ns  loc: resource/lab3/dct.c:37
.preheader2.preheader:1  %j = phi i4 [ %j_cast5_mid2_v, %.preheader2 ], [ 0, %.preheader2.preheader.preheader ]

ST_4: i_1 (30)  [1/1] 0.00ns
.preheader2.preheader:2  %i_1 = phi i4 [ %i_6, %.preheader2 ], [ 0, %.preheader2.preheader.preheader ]

ST_4: exitcond_flatten (31)  [1/1] 1.97ns
.preheader2.preheader:3  %exitcond_flatten = icmp eq i7 %indvar_flatten, -64

ST_4: indvar_flatten_next (32)  [1/1] 1.72ns
.preheader2.preheader:4  %indvar_flatten_next = add i7 %indvar_flatten, 1

ST_4: StgValue_31 (33)  [1/1] 0.00ns
.preheader2.preheader:5  br i1 %exitcond_flatten, label %.preheader1.preheader, label %.preheader2

ST_4: j_2 (35)  [1/1] 0.80ns  loc: resource/lab3/dct.c:37
.preheader2:0  %j_2 = add i4 %j, 1

ST_4: tmp_s (38)  [1/1] 1.88ns  loc: resource/lab3/dct.c:39
.preheader2:3  %tmp_s = icmp eq i4 %i_1, -8

ST_4: i_1_mid2 (39)  [1/1] 1.37ns  loc: resource/lab3/dct.c:39
.preheader2:4  %i_1_mid2 = select i1 %tmp_s, i4 0, i4 %i_1

ST_4: j_cast5_mid2_v (40)  [1/1] 1.37ns  loc: resource/lab3/dct.c:37
.preheader2:5  %j_cast5_mid2_v = select i1 %tmp_s, i4 %j_2, i4 %j

ST_4: j_cast5_mid2_cast (41)  [1/1] 0.00ns  loc: resource/lab3/dct.c:37
.preheader2:6  %j_cast5_mid2_cast = zext i4 %j_cast5_mid2_v to i8

ST_4: tmp_6 (48)  [1/1] 0.00ns  loc: resource/lab3/dct.c:39
.preheader2:13  %tmp_6 = call i7 @_ssdm_op_BitConcatenate.i7.i4.i3(i4 %i_1_mid2, i3 0)

ST_4: tmp_8_cast (49)  [1/1] 0.00ns  loc: resource/lab3/dct.c:40
.preheader2:14  %tmp_8_cast = zext i7 %tmp_6 to i8

ST_4: tmp_2 (50)  [1/1] 1.72ns  loc: resource/lab3/dct.c:40
.preheader2:15  %tmp_2 = add i8 %j_cast5_mid2_cast, %tmp_8_cast

ST_4: tmp_10_cast (51)  [1/1] 0.00ns  loc: resource/lab3/dct.c:40
.preheader2:16  %tmp_10_cast = zext i8 %tmp_2 to i32

ST_4: row_outbuf_addr (52)  [1/1] 0.00ns  loc: resource/lab3/dct.c:40
.preheader2:17  %row_outbuf_addr = getelementptr [64 x i16]* %row_outbuf, i32 0, i32 %tmp_10_cast

ST_4: row_outbuf_load (56)  [2/2] 2.71ns  loc: resource/lab3/dct.c:40
.preheader2:21  %row_outbuf_load = load i16* %row_outbuf_addr, align 2

ST_4: i_6 (59)  [1/1] 0.80ns  loc: resource/lab3/dct.c:39
.preheader2:24  %i_6 = add i4 %i_1_mid2, 1


 <State 5>: 5.42ns
ST_5: StgValue_44 (36)  [1/1] 0.00ns
.preheader2:1  call void (...)* @_ssdm_op_SpecLoopName([42 x i8]* @Xpose_Row_Outer_Loop)

ST_5: empty_5 (37)  [1/1] 0.00ns
.preheader2:2  %empty_5 = call i32 (...)* @_ssdm_op_SpecLoopTripCount(i64 64, i64 64, i64 64)

ST_5: tmp_1 (42)  [1/1] 0.00ns  loc: resource/lab3/dct.c:37
.preheader2:7  %tmp_1 = call i7 @_ssdm_op_BitConcatenate.i7.i4.i3(i4 %j_cast5_mid2_v, i3 0)

ST_5: tmp_4_cast (43)  [1/1] 0.00ns  loc: resource/lab3/dct.c:39
.preheader2:8  %tmp_4_cast = zext i7 %tmp_1 to i8

ST_5: i_1_cast4_cast (44)  [1/1] 0.00ns  loc: resource/lab3/dct.c:40
.preheader2:9  %i_1_cast4_cast = zext i4 %i_1_mid2 to i8

ST_5: tmp_5 (45)  [1/1] 1.72ns  loc: resource/lab3/dct.c:40
.preheader2:10  %tmp_5 = add i8 %i_1_cast4_cast, %tmp_4_cast

ST_5: tmp_5_cast (46)  [1/1] 0.00ns  loc: resource/lab3/dct.c:40
.preheader2:11  %tmp_5_cast = zext i8 %tmp_5 to i32

ST_5: col_inbuf_addr (47)  [1/1] 0.00ns  loc: resource/lab3/dct.c:40
.preheader2:12  %col_inbuf_addr = getelementptr [64 x i16]* %col_inbuf, i32 0, i32 %tmp_5_cast

ST_5: StgValue_52 (53)  [1/1] 0.00ns  loc: resource/lab3/dct.c:40
.preheader2:18  call void (...)* @_ssdm_op_SpecLoopName([21 x i8]* @p_str5) nounwind

ST_5: tmp_7 (54)  [1/1] 0.00ns  loc: resource/lab3/dct.c:40
.preheader2:19  %tmp_7 = call i32 (...)* @_ssdm_op_SpecRegionBegin([21 x i8]* @p_str5)

ST_5: StgValue_54 (55)  [1/1] 0.00ns  loc: resource/lab3/dct.c:41
.preheader2:20  call void (...)* @_ssdm_op_SpecPipeline(i32 -1, i32 1, i32 1, i32 0, [1 x i8]* @p_str1) nounwind

ST_5: row_outbuf_load (56)  [1/2] 2.71ns  loc: resource/lab3/dct.c:40
.preheader2:21  %row_outbuf_load = load i16* %row_outbuf_addr, align 2

ST_5: StgValue_56 (57)  [1/1] 2.71ns  loc: resource/lab3/dct.c:40
.preheader2:22  store i16 %row_outbuf_load, i16* %col_inbuf_addr, align 2

ST_5: empty_6 (58)  [1/1] 0.00ns  loc: resource/lab3/dct.c:40
.preheader2:23  %empty_6 = call i32 (...)* @_ssdm_op_SpecRegionEnd([21 x i8]* @p_str5, i32 %tmp_7)

ST_5: StgValue_58 (60)  [1/1] 0.00ns
.preheader2:25  br label %.preheader2.preheader


 <State 6>: 1.57ns
ST_6: StgValue_59 (62)  [1/1] 1.57ns  loc: resource/lab3/dct.c:43
.preheader1.preheader:0  br label %.preheader1


 <State 7>: 3.25ns
ST_7: i_2 (64)  [1/1] 0.00ns
.preheader1:0  %i_2 = phi i4 [ %i_5, %3 ], [ 0, %.preheader1.preheader ]

ST_7: tmp_9 (65)  [1/1] 1.88ns  loc: resource/lab3/dct.c:43
.preheader1:1  %tmp_9 = icmp eq i4 %i_2, -8

ST_7: empty_7 (66)  [1/1] 0.00ns
.preheader1:2  %empty_7 = call i32 (...)* @_ssdm_op_SpecLoopTripCount(i64 8, i64 8, i64 8)

ST_7: i_5 (67)  [1/1] 0.80ns  loc: resource/lab3/dct.c:43
.preheader1:3  %i_5 = add i4 %i_2, 1

ST_7: StgValue_64 (68)  [1/1] 0.00ns  loc: resource/lab3/dct.c:43
.preheader1:4  br i1 %tmp_9, label %.preheader.preheader.preheader, label %3

ST_7: StgValue_65 (71)  [2/2] 1.57ns  loc: resource/lab3/dct.c:44
:1  call fastcc void @dct_1d2([64 x i16]* %col_inbuf, i4 %i_2, [64 x i16]* %col_outbuf, i4 %i_2)

ST_7: StgValue_66 (74)  [1/1] 1.57ns
.preheader.preheader.preheader:0  br label %.preheader.preheader


 <State 8>: 0.00ns
ST_8: StgValue_67 (70)  [1/1] 0.00ns  loc: resource/lab3/dct.c:43
:0  call void (...)* @_ssdm_op_SpecLoopName([13 x i8]* @p_str6) nounwind

ST_8: StgValue_68 (71)  [1/2] 0.00ns  loc: resource/lab3/dct.c:44
:1  call fastcc void @dct_1d2([64 x i16]* %col_inbuf, i4 %i_2, [64 x i16]* %col_outbuf, i4 %i_2)

ST_8: StgValue_69 (72)  [1/1] 0.00ns  loc: resource/lab3/dct.c:43
:2  br label %.preheader1


 <State 9>: 7.68ns
ST_9: indvar_flatten1 (76)  [1/1] 0.00ns
.preheader.preheader:0  %indvar_flatten1 = phi i7 [ %indvar_flatten_next1, %.preheader ], [ 0, %.preheader.preheader.preheader ]

ST_9: j_1 (77)  [1/1] 0.00ns  loc: resource/lab3/dct.c:48
.preheader.preheader:1  %j_1 = phi i4 [ %j_1_cast2_mid2_v, %.preheader ], [ 0, %.preheader.preheader.preheader ]

ST_9: i_3 (78)  [1/1] 0.00ns
.preheader.preheader:2  %i_3 = phi i4 [ %i_7, %.preheader ], [ 0, %.preheader.preheader.preheader ]

ST_9: exitcond_flatten1 (79)  [1/1] 1.97ns
.preheader.preheader:3  %exitcond_flatten1 = icmp eq i7 %indvar_flatten1, -64

ST_9: indvar_flatten_next1 (80)  [1/1] 1.72ns
.preheader.preheader:4  %indvar_flatten_next1 = add i7 %indvar_flatten1, 1

ST_9: StgValue_75 (81)  [1/1] 0.00ns
.preheader.preheader:5  br i1 %exitcond_flatten1, label %4, label %.preheader

ST_9: j_3 (83)  [1/1] 0.80ns  loc: resource/lab3/dct.c:48
.preheader:0  %j_3 = add i4 %j_1, 1

ST_9: tmp_4 (86)  [1/1] 1.88ns  loc: resource/lab3/dct.c:50
.preheader:3  %tmp_4 = icmp eq i4 %i_3, -8

ST_9: i_3_mid2 (87)  [1/1] 1.37ns  loc: resource/lab3/dct.c:50
.preheader:4  %i_3_mid2 = select i1 %tmp_4, i4 0, i4 %i_3

ST_9: j_1_cast2_mid2_v (88)  [1/1] 1.37ns  loc: resource/lab3/dct.c:48
.preheader:5  %j_1_cast2_mid2_v = select i1 %tmp_4, i4 %j_3, i4 %j_1

ST_9: j_1_cast2_mid2_cast (89)  [1/1] 0.00ns  loc: resource/lab3/dct.c:48
.preheader:6  %j_1_cast2_mid2_cast = zext i4 %j_1_cast2_mid2_v to i8

ST_9: tmp_11 (96)  [1/1] 0.00ns  loc: resource/lab3/dct.c:50
.preheader:13  %tmp_11 = call i7 @_ssdm_op_BitConcatenate.i7.i4.i3(i4 %i_3_mid2, i3 0)

ST_9: tmp_15_cast (97)  [1/1] 0.00ns  loc: resource/lab3/dct.c:51
.preheader:14  %tmp_15_cast = zext i7 %tmp_11 to i8

ST_9: tmp_12 (98)  [1/1] 1.72ns  loc: resource/lab3/dct.c:51
.preheader:15  %tmp_12 = add i8 %j_1_cast2_mid2_cast, %tmp_15_cast

ST_9: tmp_16_cast (99)  [1/1] 0.00ns  loc: resource/lab3/dct.c:51
.preheader:16  %tmp_16_cast = zext i8 %tmp_12 to i32

ST_9: col_outbuf_addr (100)  [1/1] 0.00ns  loc: resource/lab3/dct.c:51
.preheader:17  %col_outbuf_addr = getelementptr [64 x i16]* %col_outbuf, i32 0, i32 %tmp_16_cast

ST_9: col_outbuf_load (104)  [2/2] 2.71ns  loc: resource/lab3/dct.c:51
.preheader:21  %col_outbuf_load = load i16* %col_outbuf_addr, align 2

ST_9: i_7 (107)  [1/1] 0.80ns  loc: resource/lab3/dct.c:50
.preheader:24  %i_7 = add i4 %i_3_mid2, 1


 <State 10>: 5.42ns
ST_10: StgValue_88 (84)  [1/1] 0.00ns
.preheader:1  call void (...)* @_ssdm_op_SpecLoopName([42 x i8]* @Xpose_Col_Outer_Loop)

ST_10: empty_8 (85)  [1/1] 0.00ns
.preheader:2  %empty_8 = call i32 (...)* @_ssdm_op_SpecLoopTripCount(i64 64, i64 64, i64 64)

ST_10: tmp_8 (90)  [1/1] 0.00ns  loc: resource/lab3/dct.c:48
.preheader:7  %tmp_8 = call i7 @_ssdm_op_BitConcatenate.i7.i4.i3(i4 %j_1_cast2_mid2_v, i3 0)

ST_10: tmp_12_cast (91)  [1/1] 0.00ns  loc: resource/lab3/dct.c:50
.preheader:8  %tmp_12_cast = zext i7 %tmp_8 to i8

ST_10: i_3_cast1_cast (92)  [1/1] 0.00ns  loc: resource/lab3/dct.c:51
.preheader:9  %i_3_cast1_cast = zext i4 %i_3_mid2 to i8

ST_10: tmp_10 (93)  [1/1] 1.72ns  loc: resource/lab3/dct.c:51
.preheader:10  %tmp_10 = add i8 %i_3_cast1_cast, %tmp_12_cast

ST_10: tmp_13_cast (94)  [1/1] 0.00ns  loc: resource/lab3/dct.c:51
.preheader:11  %tmp_13_cast = zext i8 %tmp_10 to i32

ST_10: out_block_addr (95)  [1/1] 0.00ns  loc: resource/lab3/dct.c:51
.preheader:12  %out_block_addr = getelementptr [64 x i16]* %out_block, i32 0, i32 %tmp_13_cast

ST_10: StgValue_96 (101)  [1/1] 0.00ns  loc: resource/lab3/dct.c:51
.preheader:18  call void (...)* @_ssdm_op_SpecLoopName([21 x i8]* @p_str8) nounwind

ST_10: tmp_3 (102)  [1/1] 0.00ns  loc: resource/lab3/dct.c:51
.preheader:19  %tmp_3 = call i32 (...)* @_ssdm_op_SpecRegionBegin([21 x i8]* @p_str8)

ST_10: StgValue_98 (103)  [1/1] 0.00ns  loc: resource/lab3/dct.c:52
.preheader:20  call void (...)* @_ssdm_op_SpecPipeline(i32 -1, i32 1, i32 1, i32 0, [1 x i8]* @p_str1) nounwind

ST_10: col_outbuf_load (104)  [1/2] 2.71ns  loc: resource/lab3/dct.c:51
.preheader:21  %col_outbuf_load = load i16* %col_outbuf_addr, align 2

ST_10: StgValue_100 (105)  [1/1] 2.71ns  loc: resource/lab3/dct.c:51
.preheader:22  store i16 %col_outbuf_load, i16* %out_block_addr, align 2

ST_10: empty_9 (106)  [1/1] 0.00ns  loc: resource/lab3/dct.c:51
.preheader:23  %empty_9 = call i32 (...)* @_ssdm_op_SpecRegionEnd([21 x i8]* @p_str8, i32 %tmp_3)

ST_10: StgValue_102 (108)  [1/1] 0.00ns
.preheader:25  br label %.preheader.preheader


 <State 11>: 0.00ns
ST_11: StgValue_103 (110)  [1/1] 0.00ns  loc: resource/lab3/dct.c:52
:0  ret void



============================================================
+ Verbose Summary: Binding
============================================================
STG Binding: 
---------------- STG Properties BEGIN ----------------
- Is combinational: 0
- Is one-state seq: 0
- Is datapath-only: 0
- Is clock enabled: 0
- Is pipelined: 0
- Is top level: 0
Port [ Return ] is wired: 1; IO mode=ap_ctrl_hs:ce=0
Port [ in_block]:  wired=1; compound=1; hidden=0; nouse=0; global=0; static=0; extern=0; dir=0; type=1; pingpong=0; private_global=0; MemPort=[11]; IO mode=ap_memory:ce=0
Port [ out_block]:  wired=1; compound=1; hidden=0; nouse=0; global=0; static=0; extern=0; dir=1; type=1; pingpong=0; private_global=0; MemPort=[03]; IO mode=ap_memory:ce=0
Port [ dct_coeff_table_0]:  wired=0; compound=1; hidden=1; nouse=1; global=1; static=1; extern=0; dir=0; type=1; pingpong=0; private_global=0; linkage=7; visibility=0; MemPort=[1]; IO mode=ap_memory:ce=0
Port [ dct_coeff_table_1]:  wired=0; compound=1; hidden=1; nouse=1; global=1; static=1; extern=0; dir=0; type=1; pingpong=0; private_global=0; linkage=7; visibility=0; MemPort=[1]; IO mode=ap_memory:ce=0
Port [ dct_coeff_table_2]:  wired=0; compound=1; hidden=1; nouse=1; global=1; static=1; extern=0; dir=0; type=1; pingpong=0; private_global=0; linkage=7; visibility=0; MemPort=[1]; IO mode=ap_memory:ce=0
Port [ dct_coeff_table_3]:  wired=0; compound=1; hidden=1; nouse=1; global=1; static=1; extern=0; dir=0; type=1; pingpong=0; private_global=0; linkage=7; visibility=0; MemPort=[1]; IO mode=ap_memory:ce=0
Port [ dct_coeff_table_4]:  wired=0; compound=1; hidden=1; nouse=1; global=1; static=1; extern=0; dir=0; type=1; pingpong=0; private_global=0; linkage=7; visibility=0; MemPort=[1]; IO mode=ap_memory:ce=0
Port [ dct_coeff_table_5]:  wired=0; compound=1; hidden=1; nouse=1; global=1; static=1; extern=0; dir=0; type=1; pingpong=0; private_global=0; linkage=7; visibility=0; MemPort=[1]; IO mode=ap_memory:ce=0
Port [ dct_coeff_table_6]:  wired=0; compound=1; hidden=1; nouse=1; global=1; static=1; extern=0; dir=0; type=1; pingpong=0; private_global=0; linkage=7; visibility=0; MemPort=[1]; IO mode=ap_memory:ce=0
Port [ dct_coeff_table_7]:  wired=0; compound=1; hidden=1; nouse=1; global=1; static=1; extern=0; dir=0; type=1; pingpong=0; private_global=0; linkage=7; visibility=0; MemPort=[1]; IO mode=ap_memory:ce=0
---------------- STG Properties END ------------------

---------------- Datapath Model BEGIN ----------------

<LifeTime>
<method=bitvector/>
row_outbuf           (alloca           ) [ 001111000000]
col_outbuf           (alloca           ) [ 001111111110]
col_inbuf            (alloca           ) [ 001111111000]
StgValue_15          (br               ) [ 011100000000]
i                    (phi              ) [ 001100000000]
tmp                  (icmp             ) [ 001111000000]
empty                (speclooptripcount) [ 000000000000]
i_4                  (add              ) [ 011100000000]
StgValue_20          (br               ) [ 000000000000]
StgValue_22          (br               ) [ 001111000000]
StgValue_23          (specloopname     ) [ 000000000000]
StgValue_24          (call             ) [ 000000000000]
StgValue_25          (br               ) [ 011100000000]
indvar_flatten       (phi              ) [ 000010000000]
j                    (phi              ) [ 000010000000]
i_1                  (phi              ) [ 000010000000]
exitcond_flatten     (icmp             ) [ 000011000000]
indvar_flatten_next  (add              ) [ 001011000000]
StgValue_31          (br               ) [ 000000000000]
j_2                  (add              ) [ 000000000000]
tmp_s                (icmp             ) [ 000000000000]
i_1_mid2             (select           ) [ 000011000000]
j_cast5_mid2_v       (select           ) [ 001011000000]
j_cast5_mid2_cast    (zext             ) [ 000000000000]
tmp_6                (bitconcatenate   ) [ 000000000000]
tmp_8_cast           (zext             ) [ 000000000000]
tmp_2                (add              ) [ 000000000000]
tmp_10_cast          (zext             ) [ 000000000000]
row_outbuf_addr      (getelementptr    ) [ 000011000000]
i_6                  (add              ) [ 001011000000]
StgValue_44          (specloopname     ) [ 000000000000]
empty_5              (speclooptripcount) [ 000000000000]
tmp_1                (bitconcatenate   ) [ 000000000000]
tmp_4_cast           (zext             ) [ 000000000000]
i_1_cast4_cast       (zext             ) [ 000000000000]
tmp_5                (add              ) [ 000000000000]
tmp_5_cast           (zext             ) [ 000000000000]
col_inbuf_addr       (getelementptr    ) [ 000000000000]
StgValue_52          (specloopname     ) [ 000000000000]
tmp_7                (specregionbegin  ) [ 000000000000]
StgValue_54          (specpipeline     ) [ 000000000000]
row_outbuf_load      (load             ) [ 000000000000]
StgValue_56          (store            ) [ 000000000000]
empty_6              (specregionend    ) [ 000000000000]
StgValue_58          (br               ) [ 001011000000]
StgValue_59          (br               ) [ 000000111000]
i_2                  (phi              ) [ 000000011000]
tmp_9                (icmp             ) [ 000000011110]
empty_7              (speclooptripcount) [ 000000000000]
i_5                  (add              ) [ 000000111000]
StgValue_64          (br               ) [ 000000000000]
StgValue_66          (br               ) [ 000000011110]
StgValue_67          (specloopname     ) [ 000000000000]
StgValue_68          (call             ) [ 000000000000]
StgValue_69          (br               ) [ 000000111000]
indvar_flatten1      (phi              ) [ 000000000100]
j_1                  (phi              ) [ 000000000100]
i_3                  (phi              ) [ 000000000100]
exitcond_flatten1    (icmp             ) [ 000000000110]
indvar_flatten_next1 (add              ) [ 000000010110]
StgValue_75          (br               ) [ 000000000000]
j_3                  (add              ) [ 000000000000]
tmp_4                (icmp             ) [ 000000000000]
i_3_mid2             (select           ) [ 000000000110]
j_1_cast2_mid2_v     (select           ) [ 000000010110]
j_1_cast2_mid2_cast  (zext             ) [ 000000000000]
tmp_11               (bitconcatenate   ) [ 000000000000]
tmp_15_cast          (zext             ) [ 000000000000]
tmp_12               (add              ) [ 000000000000]
tmp_16_cast          (zext             ) [ 000000000000]
col_outbuf_addr      (getelementptr    ) [ 000000000110]
i_7                  (add              ) [ 000000010110]
StgValue_88          (specloopname     ) [ 000000000000]
empty_8              (speclooptripcount) [ 000000000000]
tmp_8                (bitconcatenate   ) [ 000000000000]
tmp_12_cast          (zext             ) [ 000000000000]
i_3_cast1_cast       (zext             ) [ 000000000000]
tmp_10               (add              ) [ 000000000000]
tmp_13_cast          (zext             ) [ 000000000000]
out_block_addr       (getelementptr    ) [ 000000000000]
StgValue_96          (specloopname     ) [ 000000000000]
tmp_3                (specregionbegin  ) [ 000000000000]
StgValue_98          (specpipeline     ) [ 000000000000]
col_outbuf_load      (load             ) [ 000000000000]
StgValue_100         (store            ) [ 000000000000]
empty_9              (specregionend    ) [ 000000000000]
StgValue_102         (br               ) [ 000000010110]
StgValue_103         (ret              ) [ 000000000000]
</LifeTime>

<model>

<comp_list>
<comp id="0" class="1000" name="in_block">
<pin_list>
<pin id="1" dir="1" index="0" bw="1" slack="0"/>
</pin_list>
<bind>
<StgValue><ssdm name="in_block"/><MemPortTyVec>1 1 </MemPortTyVec>
</StgValue>
</bind>
</comp>

<comp id="2" class="1000" name="out_block">
<pin_list>
<pin id="3" dir="1" index="0" bw="1" slack="0"/>
</pin_list>
<bind>
<StgValue><ssdm name="out_block"/><MemPortTyVec>0 3 </MemPortTyVec>
</StgValue>
</bind>
</comp>

<comp id="4" class="1000" name="dct_coeff_table_0">
<pin_list>
<pin id="5" dir="1" index="0" bw="1" slack="0"/>
</pin_list>
<bind>
<StgValue><ssdm name="dct_coeff_table_0"/><MemPortTyVec>1 </MemPortTyVec>
</StgValue>
</bind>
</comp>

<comp id="6" class="1000" name="dct_coeff_table_1">
<pin_list>
<pin id="7" dir="1" index="0" bw="1" slack="0"/>
</pin_list>
<bind>
<StgValue><ssdm name="dct_coeff_table_1"/><MemPortTyVec>1 </MemPortTyVec>
</StgValue>
</bind>
</comp>

<comp id="8" class="1000" name="dct_coeff_table_2">
<pin_list>
<pin id="9" dir="1" index="0" bw="1" slack="0"/>
</pin_list>
<bind>
<StgValue><ssdm name="dct_coeff_table_2"/><MemPortTyVec>1 </MemPortTyVec>
</StgValue>
</bind>
</comp>

<comp id="10" class="1000" name="dct_coeff_table_3">
<pin_list>
<pin id="11" dir="1" index="0" bw="1" slack="0"/>
</pin_list>
<bind>
<StgValue><ssdm name="dct_coeff_table_3"/><MemPortTyVec>1 </MemPortTyVec>
</StgValue>
</bind>
</comp>

<comp id="12" class="1000" name="dct_coeff_table_4">
<pin_list>
<pin id="13" dir="1" index="0" bw="1" slack="0"/>
</pin_list>
<bind>
<StgValue><ssdm name="dct_coeff_table_4"/><MemPortTyVec>1 </MemPortTyVec>
</StgValue>
</bind>
</comp>

<comp id="14" class="1000" name="dct_coeff_table_5">
<pin_list>
<pin id="15" dir="1" index="0" bw="1" slack="0"/>
</pin_list>
<bind>
<StgValue><ssdm name="dct_coeff_table_5"/><MemPortTyVec>1 </MemPortTyVec>
</StgValue>
</bind>
</comp>

<comp id="16" class="1000" name="dct_coeff_table_6">
<pin_list>
<pin id="17" dir="1" index="0" bw="1" slack="0"/>
</pin_list>
<bind>
<StgValue><ssdm name="dct_coeff_table_6"/><MemPortTyVec>1 </MemPortTyVec>
</StgValue>
</bind>
</comp>

<comp id="18" class="1000" name="dct_coeff_table_7">
<pin_list>
<pin id="19" dir="1" index="0" bw="1" slack="0"/>
</pin_list>
<bind>
<StgValue><ssdm name="dct_coeff_table_7"/><MemPortTyVec>1 </MemPortTyVec>
</StgValue>
</bind>
</comp>

<comp id="20" class="1001" name="const_20">
<pin_list>
<pin id="21" dir="1" index="0" bw="1" slack="0"/>
</pin_list>
<bind>
<StgValue><ssdm name=""/></StgValue>
</bind>
</comp>

<comp id="22" class="1001" name="const_22">
<pin_list>
<pin id="23" dir="1" index="0" bw="1" slack="0"/>
</pin_list>
<bind>
<StgValue><ssdm name=""/></StgValue>
</bind>
</comp>

<comp id="24" class="1001" name="const_24">
<pin_list>
<pin id="25" dir="1" index="0" bw="1" slack="0"/>
</pin_list>
<bind>
<StgValue><ssdm name=""/></StgValue>
</bind>
</comp>

<comp id="26" class="1001" name="const_26">
<pin_list>
<pin id="27" dir="1" index="0" bw="1" slack="2147483647"/>
</pin_list>
<bind>
<StgValue><ssdm name="_ssdm_op_SpecLoopTripCount"/></StgValue>
</bind>
</comp>

<comp id="28" class="1001" name="const_28">
<pin_list>
<pin id="29" dir="1" index="0" bw="1" slack="2147483647"/>
</pin_list>
<bind>
<StgValue><ssdm name=""/></StgValue>
</bind>
</comp>

<comp id="30" class="1001" name="const_30">
<pin_list>
<pin id="31" dir="1" index="0" bw="1" slack="0"/>
</pin_list>
<bind>
<StgValue><ssdm name=""/></StgValue>
</bind>
</comp>

<comp id="32" class="1001" name="const_32">
<pin_list>
<pin id="33" dir="1" index="0" bw="1" slack="0"/>
</pin_list>
<bind>
<StgValue><ssdm name="dct_1d2"/></StgValue>
</bind>
</comp>

<comp id="34" class="1001" name="const_34">
<pin_list>
<pin id="35" dir="1" index="0" bw="1" slack="2147483647"/>
</pin_list>
<bind>
<StgValue><ssdm name="_ssdm_op_SpecLoopName"/></StgValue>
</bind>
</comp>

<comp id="36" class="1001" name="const_36">
<pin_list>
<pin id="37" dir="1" index="0" bw="1" slack="2147483647"/>
</pin_list>
<bind>
<StgValue><ssdm name="p_str3"/></StgValue>
</bind>
</comp>

<comp id="38" class="1001" name="const_38">
<pin_list>
<pin id="39" dir="1" index="0" bw="1" slack="1"/>
</pin_list>
<bind>
<StgValue><ssdm name=""/></StgValue>
</bind>
</comp>

<comp id="40" class="1001" name="const_40">
<pin_list>
<pin id="41" dir="1" index="0" bw="1" slack="0"/>
</pin_list>
<bind>
<StgValue><ssdm name=""/></StgValue>
</bind>
</comp>

<comp id="42" class="1001" name="const_42">
<pin_list>
<pin id="43" dir="1" index="0" bw="1" slack="0"/>
</pin_list>
<bind>
<StgValue><ssdm name=""/></StgValue>
</bind>
</comp>

<comp id="44" class="1001" name="const_44">
<pin_list>
<pin id="45" dir="1" index="0" bw="1" slack="0"/>
</pin_list>
<bind>
<StgValue><ssdm name="_ssdm_op_BitConcatenate.i7.i4.i3"/></StgValue>
</bind>
</comp>

<comp id="46" class="1001" name="const_46">
<pin_list>
<pin id="47" dir="1" index="0" bw="1" slack="0"/>
</pin_list>
<bind>
<StgValue><ssdm name=""/></StgValue>
</bind>
</comp>

<comp id="48" class="1001" name="const_48">
<pin_list>
<pin id="49" dir="1" index="0" bw="1" slack="0"/>
</pin_list>
<bind>
<StgValue><ssdm name=""/></StgValue>
</bind>
</comp>

<comp id="50" class="1001" name="const_50">
<pin_list>
<pin id="51" dir="1" index="0" bw="1" slack="2147483647"/>
</pin_list>
<bind>
<StgValue><ssdm name="Xpose_Row_Outer_Loop"/></StgValue>
</bind>
</comp>

<comp id="52" class="1001" name="const_52">
<pin_list>
<pin id="53" dir="1" index="0" bw="1" slack="2147483647"/>
</pin_list>
<bind>
<StgValue><ssdm name=""/></StgValue>
</bind>
</comp>

<comp id="54" class="1001" name="const_54">
<pin_list>
<pin id="55" dir="1" index="0" bw="1" slack="2147483647"/>
</pin_list>
<bind>
<StgValue><ssdm name="p_str5"/></StgValue>
</bind>
</comp>

<comp id="56" class="1001" name="const_56">
<pin_list>
<pin id="57" dir="1" index="0" bw="1" slack="2147483647"/>
</pin_list>
<bind>
<StgValue><ssdm name="_ssdm_op_SpecRegionBegin"/></StgValue>
</bind>
</comp>

<comp id="58" class="1001" name="const_58">
<pin_list>
<pin id="59" dir="1" index="0" bw="1" slack="2147483647"/>
</pin_list>
<bind>
<StgValue><ssdm name="_ssdm_op_SpecPipeline"/></StgValue>
</bind>
</comp>

<comp id="60" class="1001" name="const_60">
<pin_list>
<pin id="61" dir="1" index="0" bw="1" slack="2147483647"/>
</pin_list>
<bind>
<StgValue><ssdm name=""/></StgValue>
</bind>
</comp>

<comp id="62" class="1001" name="const_62">
<pin_list>
<pin id="63" dir="1" index="0" bw="1" slack="2147483647"/>
</pin_list>
<bind>
<StgValue><ssdm name="p_str1"/></StgValue>
</bind>
</comp>

<comp id="64" class="1001" name="const_64">
<pin_list>
<pin id="65" dir="1" index="0" bw="1" slack="2147483647"/>
</pin_list>
<bind>
<StgValue><ssdm name="_ssdm_op_SpecRegionEnd"/></StgValue>
</bind>
</comp>

<comp id="66" class="1001" name="const_66">
<pin_list>
<pin id="67" dir="1" index="0" bw="1" slack="2147483647"/>
</pin_list>
<bind>
<StgValue><ssdm name="p_str6"/></StgValue>
</bind>
</comp>

<comp id="68" class="1001" name="const_68">
<pin_list>
<pin id="69" dir="1" index="0" bw="1" slack="2147483647"/>
</pin_list>
<bind>
<StgValue><ssdm name="Xpose_Col_Outer_Loop"/></StgValue>
</bind>
</comp>

<comp id="70" class="1001" name="const_70">
<pin_list>
<pin id="71" dir="1" index="0" bw="1" slack="2147483647"/>
</pin_list>
<bind>
<StgValue><ssdm name="p_str8"/></StgValue>
</bind>
</comp>

<comp id="72" class="1004" name="row_outbuf_alloca_fu_72">
<pin_list>
<pin id="73" dir="0" index="0" bw="1" slack="0"/>
<pin id="74" dir="1" index="1" bw="16" slack="2147483647"/>
</pin_list>
<bind>
<opcode="alloca(26) " fcode="alloca"/>
<opset="row_outbuf/1 "/>
</bind>
</comp>

<comp id="76" class="1004" name="col_outbuf_alloca_fu_76">
<pin_list>
<pin id="77" dir="0" index="0" bw="1" slack="0"/>
<pin id="78" dir="1" index="1" bw="16" slack="2147483647"/>
</pin_list>
<bind>
<opcode="alloca(26) " fcode="alloca"/>
<opset="col_outbuf/1 "/>
</bind>
</comp>

<comp id="80" class="1004" name="col_inbuf_alloca_fu_80">
<pin_list>
<pin id="81" dir="0" index="0" bw="1" slack="0"/>
<pin id="82" dir="1" index="1" bw="16" slack="2147483647"/>
</pin_list>
<bind>
<opcode="alloca(26) " fcode="alloca"/>
<opset="col_inbuf/1 "/>
</bind>
</comp>

<comp id="84" class="1004" name="row_outbuf_addr_gep_fu_84">
<pin_list>
<pin id="85" dir="0" index="0" bw="16" slack="2147483647"/>
<pin id="86" dir="0" index="1" bw="1" slack="0"/>
<pin id="87" dir="0" index="2" bw="8" slack="0"/>
<pin id="88" dir="1" index="3" bw="6" slack="0"/>
</pin_list>
<bind>
<opcode="getelementptr(29) " fcode="getelementptr"/>
<opset="row_outbuf_addr/4 "/>
</bind>
</comp>

<comp id="90" class="1004" name="grp_access_fu_90">
<pin_list>
<pin id="91" dir="0" index="0" bw="6" slack="0"/>
<pin id="92" dir="0" index="1" bw="16" slack="2147483647"/>
<pin id="93" dir="1" index="2" bw="16" slack="0"/>
</pin_list>
<bind>
<opcode="load(27) " fcode="load"/>
<opset="row_outbuf_load/4 "/>
</bind>
</comp>

<comp id="95" class="1004" name="col_inbuf_addr_gep_fu_95">
<pin_list>
<pin id="96" dir="0" index="0" bw="16" slack="2147483647"/>
<pin id="97" dir="0" index="1" bw="1" slack="0"/>
<pin id="98" dir="0" index="2" bw="8" slack="0"/>
<pin id="99" dir="1" index="3" bw="6" slack="0"/>
</pin_list>
<bind>
<opcode="getelementptr(29) " fcode="getelementptr"/>
<opset="col_inbuf_addr/5 "/>
</bind>
</comp>

<comp id="101" class="1004" name="StgValue_56_access_fu_101">
<pin_list>
<pin id="102" dir="0" index="0" bw="6" slack="0"/>
<pin id="103" dir="0" index="1" bw="16" slack="0"/>
<pin id="104" dir="1" index="2" bw="16" slack="2147483647"/>
</pin_list>
<bind>
<opcode="store(28) " fcode="store"/>
<opset="StgValue_56/5 "/>
</bind>
</comp>

<comp id="107" class="1004" name="col_outbuf_addr_gep_fu_107">
<pin_list>
<pin id="108" dir="0" index="0" bw="16" slack="2147483647"/>
<pin id="109" dir="0" index="1" bw="1" slack="0"/>
<pin id="110" dir="0" index="2" bw="8" slack="0"/>
<pin id="111" dir="1" index="3" bw="6" slack="0"/>
</pin_list>
<bind>
<opcode="getelementptr(29) " fcode="getelementptr"/>
<opset="col_outbuf_addr/9 "/>
</bind>
</comp>

<comp id="113" class="1004" name="grp_access_fu_113">
<pin_list>
<pin id="114" dir="0" index="0" bw="6" slack="0"/>
<pin id="115" dir="0" index="1" bw="16" slack="2147483647"/>
<pin id="116" dir="1" index="2" bw="16" slack="0"/>
</pin_list>
<bind>
<opcode="load(27) " fcode="load"/>
<opset="col_outbuf_load/9 "/>
</bind>
</comp>

<comp id="118" class="1004" name="out_block_addr_gep_fu_118">
<pin_list>
<pin id="119" dir="0" index="0" bw="16" slack="0"/>
<pin id="120" dir="0" index="1" bw="1" slack="0"/>
<pin id="121" dir="0" index="2" bw="8" slack="0"/>
<pin id="122" dir="1" index="3" bw="6" slack="0"/>
</pin_list>
<bind>
<opcode="getelementptr(29) " fcode="getelementptr"/>
<opset="out_block_addr/10 "/>
</bind>
</comp>

<comp id="125" class="1004" name="StgValue_100_access_fu_125">
<pin_list>
<pin id="126" dir="0" index="0" bw="6" slack="0"/>
<pin id="127" dir="0" index="1" bw="16" slack="0"/>
<pin id="128" dir="1" index="2" bw="16" slack="2147483647"/>
</pin_list>
<bind>
<opcode="store(28) " fcode="store"/>
<opset="StgValue_100/10 "/>
</bind>
</comp>

<comp id="131" class="1005" name="i_reg_131">
<pin_list>
<pin id="132" dir="0" index="0" bw="4" slack="1"/>
<pin id="133" dir="1" index="1" bw="4" slack="1"/>
</pin_list>
<bind>
<opset="i (phireg) "/>
</bind>
</comp>

<comp id="135" class="1004" name="i_phi_fu_135">
<pin_list>
<pin id="136" dir="0" index="0" bw="1" slack="1"/>
<pin id="137" dir="0" index="1" bw="0" slack="2147483647"/>
<pin id="138" dir="0" index="2" bw="4" slack="0"/>
<pin id="139" dir="0" index="3" bw="0" slack="2147483647"/>
<pin id="140" dir="1" index="4" bw="4" slack="0"/>
</pin_list>
<bind>
<opcode="phi(47) " fcode="phi"/>
<opset="i/2 "/>
</bind>
</comp>

<comp id="143" class="1005" name="indvar_flatten_reg_143">
<pin_list>
<pin id="144" dir="0" index="0" bw="7" slack="1"/>
<pin id="145" dir="1" index="1" bw="7" slack="1"/>
</pin_list>
<bind>
<opset="indvar_flatten (phireg) "/>
</bind>
</comp>

<comp id="147" class="1004" name="indvar_flatten_phi_fu_147">
<pin_list>
<pin id="148" dir="0" index="0" bw="7" slack="0"/>
<pin id="149" dir="0" index="1" bw="0" slack="2147483647"/>
<pin id="150" dir="0" index="2" bw="1" slack="1"/>
<pin id="151" dir="0" index="3" bw="0" slack="2147483647"/>
<pin id="152" dir="1" index="4" bw="7" slack="0"/>
</pin_list>
<bind>
<opcode="phi(47) " fcode="phi"/>
<opset="indvar_flatten/4 "/>
</bind>
</comp>

<comp id="154" class="1005" name="j_reg_154">
<pin_list>
<pin id="155" dir="0" index="0" bw="4" slack="1"/>
<pin id="156" dir="1" index="1" bw="4" slack="1"/>
</pin_list>
<bind>
<opset="j (phireg) "/>
</bind>
</comp>

<comp id="158" class="1004" name="j_phi_fu_158">
<pin_list>
<pin id="159" dir="0" index="0" bw="4" slack="0"/>
<pin id="160" dir="0" index="1" bw="0" slack="2147483647"/>
<pin id="161" dir="0" index="2" bw="1" slack="1"/>
<pin id="162" dir="0" index="3" bw="0" slack="2147483647"/>
<pin id="163" dir="1" index="4" bw="4" slack="0"/>
</pin_list>
<bind>
<opcode="phi(47) " fcode="phi"/>
<opset="j/4 "/>
</bind>
</comp>

<comp id="165" class="1005" name="i_1_reg_165">
<pin_list>
<pin id="166" dir="0" index="0" bw="4" slack="1"/>
<pin id="167" dir="1" index="1" bw="4" slack="1"/>
</pin_list>
<bind>
<opset="i_1 (phireg) "/>
</bind>
</comp>

<comp id="169" class="1004" name="i_1_phi_fu_169">
<pin_list>
<pin id="170" dir="0" index="0" bw="4" slack="0"/>
<pin id="171" dir="0" index="1" bw="0" slack="2147483647"/>
<pin id="172" dir="0" index="2" bw="1" slack="1"/>
<pin id="173" dir="0" index="3" bw="0" slack="2147483647"/>
<pin id="174" dir="1" index="4" bw="4" slack="0"/>
</pin_list>
<bind>
<opcode="phi(47) " fcode="phi"/>
<opset="i_1/4 "/>
</bind>
</comp>

<comp id="176" class="1005" name="i_2_reg_176">
<pin_list>
<pin id="177" dir="0" index="0" bw="4" slack="1"/>
<pin id="178" dir="1" index="1" bw="4" slack="1"/>
</pin_list>
<bind>
<opset="i_2 (phireg) "/>
</bind>
</comp>

<comp id="180" class="1004" name="i_2_phi_fu_180">
<pin_list>
<pin id="181" dir="0" index="0" bw="4" slack="0"/>
<pin id="182" dir="0" index="1" bw="0" slack="2147483647"/>
<pin id="183" dir="0" index="2" bw="1" slack="1"/>
<pin id="184" dir="0" index="3" bw="0" slack="2147483647"/>
<pin id="185" dir="1" index="4" bw="4" slack="0"/>
</pin_list>
<bind>
<opcode="phi(47) " fcode="phi"/>
<opset="i_2/7 "/>
</bind>
</comp>

<comp id="188" class="1005" name="indvar_flatten1_reg_188">
<pin_list>
<pin id="189" dir="0" index="0" bw="7" slack="1"/>
<pin id="190" dir="1" index="1" bw="7" slack="1"/>
</pin_list>
<bind>
<opset="indvar_flatten1 (phireg) "/>
</bind>
</comp>

<comp id="192" class="1004" name="indvar_flatten1_phi_fu_192">
<pin_list>
<pin id="193" dir="0" index="0" bw="7" slack="0"/>
<pin id="194" dir="0" index="1" bw="0" slack="2147483647"/>
<pin id="195" dir="0" index="2" bw="1" slack="1"/>
<pin id="196" dir="0" index="3" bw="0" slack="2147483647"/>
<pin id="197" dir="1" index="4" bw="7" slack="0"/>
</pin_list>
<bind>
<opcode="phi(47) " fcode="phi"/>
<opset="indvar_flatten1/9 "/>
</bind>
</comp>

<comp id="199" class="1005" name="j_1_reg_199">
<pin_list>
<pin id="200" dir="0" index="0" bw="4" slack="1"/>
<pin id="201" dir="1" index="1" bw="4" slack="1"/>
</pin_list>
<bind>
<opset="j_1 (phireg) "/>
</bind>
</comp>

<comp id="203" class="1004" name="j_1_phi_fu_203">
<pin_list>
<pin id="204" dir="0" index="0" bw="4" slack="0"/>
<pin id="205" dir="0" index="1" bw="0" slack="2147483647"/>
<pin id="206" dir="0" index="2" bw="1" slack="1"/>
<pin id="207" dir="0" index="3" bw="0" slack="2147483647"/>
<pin id="208" dir="1" index="4" bw="4" slack="0"/>
</pin_list>
<bind>
<opcode="phi(47) " fcode="phi"/>
<opset="j_1/9 "/>
</bind>
</comp>

<comp id="210" class="1005" name="i_3_reg_210">
<pin_list>
<pin id="211" dir="0" index="0" bw="4" slack="1"/>
<pin id="212" dir="1" index="1" bw="4" slack="1"/>
</pin_list>
<bind>
<opset="i_3 (phireg) "/>
</bind>
</comp>

<comp id="214" class="1004" name="i_3_phi_fu_214">
<pin_list>
<pin id="215" dir="0" index="0" bw="4" slack="0"/>
<pin id="216" dir="0" index="1" bw="0" slack="2147483647"/>
<pin id="217" dir="0" index="2" bw="1" slack="1"/>
<pin id="218" dir="0" index="3" bw="0" slack="2147483647"/>
<pin id="219" dir="1" index="4" bw="4" slack="0"/>
</pin_list>
<bind>
<opcode="phi(47) " fcode="phi"/>
<opset="i_3/9 "/>
</bind>
</comp>

<comp id="221" class="1004" name="grp_dct_1d2_fu_221">
<pin_list>
<pin id="222" dir="0" index="0" bw="0" slack="0"/>
<pin id="223" dir="0" index="1" bw="16" slack="0"/>
<pin id="224" dir="0" index="2" bw="4" slack="0"/>
<pin id="225" dir="0" index="3" bw="16" slack="2147483647"/>
<pin id="226" dir="0" index="4" bw="4" slack="0"/>
<pin id="227" dir="0" index="5" bw="14" slack="0"/>
<pin id="228" dir="0" index="6" bw="15" slack="0"/>
<pin id="229" dir="0" index="7" bw="15" slack="0"/>
<pin id="230" dir="0" index="8" bw="15" slack="0"/>
<pin id="231" dir="0" index="9" bw="15" slack="0"/>
<pin id="232" dir="0" index="10" bw="15" slack="0"/>
<pin id="233" dir="0" index="11" bw="15" slack="0"/>
<pin id="234" dir="0" index="12" bw="15" slack="0"/>
<pin id="235" dir="1" index="13" bw="0" slack="2147483647"/>
</pin_list>
<bind>
<opcode="call(48) " fcode="call"/>
<opset="StgValue_21/2 StgValue_65/7 "/>
</bind>
</comp>

<comp id="250" class="1004" name="tmp_fu_250">
<pin_list>
<pin id="251" dir="0" index="0" bw="4" slack="0"/>
<pin id="252" dir="0" index="1" bw="4" slack="0"/>
<pin id="253" dir="1" index="2" bw="1" slack="1"/>
</pin_list>
<bind>
<opcode="icmp(45) " fcode="icmp"/>
<opset="tmp/2 "/>
</bind>
</comp>

<comp id="256" class="1004" name="i_4_fu_256">
<pin_list>
<pin id="257" dir="0" index="0" bw="4" slack="0"/>
<pin id="258" dir="0" index="1" bw="1" slack="0"/>
<pin id="259" dir="1" index="2" bw="4" slack="0"/>
</pin_list>
<bind>
<opcode="add(8) " fcode="add"/>
<opset="i_4/2 "/>
</bind>
</comp>

<comp id="262" class="1004" name="exitcond_flatten_fu_262">
<pin_list>
<pin id="263" dir="0" index="0" bw="7" slack="0"/>
<pin id="264" dir="0" index="1" bw="7" slack="0"/>
<pin id="265" dir="1" index="2" bw="1" slack="1"/>
</pin_list>
<bind>
<opcode="icmp(45) " fcode="icmp"/>
<opset="exitcond_flatten/4 "/>
</bind>
</comp>

<comp id="268" class="1004" name="indvar_flatten_next_fu_268">
<pin_list>
<pin id="269" dir="0" index="0" bw="7" slack="0"/>
<pin id="270" dir="0" index="1" bw="1" slack="0"/>
<pin id="271" dir="1" index="2" bw="7" slack="0"/>
</pin_list>
<bind>
<opcode="add(8) " fcode="add"/>
<opset="indvar_flatten_next/4 "/>
</bind>
</comp>

<comp id="274" class="1004" name="j_2_fu_274">
<pin_list>
<pin id="275" dir="0" index="0" bw="4" slack="0"/>
<pin id="276" dir="0" index="1" bw="1" slack="0"/>
<pin id="277" dir="1" index="2" bw="4" slack="0"/>
</pin_list>
<bind>
<opcode="add(8) " fcode="add"/>
<opset="j_2/4 "/>
</bind>
</comp>

<comp id="280" class="1004" name="tmp_s_fu_280">
<pin_list>
<pin id="281" dir="0" index="0" bw="4" slack="0"/>
<pin id="282" dir="0" index="1" bw="4" slack="0"/>
<pin id="283" dir="1" index="2" bw="1" slack="0"/>
</pin_list>
<bind>
<opcode="icmp(45) " fcode="icmp"/>
<opset="tmp_s/4 "/>
</bind>
</comp>

<comp id="286" class="1004" name="i_1_mid2_fu_286">
<pin_list>
<pin id="287" dir="0" index="0" bw="1" slack="0"/>
<pin id="288" dir="0" index="1" bw="1" slack="0"/>
<pin id="289" dir="0" index="2" bw="4" slack="0"/>
<pin id="290" dir="1" index="3" bw="4" slack="0"/>
</pin_list>
<bind>
<opcode="select(49) " fcode="select"/>
<opset="i_1_mid2/4 "/>
</bind>
</comp>

<comp id="294" class="1004" name="j_cast5_mid2_v_fu_294">
<pin_list>
<pin id="295" dir="0" index="0" bw="1" slack="0"/>
<pin id="296" dir="0" index="1" bw="4" slack="0"/>
<pin id="297" dir="0" index="2" bw="4" slack="0"/>
<pin id="298" dir="1" index="3" bw="4" slack="0"/>
</pin_list>
<bind>
<opcode="select(49) " fcode="select"/>
<opset="j_cast5_mid2_v/4 "/>
</bind>
</comp>

<comp id="302" class="1004" name="j_cast5_mid2_cast_fu_302">
<pin_list>
<pin id="303" dir="0" index="0" bw="4" slack="0"/>
<pin id="304" dir="1" index="1" bw="8" slack="0"/>
</pin_list>
<bind>
<opcode="zext(34) " fcode="zext"/>
<opset="j_cast5_mid2_cast/4 "/>
</bind>
</comp>

<comp id="306" class="1004" name="tmp_6_fu_306">
<pin_list>
<pin id="307" dir="0" index="0" bw="7" slack="0"/>
<pin id="308" dir="0" index="1" bw="4" slack="0"/>
<pin id="309" dir="0" index="2" bw="1" slack="0"/>
<pin id="310" dir="1" index="3" bw="7" slack="0"/>
</pin_list>
<bind>
<opcode="bitconcatenate(1004) " fcode="bitconcatenate"/>
<opset="tmp_6/4 "/>
</bind>
</comp>

<comp id="314" class="1004" name="tmp_8_cast_fu_314">
<pin_list>
<pin id="315" dir="0" index="0" bw="7" slack="0"/>
<pin id="316" dir="1" index="1" bw="8" slack="0"/>
</pin_list>
<bind>
<opcode="zext(34) " fcode="zext"/>
<opset="tmp_8_cast/4 "/>
</bind>
</comp>

<comp id="318" class="1004" name="tmp_2_fu_318">
<pin_list>
<pin id="319" dir="0" index="0" bw="4" slack="0"/>
<pin id="320" dir="0" index="1" bw="7" slack="0"/>
<pin id="321" dir="1" index="2" bw="8" slack="0"/>
</pin_list>
<bind>
<opcode="add(8) " fcode="add"/>
<opset="tmp_2/4 "/>
</bind>
</comp>

<comp id="324" class="1004" name="tmp_10_cast_fu_324">
<pin_list>
<pin id="325" dir="0" index="0" bw="8" slack="0"/>
<pin id="326" dir="1" index="1" bw="32" slack="0"/>
</pin_list>
<bind>
<opcode="zext(34) " fcode="zext"/>
<opset="tmp_10_cast/4 "/>
</bind>
</comp>

<comp id="329" class="1004" name="i_6_fu_329">
<pin_list>
<pin id="330" dir="0" index="0" bw="4" slack="0"/>
<pin id="331" dir="0" index="1" bw="1" slack="0"/>
<pin id="332" dir="1" index="2" bw="4" slack="0"/>
</pin_list>
<bind>
<opcode="add(8) " fcode="add"/>
<opset="i_6/4 "/>
</bind>
</comp>

<comp id="335" class="1004" name="tmp_1_fu_335">
<pin_list>
<pin id="336" dir="0" index="0" bw="7" slack="0"/>
<pin id="337" dir="0" index="1" bw="4" slack="1"/>
<pin id="338" dir="0" index="2" bw="1" slack="0"/>
<pin id="339" dir="1" index="3" bw="7" slack="0"/>
</pin_list>
<bind>
<opcode="bitconcatenate(1004) " fcode="bitconcatenate"/>
<opset="tmp_1/5 "/>
</bind>
</comp>

<comp id="342" class="1004" name="tmp_4_cast_fu_342">
<pin_list>
<pin id="343" dir="0" index="0" bw="7" slack="0"/>
<pin id="344" dir="1" index="1" bw="8" slack="0"/>
</pin_list>
<bind>
<opcode="zext(34) " fcode="zext"/>
<opset="tmp_4_cast/5 "/>
</bind>
</comp>

<comp id="346" class="1004" name="i_1_cast4_cast_fu_346">
<pin_list>
<pin id="347" dir="0" index="0" bw="4" slack="1"/>
<pin id="348" dir="1" index="1" bw="8" slack="0"/>
</pin_list>
<bind>
<opcode="zext(34) " fcode="zext"/>
<opset="i_1_cast4_cast/5 "/>
</bind>
</comp>

<comp id="349" class="1004" name="tmp_5_fu_349">
<pin_list>
<pin id="350" dir="0" index="0" bw="4" slack="0"/>
<pin id="351" dir="0" index="1" bw="7" slack="0"/>
<pin id="352" dir="1" index="2" bw="8" slack="0"/>
</pin_list>
<bind>
<opcode="add(8) " fcode="add"/>
<opset="tmp_5/5 "/>
</bind>
</comp>

<comp id="355" class="1004" name="tmp_5_cast_fu_355">
<pin_list>
<pin id="356" dir="0" index="0" bw="8" slack="0"/>
<pin id="357" dir="1" index="1" bw="32" slack="0"/>
</pin_list>
<bind>
<opcode="zext(34) " fcode="zext"/>
<opset="tmp_5_cast/5 "/>
</bind>
</comp>

<comp id="360" class="1004" name="tmp_9_fu_360">
<pin_list>
<pin id="361" dir="0" index="0" bw="4" slack="0"/>
<pin id="362" dir="0" index="1" bw="4" slack="0"/>
<pin id="363" dir="1" index="2" bw="1" slack="1"/>
</pin_list>
<bind>
<opcode="icmp(45) " fcode="icmp"/>
<opset="tmp_9/7 "/>
</bind>
</comp>

<comp id="366" class="1004" name="i_5_fu_366">
<pin_list>
<pin id="367" dir="0" index="0" bw="4" slack="0"/>
<pin id="368" dir="0" index="1" bw="1" slack="0"/>
<pin id="369" dir="1" index="2" bw="4" slack="0"/>
</pin_list>
<bind>
<opcode="add(8) " fcode="add"/>
<opset="i_5/7 "/>
</bind>
</comp>

<comp id="372" class="1004" name="exitcond_flatten1_fu_372">
<pin_list>
<pin id="373" dir="0" index="0" bw="7" slack="0"/>
<pin id="374" dir="0" index="1" bw="7" slack="0"/>
<pin id="375" dir="1" index="2" bw="1" slack="1"/>
</pin_list>
<bind>
<opcode="icmp(45) " fcode="icmp"/>
<opset="exitcond_flatten1/9 "/>
</bind>
</comp>

<comp id="378" class="1004" name="indvar_flatten_next1_fu_378">
<pin_list>
<pin id="379" dir="0" index="0" bw="7" slack="0"/>
<pin id="380" dir="0" index="1" bw="1" slack="0"/>
<pin id="381" dir="1" index="2" bw="7" slack="0"/>
</pin_list>
<bind>
<opcode="add(8) " fcode="add"/>
<opset="indvar_flatten_next1/9 "/>
</bind>
</comp>

<comp id="384" class="1004" name="j_3_fu_384">
<pin_list>
<pin id="385" dir="0" index="0" bw="4" slack="0"/>
<pin id="386" dir="0" index="1" bw="1" slack="0"/>
<pin id="387" dir="1" index="2" bw="4" slack="0"/>
</pin_list>
<bind>
<opcode="add(8) " fcode="add"/>
<opset="j_3/9 "/>
</bind>
</comp>

<comp id="390" class="1004" name="tmp_4_fu_390">
<pin_list>
<pin id="391" dir="0" index="0" bw="4" slack="0"/>
<pin id="392" dir="0" index="1" bw="4" slack="0"/>
<pin id="393" dir="1" index="2" bw="1" slack="0"/>
</pin_list>
<bind>
<opcode="icmp(45) " fcode="icmp"/>
<opset="tmp_4/9 "/>
</bind>
</comp>

<comp id="396" class="1004" name="i_3_mid2_fu_396">
<pin_list>
<pin id="397" dir="0" index="0" bw="1" slack="0"/>
<pin id="398" dir="0" index="1" bw="1" slack="0"/>
<pin id="399" dir="0" index="2" bw="4" slack="0"/>
<pin id="400" dir="1" index="3" bw="4" slack="0"/>
</pin_list>
<bind>
<opcode="select(49) " fcode="select"/>
<opset="i_3_mid2/9 "/>
</bind>
</comp>

<comp id="404" class="1004" name="j_1_cast2_mid2_v_fu_404">
<pin_list>
<pin id="405" dir="0" index="0" bw="1" slack="0"/>
<pin id="406" dir="0" index="1" bw="4" slack="0"/>
<pin id="407" dir="0" index="2" bw="4" slack="0"/>
<pin id="408" dir="1" index="3" bw="4" slack="0"/>
</pin_list>
<bind>
<opcode="select(49) " fcode="select"/>
<opset="j_1_cast2_mid2_v/9 "/>
</bind>
</comp>

<comp id="412" class="1004" name="j_1_cast2_mid2_cast_fu_412">
<pin_list>
<pin id="413" dir="0" index="0" bw="4" slack="0"/>
<pin id="414" dir="1" index="1" bw="8" slack="0"/>
</pin_list>
<bind>
<opcode="zext(34) " fcode="zext"/>
<opset="j_1_cast2_mid2_cast/9 "/>
</bind>
</comp>

<comp id="416" class="1004" name="tmp_11_fu_416">
<pin_list>
<pin id="417" dir="0" index="0" bw="7" slack="0"/>
<pin id="418" dir="0" index="1" bw="4" slack="0"/>
<pin id="419" dir="0" index="2" bw="1" slack="0"/>
<pin id="420" dir="1" index="3" bw="7" slack="0"/>
</pin_list>
<bind>
<opcode="bitconcatenate(1004) " fcode="bitconcatenate"/>
<opset="tmp_11/9 "/>
</bind>
</comp>

<comp id="424" class="1004" name="tmp_15_cast_fu_424">
<pin_list>
<pin id="425" dir="0" index="0" bw="7" slack="0"/>
<pin id="426" dir="1" index="1" bw="8" slack="0"/>
</pin_list>
<bind>
<opcode="zext(34) " fcode="zext"/>
<opset="tmp_15_cast/9 "/>
</bind>
</comp>

<comp id="428" class="1004" name="tmp_12_fu_428">
<pin_list>
<pin id="429" dir="0" index="0" bw="4" slack="0"/>
<pin id="430" dir="0" index="1" bw="7" slack="0"/>
<pin id="431" dir="1" index="2" bw="8" slack="0"/>
</pin_list>
<bind>
<opcode="add(8) " fcode="add"/>
<opset="tmp_12/9 "/>
</bind>
</comp>

<comp id="434" class="1004" name="tmp_16_cast_fu_434">
<pin_list>
<pin id="435" dir="0" index="0" bw="8" slack="0"/>
<pin id="436" dir="1" index="1" bw="32" slack="0"/>
</pin_list>
<bind>
<opcode="zext(34) " fcode="zext"/>
<opset="tmp_16_cast/9 "/>
</bind>
</comp>

<comp id="439" class="1004" name="i_7_fu_439">
<pin_list>
<pin id="440" dir="0" index="0" bw="4" slack="0"/>
<pin id="441" dir="0" index="1" bw="1" slack="0"/>
<pin id="442" dir="1" index="2" bw="4" slack="0"/>
</pin_list>
<bind>
<opcode="add(8) " fcode="add"/>
<opset="i_7/9 "/>
</bind>
</comp>

<comp id="445" class="1004" name="tmp_8_fu_445">
<pin_list>
<pin id="446" dir="0" index="0" bw="7" slack="0"/>
<pin id="447" dir="0" index="1" bw="4" slack="1"/>
<pin id="448" dir="0" index="2" bw="1" slack="0"/>
<pin id="449" dir="1" index="3" bw="7" slack="0"/>
</pin_list>
<bind>
<opcode="bitconcatenate(1004) " fcode="bitconcatenate"/>
<opset="tmp_8/10 "/>
</bind>
</comp>

<comp id="452" class="1004" name="tmp_12_cast_fu_452">
<pin_list>
<pin id="453" dir="0" index="0" bw="7" slack="0"/>
<pin id="454" dir="1" index="1" bw="8" slack="0"/>
</pin_list>
<bind>
<opcode="zext(34) " fcode="zext"/>
<opset="tmp_12_cast/10 "/>
</bind>
</comp>

<comp id="456" class="1004" name="i_3_cast1_cast_fu_456">
<pin_list>
<pin id="457" dir="0" index="0" bw="4" slack="1"/>
<pin id="458" dir="1" index="1" bw="8" slack="0"/>
</pin_list>
<bind>
<opcode="zext(34) " fcode="zext"/>
<opset="i_3_cast1_cast/10 "/>
</bind>
</comp>

<comp id="459" class="1004" name="tmp_10_fu_459">
<pin_list>
<pin id="460" dir="0" index="0" bw="4" slack="0"/>
<pin id="461" dir="0" index="1" bw="7" slack="0"/>
<pin id="462" dir="1" index="2" bw="8" slack="0"/>
</pin_list>
<bind>
<opcode="add(8) " fcode="add"/>
<opset="tmp_10/10 "/>
</bind>
</comp>

<comp id="465" class="1004" name="tmp_13_cast_fu_465">
<pin_list>
<pin id="466" dir="0" index="0" bw="8" slack="0"/>
<pin id="467" dir="1" index="1" bw="32" slack="0"/>
</pin_list>
<bind>
<opcode="zext(34) " fcode="zext"/>
<opset="tmp_13_cast/10 "/>
</bind>
</comp>

<comp id="470" class="1005" name="tmp_reg_470">
<pin_list>
<pin id="471" dir="0" index="0" bw="1" slack="1"/>
<pin id="472" dir="1" index="1" bw="1" slack="2147483647"/>
</pin_list>
<bind>
<opset="tmp "/>
</bind>
</comp>

<comp id="474" class="1005" name="i_4_reg_474">
<pin_list>
<pin id="475" dir="0" index="0" bw="4" slack="0"/>
<pin id="476" dir="1" index="1" bw="4" slack="0"/>
</pin_list>
<bind>
<opset="i_4 "/>
</bind>
</comp>

<comp id="479" class="1005" name="exitcond_flatten_reg_479">
<pin_list>
<pin id="480" dir="0" index="0" bw="1" slack="1"/>
<pin id="481" dir="1" index="1" bw="1" slack="2147483647"/>
</pin_list>
<bind>
<opset="exitcond_flatten "/>
</bind>
</comp>

<comp id="483" class="1005" name="indvar_flatten_next_reg_483">
<pin_list>
<pin id="484" dir="0" index="0" bw="7" slack="0"/>
<pin id="485" dir="1" index="1" bw="7" slack="0"/>
</pin_list>
<bind>
<opset="indvar_flatten_next "/>
</bind>
</comp>

<comp id="488" class="1005" name="i_1_mid2_reg_488">
<pin_list>
<pin id="489" dir="0" index="0" bw="4" slack="1"/>
<pin id="490" dir="1" index="1" bw="4" slack="1"/>
</pin_list>
<bind>
<opset="i_1_mid2 "/>
</bind>
</comp>

<comp id="493" class="1005" name="j_cast5_mid2_v_reg_493">
<pin_list>
<pin id="494" dir="0" index="0" bw="4" slack="0"/>
<pin id="495" dir="1" index="1" bw="4" slack="0"/>
</pin_list>
<bind>
<opset="j_cast5_mid2_v "/>
</bind>
</comp>

<comp id="499" class="1005" name="row_outbuf_addr_reg_499">
<pin_list>
<pin id="500" dir="0" index="0" bw="6" slack="1"/>
<pin id="501" dir="1" index="1" bw="6" slack="1"/>
</pin_list>
<bind>
<opset="row_outbuf_addr "/>
</bind>
</comp>

<comp id="504" class="1005" name="i_6_reg_504">
<pin_list>
<pin id="505" dir="0" index="0" bw="4" slack="0"/>
<pin id="506" dir="1" index="1" bw="4" slack="0"/>
</pin_list>
<bind>
<opset="i_6 "/>
</bind>
</comp>

<comp id="509" class="1005" name="tmp_9_reg_509">
<pin_list>
<pin id="510" dir="0" index="0" bw="1" slack="1"/>
<pin id="511" dir="1" index="1" bw="1" slack="2147483647"/>
</pin_list>
<bind>
<opset="tmp_9 "/>
</bind>
</comp>

<comp id="513" class="1005" name="i_5_reg_513">
<pin_list>
<pin id="514" dir="0" index="0" bw="4" slack="0"/>
<pin id="515" dir="1" index="1" bw="4" slack="0"/>
</pin_list>
<bind>
<opset="i_5 "/>
</bind>
</comp>

<comp id="518" class="1005" name="exitcond_flatten1_reg_518">
<pin_list>
<pin id="519" dir="0" index="0" bw="1" slack="1"/>
<pin id="520" dir="1" index="1" bw="1" slack="2147483647"/>
</pin_list>
<bind>
<opset="exitcond_flatten1 "/>
</bind>
</comp>

<comp id="522" class="1005" name="indvar_flatten_next1_reg_522">
<pin_list>
<pin id="523" dir="0" index="0" bw="7" slack="0"/>
<pin id="524" dir="1" index="1" bw="7" slack="0"/>
</pin_list>
<bind>
<opset="indvar_flatten_next1 "/>
</bind>
</comp>

<comp id="527" class="1005" name="i_3_mid2_reg_527">
<pin_list>
<pin id="528" dir="0" index="0" bw="4" slack="1"/>
<pin id="529" dir="1" index="1" bw="4" slack="1"/>
</pin_list>
<bind>
<opset="i_3_mid2 "/>
</bind>
</comp>

<comp id="532" class="1005" name="j_1_cast2_mid2_v_reg_532">
<pin_list>
<pin id="533" dir="0" index="0" bw="4" slack="0"/>
<pin id="534" dir="1" index="1" bw="4" slack="0"/>
</pin_list>
<bind>
<opset="j_1_cast2_mid2_v "/>
</bind>
</comp>

<comp id="538" class="1005" name="col_outbuf_addr_reg_538">
<pin_list>
<pin id="539" dir="0" index="0" bw="6" slack="1"/>
<pin id="540" dir="1" index="1" bw="6" slack="1"/>
</pin_list>
<bind>
<opset="col_outbuf_addr "/>
</bind>
</comp>

<comp id="543" class="1005" name="i_7_reg_543">
<pin_list>
<pin id="544" dir="0" index="0" bw="4" slack="0"/>
<pin id="545" dir="1" index="1" bw="4" slack="0"/>
</pin_list>
<bind>
<opset="i_7 "/>
</bind>
</comp>

</comp_list>

<net_list>
<net id="75"><net_src comp="20" pin="0"/><net_sink comp="72" pin=0"/></net>

<net id="79"><net_src comp="20" pin="0"/><net_sink comp="76" pin=0"/></net>

<net id="83"><net_src comp="20" pin="0"/><net_sink comp="80" pin=0"/></net>

<net id="89"><net_src comp="48" pin="0"/><net_sink comp="84" pin=1"/></net>

<net id="94"><net_src comp="84" pin="3"/><net_sink comp="90" pin=0"/></net>

<net id="100"><net_src comp="48" pin="0"/><net_sink comp="95" pin=1"/></net>

<net id="105"><net_src comp="90" pin="2"/><net_sink comp="101" pin=1"/></net>

<net id="106"><net_src comp="95" pin="3"/><net_sink comp="101" pin=0"/></net>

<net id="112"><net_src comp="48" pin="0"/><net_sink comp="107" pin=1"/></net>

<net id="117"><net_src comp="107" pin="3"/><net_sink comp="113" pin=0"/></net>

<net id="123"><net_src comp="2" pin="0"/><net_sink comp="118" pin=0"/></net>

<net id="124"><net_src comp="48" pin="0"/><net_sink comp="118" pin=1"/></net>

<net id="129"><net_src comp="113" pin="2"/><net_sink comp="125" pin=1"/></net>

<net id="130"><net_src comp="118" pin="3"/><net_sink comp="125" pin=0"/></net>

<net id="134"><net_src comp="22" pin="0"/><net_sink comp="131" pin=0"/></net>

<net id="141"><net_src comp="131" pin="1"/><net_sink comp="135" pin=0"/></net>

<net id="142"><net_src comp="135" pin="4"/><net_sink comp="131" pin=0"/></net>

<net id="146"><net_src comp="38" pin="0"/><net_sink comp="143" pin=0"/></net>

<net id="153"><net_src comp="143" pin="1"/><net_sink comp="147" pin=2"/></net>

<net id="157"><net_src comp="22" pin="0"/><net_sink comp="154" pin=0"/></net>

<net id="164"><net_src comp="154" pin="1"/><net_sink comp="158" pin=2"/></net>

<net id="168"><net_src comp="22" pin="0"/><net_sink comp="165" pin=0"/></net>

<net id="175"><net_src comp="165" pin="1"/><net_sink comp="169" pin=2"/></net>

<net id="179"><net_src comp="22" pin="0"/><net_sink comp="176" pin=0"/></net>

<net id="186"><net_src comp="176" pin="1"/><net_sink comp="180" pin=2"/></net>

<net id="187"><net_src comp="180" pin="4"/><net_sink comp="176" pin=0"/></net>

<net id="191"><net_src comp="38" pin="0"/><net_sink comp="188" pin=0"/></net>

<net id="198"><net_src comp="188" pin="1"/><net_sink comp="192" pin=2"/></net>

<net id="202"><net_src comp="22" pin="0"/><net_sink comp="199" pin=0"/></net>

<net id="209"><net_src comp="199" pin="1"/><net_sink comp="203" pin=2"/></net>

<net id="213"><net_src comp="22" pin="0"/><net_sink comp="210" pin=0"/></net>

<net id="220"><net_src comp="210" pin="1"/><net_sink comp="214" pin=2"/></net>

<net id="236"><net_src comp="32" pin="0"/><net_sink comp="221" pin=0"/></net>

<net id="237"><net_src comp="0" pin="0"/><net_sink comp="221" pin=1"/></net>

<net id="238"><net_src comp="135" pin="4"/><net_sink comp="221" pin=2"/></net>

<net id="239"><net_src comp="135" pin="4"/><net_sink comp="221" pin=4"/></net>

<net id="240"><net_src comp="4" pin="0"/><net_sink comp="221" pin=5"/></net>

<net id="241"><net_src comp="6" pin="0"/><net_sink comp="221" pin=6"/></net>

<net id="242"><net_src comp="8" pin="0"/><net_sink comp="221" pin=7"/></net>

<net id="243"><net_src comp="10" pin="0"/><net_sink comp="221" pin=8"/></net>

<net id="244"><net_src comp="12" pin="0"/><net_sink comp="221" pin=9"/></net>

<net id="245"><net_src comp="14" pin="0"/><net_sink comp="221" pin=10"/></net>

<net id="246"><net_src comp="16" pin="0"/><net_sink comp="221" pin=11"/></net>

<net id="247"><net_src comp="18" pin="0"/><net_sink comp="221" pin=12"/></net>

<net id="248"><net_src comp="180" pin="4"/><net_sink comp="221" pin=2"/></net>

<net id="249"><net_src comp="180" pin="4"/><net_sink comp="221" pin=4"/></net>

<net id="254"><net_src comp="135" pin="4"/><net_sink comp="250" pin=0"/></net>

<net id="255"><net_src comp="24" pin="0"/><net_sink comp="250" pin=1"/></net>

<net id="260"><net_src comp="135" pin="4"/><net_sink comp="256" pin=0"/></net>

<net id="261"><net_src comp="30" pin="0"/><net_sink comp="256" pin=1"/></net>

<net id="266"><net_src comp="147" pin="4"/><net_sink comp="262" pin=0"/></net>

<net id="267"><net_src comp="40" pin="0"/><net_sink comp="262" pin=1"/></net>

<net id="272"><net_src comp="147" pin="4"/><net_sink comp="268" pin=0"/></net>

<net id="273"><net_src comp="42" pin="0"/><net_sink comp="268" pin=1"/></net>

<net id="278"><net_src comp="158" pin="4"/><net_sink comp="274" pin=0"/></net>

<net id="279"><net_src comp="30" pin="0"/><net_sink comp="274" pin=1"/></net>

<net id="284"><net_src comp="169" pin="4"/><net_sink comp="280" pin=0"/></net>

<net id="285"><net_src comp="24" pin="0"/><net_sink comp="280" pin=1"/></net>

<net id="291"><net_src comp="280" pin="2"/><net_sink comp="286" pin=0"/></net>

<net id="292"><net_src comp="22" pin="0"/><net_sink comp="286" pin=1"/></net>

<net id="293"><net_src comp="169" pin="4"/><net_sink comp="286" pin=2"/></net>

<net id="299"><net_src comp="280" pin="2"/><net_sink comp="294" pin=0"/></net>

<net id="300"><net_src comp="274" pin="2"/><net_sink comp="294" pin=1"/></net>

<net id="301"><net_src comp="158" pin="4"/><net_sink comp="294" pin=2"/></net>

<net id="305"><net_src comp="294" pin="3"/><net_sink comp="302" pin=0"/></net>

<net id="311"><net_src comp="44" pin="0"/><net_sink comp="306" pin=0"/></net>

<net id="312"><net_src comp="286" pin="3"/><net_sink comp="306" pin=1"/></net>

<net id="313"><net_src comp="46" pin="0"/><net_sink comp="306" pin=2"/></net>

<net id="317"><net_src comp="306" pin="3"/><net_sink comp="314" pin=0"/></net>

<net id="322"><net_src comp="302" pin="1"/><net_sink comp="318" pin=0"/></net>

<net id="323"><net_src comp="314" pin="1"/><net_sink comp="318" pin=1"/></net>

<net id="327"><net_src comp="318" pin="2"/><net_sink comp="324" pin=0"/></net>

<net id="328"><net_src comp="324" pin="1"/><net_sink comp="84" pin=2"/></net>

<net id="333"><net_src comp="286" pin="3"/><net_sink comp="329" pin=0"/></net>

<net id="334"><net_src comp="30" pin="0"/><net_sink comp="329" pin=1"/></net>

<net id="340"><net_src comp="44" pin="0"/><net_sink comp="335" pin=0"/></net>

<net id="341"><net_src comp="46" pin="0"/><net_sink comp="335" pin=2"/></net>

<net id="345"><net_src comp="335" pin="3"/><net_sink comp="342" pin=0"/></net>

<net id="353"><net_src comp="346" pin="1"/><net_sink comp="349" pin=0"/></net>

<net id="354"><net_src comp="342" pin="1"/><net_sink comp="349" pin=1"/></net>

<net id="358"><net_src comp="349" pin="2"/><net_sink comp="355" pin=0"/></net>

<net id="359"><net_src comp="355" pin="1"/><net_sink comp="95" pin=2"/></net>

<net id="364"><net_src comp="180" pin="4"/><net_sink comp="360" pin=0"/></net>

<net id="365"><net_src comp="24" pin="0"/><net_sink comp="360" pin=1"/></net>

<net id="370"><net_src comp="180" pin="4"/><net_sink comp="366" pin=0"/></net>

<net id="371"><net_src comp="30" pin="0"/><net_sink comp="366" pin=1"/></net>

<net id="376"><net_src comp="192" pin="4"/><net_sink comp="372" pin=0"/></net>

<net id="377"><net_src comp="40" pin="0"/><net_sink comp="372" pin=1"/></net>

<net id="382"><net_src comp="192" pin="4"/><net_sink comp="378" pin=0"/></net>

<net id="383"><net_src comp="42" pin="0"/><net_sink comp="378" pin=1"/></net>

<net id="388"><net_src comp="203" pin="4"/><net_sink comp="384" pin=0"/></net>

<net id="389"><net_src comp="30" pin="0"/><net_sink comp="384" pin=1"/></net>

<net id="394"><net_src comp="214" pin="4"/><net_sink comp="390" pin=0"/></net>

<net id="395"><net_src comp="24" pin="0"/><net_sink comp="390" pin=1"/></net>

<net id="401"><net_src comp="390" pin="2"/><net_sink comp="396" pin=0"/></net>

<net id="402"><net_src comp="22" pin="0"/><net_sink comp="396" pin=1"/></net>

<net id="403"><net_src comp="214" pin="4"/><net_sink comp="396" pin=2"/></net>

<net id="409"><net_src comp="390" pin="2"/><net_sink comp="404" pin=0"/></net>

<net id="410"><net_src comp="384" pin="2"/><net_sink comp="404" pin=1"/></net>

<net id="411"><net_src comp="203" pin="4"/><net_sink comp="404" pin=2"/></net>

<net id="415"><net_src comp="404" pin="3"/><net_sink comp="412" pin=0"/></net>

<net id="421"><net_src comp="44" pin="0"/><net_sink comp="416" pin=0"/></net>

<net id="422"><net_src comp="396" pin="3"/><net_sink comp="416" pin=1"/></net>

<net id="423"><net_src comp="46" pin="0"/><net_sink comp="416" pin=2"/></net>

<net id="427"><net_src comp="416" pin="3"/><net_sink comp="424" pin=0"/></net>

<net id="432"><net_src comp="412" pin="1"/><net_sink comp="428" pin=0"/></net>

<net id="433"><net_src comp="424" pin="1"/><net_sink comp="428" pin=1"/></net>

<net id="437"><net_src comp="428" pin="2"/><net_sink comp="434" pin=0"/></net>

<net id="438"><net_src comp="434" pin="1"/><net_sink comp="107" pin=2"/></net>

<net id="443"><net_src comp="396" pin="3"/><net_sink comp="439" pin=0"/></net>

<net id="444"><net_src comp="30" pin="0"/><net_sink comp="439" pin=1"/></net>

<net id="450"><net_src comp="44" pin="0"/><net_sink comp="445" pin=0"/></net>

<net id="451"><net_src comp="46" pin="0"/><net_sink comp="445" pin=2"/></net>

<net id="455"><net_src comp="445" pin="3"/><net_sink comp="452" pin=0"/></net>

<net id="463"><net_src comp="456" pin="1"/><net_sink comp="459" pin=0"/></net>

<net id="464"><net_src comp="452" pin="1"/><net_sink comp="459" pin=1"/></net>

<net id="468"><net_src comp="459" pin="2"/><net_sink comp="465" pin=0"/></net>

<net id="469"><net_src comp="465" pin="1"/><net_sink comp="118" pin=2"/></net>

<net id="473"><net_src comp="250" pin="2"/><net_sink comp="470" pin=0"/></net>

<net id="477"><net_src comp="256" pin="2"/><net_sink comp="474" pin=0"/></net>

<net id="478"><net_src comp="474" pin="1"/><net_sink comp="135" pin=2"/></net>

<net id="482"><net_src comp="262" pin="2"/><net_sink comp="479" pin=0"/></net>

<net id="486"><net_src comp="268" pin="2"/><net_sink comp="483" pin=0"/></net>

<net id="487"><net_src comp="483" pin="1"/><net_sink comp="147" pin=0"/></net>

<net id="491"><net_src comp="286" pin="3"/><net_sink comp="488" pin=0"/></net>

<net id="492"><net_src comp="488" pin="1"/><net_sink comp="346" pin=0"/></net>

<net id="496"><net_src comp="294" pin="3"/><net_sink comp="493" pin=0"/></net>

<net id="497"><net_src comp="493" pin="1"/><net_sink comp="158" pin=0"/></net>

<net id="498"><net_src comp="493" pin="1"/><net_sink comp="335" pin=1"/></net>

<net id="502"><net_src comp="84" pin="3"/><net_sink comp="499" pin=0"/></net>

<net id="503"><net_src comp="499" pin="1"/><net_sink comp="90" pin=0"/></net>

<net id="507"><net_src comp="329" pin="2"/><net_sink comp="504" pin=0"/></net>

<net id="508"><net_src comp="504" pin="1"/><net_sink comp="169" pin=0"/></net>

<net id="512"><net_src comp="360" pin="2"/><net_sink comp="509" pin=0"/></net>

<net id="516"><net_src comp="366" pin="2"/><net_sink comp="513" pin=0"/></net>

<net id="517"><net_src comp="513" pin="1"/><net_sink comp="180" pin=0"/></net>

<net id="521"><net_src comp="372" pin="2"/><net_sink comp="518" pin=0"/></net>

<net id="525"><net_src comp="378" pin="2"/><net_sink comp="522" pin=0"/></net>

<net id="526"><net_src comp="522" pin="1"/><net_sink comp="192" pin=0"/></net>

<net id="530"><net_src comp="396" pin="3"/><net_sink comp="527" pin=0"/></net>

<net id="531"><net_src comp="527" pin="1"/><net_sink comp="456" pin=0"/></net>

<net id="535"><net_src comp="404" pin="3"/><net_sink comp="532" pin=0"/></net>

<net id="536"><net_src comp="532" pin="1"/><net_sink comp="203" pin=0"/></net>

<net id="537"><net_src comp="532" pin="1"/><net_sink comp="445" pin=1"/></net>

<net id="541"><net_src comp="107" pin="3"/><net_sink comp="538" pin=0"/></net>

<net id="542"><net_src comp="538" pin="1"/><net_sink comp="113" pin=0"/></net>

<net id="546"><net_src comp="439" pin="2"/><net_sink comp="543" pin=0"/></net>

<net id="547"><net_src comp="543" pin="1"/><net_sink comp="214" pin=0"/></net>

</net_list>

</model> 
---------------- Datapath Model END ------------------

* FSMD analyzer results:
  - Output states:
	Port: out_block | {10 }
 - Input state : 
	Port: dct_2d : in_block | {2 3 }
	Port: dct_2d : dct_coeff_table_0 | {2 3 7 8 }
	Port: dct_2d : dct_coeff_table_1 | {2 3 7 8 }
	Port: dct_2d : dct_coeff_table_2 | {2 3 7 8 }
	Port: dct_2d : dct_coeff_table_3 | {2 3 7 8 }
	Port: dct_2d : dct_coeff_table_4 | {2 3 7 8 }
	Port: dct_2d : dct_coeff_table_5 | {2 3 7 8 }
	Port: dct_2d : dct_coeff_table_6 | {2 3 7 8 }
	Port: dct_2d : dct_coeff_table_7 | {2 3 7 8 }
  - Chain level:
	State 1
	State 2
		tmp : 1
		i_4 : 1
		StgValue_20 : 2
		StgValue_21 : 1
	State 3
	State 4
		exitcond_flatten : 1
		indvar_flatten_next : 1
		StgValue_31 : 2
		j_2 : 1
		tmp_s : 1
		i_1_mid2 : 2
		j_cast5_mid2_v : 2
		j_cast5_mid2_cast : 3
		tmp_6 : 3
		tmp_8_cast : 4
		tmp_2 : 5
		tmp_10_cast : 6
		row_outbuf_addr : 7
		row_outbuf_load : 8
		i_6 : 3
	State 5
		tmp_4_cast : 1
		tmp_5 : 2
		tmp_5_cast : 3
		col_inbuf_addr : 4
		StgValue_56 : 5
		empty_6 : 1
	State 6
	State 7
		tmp_9 : 1
		i_5 : 1
		StgValue_64 : 2
		StgValue_65 : 1
	State 8
	State 9
		exitcond_flatten1 : 1
		indvar_flatten_next1 : 1
		StgValue_75 : 2
		j_3 : 1
		tmp_4 : 1
		i_3_mid2 : 2
		j_1_cast2_mid2_v : 2
		j_1_cast2_mid2_cast : 3
		tmp_11 : 3
		tmp_15_cast : 4
		tmp_12 : 5
		tmp_16_cast : 6
		col_outbuf_addr : 7
		col_outbuf_load : 8
		i_7 : 3
	State 10
		tmp_12_cast : 1
		tmp_10 : 2
		tmp_13_cast : 3
		out_block_addr : 4
		StgValue_100 : 5
		empty_9 : 1
	State 11


============================================================
+ Verbose Summary: Datapath Resource usage 
============================================================

* Functional unit list:
|----------|-----------------------------|---------|---------|---------|---------|
| Operation|       Functional Unit       |  DSP48E |  Delay  |    FF   |   LUT   |
|----------|-----------------------------|---------|---------|---------|---------|
|   call   |      grp_dct_1d2_fu_221     |    8    |  21.994 |   483   |   170   |
|----------|-----------------------------|---------|---------|---------|---------|
|          |          i_4_fu_256         |    0    |    0    |    0    |    4    |
|          |  indvar_flatten_next_fu_268 |    0    |    0    |    0    |    7    |
|          |          j_2_fu_274         |    0    |    0    |    0    |    4    |
|          |         tmp_2_fu_318        |    0    |    0    |    0    |    7    |
|          |          i_6_fu_329         |    0    |    0    |    0    |    4    |
|    add   |         tmp_5_fu_349        |    0    |    0    |    0    |    7    |
|          |          i_5_fu_366         |    0    |    0    |    0    |    4    |
|          | indvar_flatten_next1_fu_378 |    0    |    0    |    0    |    7    |
|          |          j_3_fu_384         |    0    |    0    |    0    |    4    |
|          |        tmp_12_fu_428        |    0    |    0    |    0    |    7    |
|          |          i_7_fu_439         |    0    |    0    |    0    |    4    |
|          |        tmp_10_fu_459        |    0    |    0    |    0    |    7    |
|----------|-----------------------------|---------|---------|---------|---------|
|          |       i_1_mid2_fu_286       |    0    |    0    |    0    |    4    |
|  select  |    j_cast5_mid2_v_fu_294    |    0    |    0    |    0    |    4    |
|          |       i_3_mid2_fu_396       |    0    |    0    |    0    |    4    |
|          |   j_1_cast2_mid2_v_fu_404   |    0    |    0    |    0    |    4    |
|----------|-----------------------------|---------|---------|---------|---------|
|          |          tmp_fu_250         |    0    |    0    |    0    |    2    |
|          |   exitcond_flatten_fu_262   |    0    |    0    |    0    |    3    |
|   icmp   |         tmp_s_fu_280        |    0    |    0    |    0    |    2    |
|          |         tmp_9_fu_360        |    0    |    0    |    0    |    2    |
|          |   exitcond_flatten1_fu_372  |    0    |    0    |    0    |    3    |
|          |         tmp_4_fu_390        |    0    |    0    |    0    |    2    |
|----------|-----------------------------|---------|---------|---------|---------|
|          |   j_cast5_mid2_cast_fu_302  |    0    |    0    |    0    |    0    |
|          |      tmp_8_cast_fu_314      |    0    |    0    |    0    |    0    |
|          |      tmp_10_cast_fu_324     |    0    |    0    |    0    |    0    |
|          |      tmp_4_cast_fu_342      |    0    |    0    |    0    |    0    |
|          |    i_1_cast4_cast_fu_346    |    0    |    0    |    0    |    0    |
|   zext   |      tmp_5_cast_fu_355      |    0    |    0    |    0    |    0    |
|          |  j_1_cast2_mid2_cast_fu_412 |    0    |    0    |    0    |    0    |
|          |      tmp_15_cast_fu_424     |    0    |    0    |    0    |    0    |
|          |      tmp_16_cast_fu_434     |    0    |    0    |    0    |    0    |
|          |      tmp_12_cast_fu_452     |    0    |    0    |    0    |    0    |
|          |    i_3_cast1_cast_fu_456    |    0    |    0    |    0    |    0    |
|          |      tmp_13_cast_fu_465     |    0    |    0    |    0    |    0    |
|----------|-----------------------------|---------|---------|---------|---------|
|          |         tmp_6_fu_306        |    0    |    0    |    0    |    0    |
|bitconcatenate|         tmp_1_fu_335        |    0    |    0    |    0    |    0    |
|          |        tmp_11_fu_416        |    0    |    0    |    0    |    0    |
|          |         tmp_8_fu_445        |    0    |    0    |    0    |    0    |
|----------|-----------------------------|---------|---------|---------|---------|
|   Total  |                             |    8    |  21.994 |   483   |   266   |
|----------|-----------------------------|---------|---------|---------|---------|

Memories:
+----------+--------+--------+--------+
|          |  BRAM  |   FF   |   LUT  |
+----------+--------+--------+--------+
| col_inbuf|    1   |    0   |    0   |
|col_outbuf|    1   |    0   |    0   |
|row_outbuf|    1   |    0   |    0   |
+----------+--------+--------+--------+
|   Total  |    3   |    0   |    0   |
+----------+--------+--------+--------+

* Register list:
+----------------------------+--------+
|                            |   FF   |
+----------------------------+--------+
|   col_outbuf_addr_reg_538  |    6   |
|  exitcond_flatten1_reg_518 |    1   |
|  exitcond_flatten_reg_479  |    1   |
|      i_1_mid2_reg_488      |    4   |
|         i_1_reg_165        |    4   |
|         i_2_reg_176        |    4   |
|      i_3_mid2_reg_527      |    4   |
|         i_3_reg_210        |    4   |
|         i_4_reg_474        |    4   |
|         i_5_reg_513        |    4   |
|         i_6_reg_504        |    4   |
|         i_7_reg_543        |    4   |
|          i_reg_131         |    4   |
|   indvar_flatten1_reg_188  |    7   |
|indvar_flatten_next1_reg_522|    7   |
| indvar_flatten_next_reg_483|    7   |
|   indvar_flatten_reg_143   |    7   |
|  j_1_cast2_mid2_v_reg_532  |    4   |
|         j_1_reg_199        |    4   |
|   j_cast5_mid2_v_reg_493   |    4   |
|          j_reg_154         |    4   |
|   row_outbuf_addr_reg_499  |    6   |
|        tmp_9_reg_509       |    1   |
|         tmp_reg_470        |    1   |
+----------------------------+--------+
|            Total           |   100  |
+----------------------------+--------+

* Multiplexer (MUX) list: 
|--------------------|------|------|------|--------||---------||---------|
|        Comp        |  Pin | Size |  BW  | S x BW ||  Delay  ||   LUT   |
|--------------------|------|------|------|--------||---------||---------|
|  grp_access_fu_90  |  p0  |   2  |   6  |   12   ||    6    |
|  grp_access_fu_113 |  p0  |   2  |   6  |   12   ||    6    |
|      i_reg_131     |  p0  |   2  |   4  |    8   ||    4    |
|     i_2_reg_176    |  p0  |   2  |   4  |    8   ||    4    |
| grp_dct_1d2_fu_221 |  p2  |   2  |   4  |    8   ||    4    |
| grp_dct_1d2_fu_221 |  p4  |   2  |   4  |    8   ||    4    |
|--------------------|------|------|------|--------||---------||---------|
|        Total       |      |      |      |   56   ||  9.426  ||    28   |
|--------------------|------|------|------|--------||---------||---------|



* Summary:
+-----------+--------+--------+--------+--------+--------+
|           |  BRAM  | DSP48E |  Delay |   FF   |   LUT  |
+-----------+--------+--------+--------+--------+--------+
|  Function |    -   |    8   |   21   |   483  |   266  |
|   Memory  |    3   |    -   |    -   |    0   |    0   |
|Multiplexer|    -   |    -   |    9   |    -   |   28   |
|  Register |    -   |    -   |    -   |   100  |    -   |
+-----------+--------+--------+--------+--------+--------+
|   Total   |    3   |    8   |   31   |   583  |   294  |
+-----------+--------+--------+--------+--------+--------+
