

================================================================
== Vivado HLS Report for 'write_data'
================================================================
* Date:           Wed Apr 26 22:35:37 2017

* Version:        2016.3 (Build 1682563 on Mon Oct 10 19:41:59 MDT 2016)
* Project:        dct.prj
* Solution:       solution6
* Product family: zynq
* Target device:  xc7z020clg484-1


================================================================
== Performance Estimates
================================================================
+ Timing (ns): 
    * Summary: 
    +--------+-------+----------+------------+
    |  Clock | Target| Estimated| Uncertainty|
    +--------+-------+----------+------------+
    |ap_clk  |  10.00|      7.68|        1.25|
    +--------+-------+----------+------------+

+ Latency (clock cycles): 
    * Summary: 
    +-----+-----+-----+-----+---------+
    |  Latency  |  Interval | Pipeline|
    | min | max | min | max |   Type  |
    +-----+-----+-----+-----+---------+
    |   66|   66|   66|   66|   none  |
    +-----+-----+-----+-----+---------+

    + Detail: 
        * Instance: 
        N/A

        * Loop: 
        +---------------------------+-----+-----+----------+-----------+-----------+------+----------+
        |                           |  Latency  | Iteration|  Initiation Interval  | Trip |          |
        |         Loop Name         | min | max |  Latency |  achieved |   target  | Count| Pipelined|
        +---------------------------+-----+-----+----------+-----------+-----------+------+----------+
        |- WR_Loop_Row_WR_Loop_Col  |   64|   64|         2|          1|          1|    64|    yes   |
        +---------------------------+-----+-----+----------+-----------+-----------+------+----------+



================================================================
== Utilization Estimates
================================================================
* Summary: 
+-----------------+---------+-------+--------+-------+
|       Name      | BRAM_18K| DSP48E|   FF   |  LUT  |
+-----------------+---------+-------+--------+-------+
|DSP              |        -|      -|       -|      -|
|Expression       |        -|      -|       0|     42|
|FIFO             |        -|      -|       -|      -|
|Instance         |        -|      -|       -|      -|
|Memory           |        -|      -|       -|      -|
|Multiplexer      |        -|      -|       -|     20|
|Register         |        -|      -|      32|      -|
+-----------------+---------+-------+--------+-------+
|Total            |        0|      0|      32|     62|
+-----------------+---------+-------+--------+-------+
|Available        |      280|    220|  106400|  53200|
+-----------------+---------+-------+--------+-------+
|Utilization (%)  |        0|      0|   ~0   |   ~0  |
+-----------------+---------+-------+--------+-------+

+ Detail: 
    * Instance: 
    N/A

    * DSP48: 
    N/A

    * Memory: 
    N/A

    * FIFO: 
    N/A

    * Expression: 
    +-------------------------------+----------+-------+---+----+------------+------------+
    |         Variable Name         | Operation| DSP48E| FF| LUT| Bitwidth P0| Bitwidth P1|
    +-------------------------------+----------+-------+---+----+------------+------------+
    |c_1_fu_193_p2                  |     +    |      0|  0|   4|           1|           4|
    |indvar_flatten_next_fu_110_p2  |     +    |      0|  0|   7|           7|           1|
    |r_1_fu_116_p2                  |     +    |      0|  0|   4|           1|           4|
    |sum3_fu_187_p2                 |     +    |      0|  0|   6|           6|           6|
    |tmp_4_fu_176_p2                |     +    |      0|  0|   8|           8|           8|
    |exitcond2_fu_122_p2            |   icmp   |      0|  0|   2|           4|           5|
    |exitcond_flatten_fu_104_p2     |   icmp   |      0|  0|   3|           7|           8|
    |c_mid2_fu_128_p3               |  select  |      0|  0|   4|           1|           1|
    |r_cast8_mid2_v_fu_136_p3       |  select  |      0|  0|   4|           1|           4|
    +-------------------------------+----------+-------+---+----+------------+------------+
    |Total                          |          |      0|  0|  42|          36|          41|
    +-------------------------------+----------+-------+---+----+------------+------------+

    * Multiplexer: 
    +-----------------------+----+-----------+-----+-----------+
    |          Name         | LUT| Input Size| Bits| Total Bits|
    +-----------------------+----+-----------+-----+-----------+
    |ap_NS_fsm              |   1|          4|    1|          4|
    |c_reg_93               |   4|          2|    4|          8|
    |indvar_flatten_reg_71  |   7|          2|    7|         14|
    |r_phi_fu_86_p4         |   4|          2|    4|          8|
    |r_reg_82               |   4|          2|    4|          8|
    +-----------------------+----+-----------+-----+-----------+
    |Total                  |  20|         12|   20|         42|
    +-----------------------+----+-----------+-----+-----------+

    * Register: 
    +--------------------------+---+----+-----+-----------+
    |           Name           | FF| LUT| Bits| Const Bits|
    +--------------------------+---+----+-----+-----------+
    |ap_CS_fsm                 |  3|   0|    3|          0|
    |ap_done_reg               |  1|   0|    1|          0|
    |ap_enable_reg_pp0_iter0   |  1|   0|    1|          0|
    |ap_enable_reg_pp0_iter1   |  1|   0|    1|          0|
    |c_reg_93                  |  4|   0|    4|          0|
    |exitcond_flatten_reg_203  |  1|   0|    1|          0|
    |indvar_flatten_reg_71     |  7|   0|    7|          0|
    |r_cast8_mid2_v_reg_212    |  4|   0|    4|          0|
    |r_reg_82                  |  4|   0|    4|          0|
    |sum3_reg_222              |  6|   0|    6|          0|
    +--------------------------+---+----+-----+-----------+
    |Total                     | 32|   0|   32|          0|
    +--------------------------+---+----+-----+-----------+



================================================================
== Interface
================================================================
* Summary: 
+-------------------+-----+-----+------------+--------------+--------------+
|     RTL Ports     | Dir | Bits|  Protocol  | Source Object|    C Type    |
+-------------------+-----+-----+------------+--------------+--------------+
|ap_clk             |  in |    1| ap_ctrl_hs |  write_data  | return value |
|ap_rst             |  in |    1| ap_ctrl_hs |  write_data  | return value |
|ap_start           |  in |    1| ap_ctrl_hs |  write_data  | return value |
|ap_done            | out |    1| ap_ctrl_hs |  write_data  | return value |
|ap_continue        |  in |    1| ap_ctrl_hs |  write_data  | return value |
|ap_idle            | out |    1| ap_ctrl_hs |  write_data  | return value |
|ap_ready           | out |    1| ap_ctrl_hs |  write_data  | return value |
|buf_r_address0     | out |    6|  ap_memory |     buf_r    |     array    |
|buf_r_ce0          | out |    1|  ap_memory |     buf_r    |     array    |
|buf_r_q0           |  in |   16|  ap_memory |     buf_r    |     array    |
|output_r_address0  | out |    6|  ap_memory |   output_r   |     array    |
|output_r_ce0       | out |    1|  ap_memory |   output_r   |     array    |
|output_r_we0       | out |    1|  ap_memory |   output_r   |     array    |
|output_r_d0        | out |   16|  ap_memory |   output_r   |     array    |
+-------------------+-----+-----+------------+--------------+--------------+

